<?xml version="1.0" encoding="UTF-8"?>
<testsuites>
	<testsuite errors="1" failures="11" name="test_MLP_Default_Scikit.test_MLP_Default_Scikit-20180814171053" skipped="0" tests="70" time="224.630" timestamp="2018-08-15T02:20:59">
		<testcase classname="test_MLP_Default_Scikit.test_MLP_Default_Scikit" name="test_Bias" time="0.780" timestamp="2018-08-15T02:17:15"/>
		<testcase classname="test_MLP_Default_Scikit.test_MLP_Default_Scikit" name="test_Const_UNBALANCE" time="0.485" timestamp="2018-08-15T02:17:18"/>
		<testcase classname="test_MLP_Default_Scikit.test_MLP_Default_Scikit" name="test_DisjointCategorical" time="0.831" timestamp="2018-08-15T02:17:19"/>
		<testcase classname="test_MLP_Default_Scikit.test_MLP_Default_Scikit" name="test_DisjointNumeric" time="0.758" timestamp="2018-08-15T02:17:20"/>
		<testcase classname="test_MLP_Default_Scikit.test_MLP_Default_Scikit" name="test_LeftSkew" time="0.731" timestamp="2018-08-15T02:17:20"/>
		<testcase classname="test_MLP_Default_Scikit.test_MLP_Default_Scikit" name="test_MaxDouble" time="1.164" timestamp="2018-08-15T02:20:10"/>
		<testcase classname="test_MLP_Default_Scikit.test_MLP_Default_Scikit" name="test_MaxFloat" time="0.091" timestamp="2018-08-15T02:20:10"/>
		<testcase classname="test_MLP_Default_Scikit.test_MLP_Default_Scikit" name="test_MinDouble" time="0.196" timestamp="2018-08-15T02:20:11"/>
		<testcase classname="test_MLP_Default_Scikit.test_MLP_Default_Scikit" name="test_MinFloat" time="0.197" timestamp="2018-08-15T02:20:11"/>
		<testcase classname="test_MLP_Default_Scikit.test_MLP_Default_Scikit" name="test_OneClass" time="0.718" timestamp="2018-08-15T02:20:11"/>
		<testcase classname="test_MLP_Default_Scikit.test_MLP_Default_Scikit" name="test_Opposite_CATEGORICAL" time="1.568" timestamp="2018-08-15T02:20:13"/>
		<testcase classname="test_MLP_Default_Scikit.test_MLP_Default_Scikit" name="test_Opposite_RANDCAT" time="1.551" timestamp="2018-08-15T02:20:17"/>
		<testcase classname="test_MLP_Default_Scikit.test_MLP_Default_Scikit" name="test_Opposite_UNBALANCE" time="0.360" timestamp="2018-08-15T02:20:18"/>
		<testcase classname="test_MLP_Default_Scikit.test_MLP_Default_Scikit" name="test_Opposite_UNIFORM" time="1.411" timestamp="2018-08-15T02:20:19"/>
		<testcase classname="test_MLP_Default_Scikit.test_MLP_Default_Scikit" name="test_Opposite_WEATHERNOMINAL" time="0.311" timestamp="2018-08-15T02:20:19"/>
		<testcase classname="test_MLP_Default_Scikit.test_MLP_Default_Scikit" name="test_Outlier" time="0.287" timestamp="2018-08-15T02:20:20"/>
		<testcase classname="test_MLP_Default_Scikit.test_MLP_Default_Scikit" name="test_RandomCategorial" time="0.683" timestamp="2018-08-15T02:20:20"/>
		<testcase classname="test_MLP_Default_Scikit.test_MLP_Default_Scikit" name="test_RandomNumeric" time="0.727" timestamp="2018-08-15T02:20:21"/>
		<testcase classname="test_MLP_Default_Scikit.test_MLP_Default_Scikit" name="test_Rename_CATEGORICAL" time="1.543" timestamp="2018-08-15T02:20:23"/>
		<testcase classname="test_MLP_Default_Scikit.test_MLP_Default_Scikit" name="test_Rename_CREDITG" time="0.592" timestamp="2018-08-15T02:20:23"/>
		<testcase classname="test_MLP_Default_Scikit.test_MLP_Default_Scikit" name="test_Rename_IONOSPHERE" time="1.508" timestamp="2018-08-15T02:20:25"/>
		<testcase classname="test_MLP_Default_Scikit.test_MLP_Default_Scikit" name="test_Rename_RANDCAT" time="1.570" timestamp="2018-08-15T02:20:26"/>
		<testcase classname="test_MLP_Default_Scikit.test_MLP_Default_Scikit" name="test_Rename_RANDNUM" time="1.404" timestamp="2018-08-15T02:20:28"/>
		<testcase classname="test_MLP_Default_Scikit.test_MLP_Default_Scikit" name="test_Rename_UNBALANCE" time="0.495" timestamp="2018-08-15T02:20:28"/>
		<testcase classname="test_MLP_Default_Scikit.test_MLP_Default_Scikit" name="test_Rename_UNIFORM" time="1.448" timestamp="2018-08-15T02:20:30"/>
		<testcase classname="test_MLP_Default_Scikit.test_MLP_Default_Scikit" name="test_Rename_WEATHERNOMINAL" time="0.316" timestamp="2018-08-15T02:20:30"/>
		<testcase classname="test_MLP_Default_Scikit.test_MLP_Default_Scikit" name="test_Rename_WEATHERNUMERIC" time="0.040" timestamp="2018-08-15T02:20:30"/>
		<testcase classname="test_MLP_Default_Scikit.test_MLP_Default_Scikit" name="test_Reorder_CATEGORICAL" time="1.558" timestamp="2018-08-15T02:20:32"/>
		<testcase classname="test_MLP_Default_Scikit.test_MLP_Default_Scikit" name="test_Reorder_RANDCAT" time="1.573" timestamp="2018-08-15T02:20:35"/>
		<testcase classname="test_MLP_Default_Scikit.test_MLP_Default_Scikit" name="test_Reorder_UNBALANCE" time="0.503" timestamp="2018-08-15T02:20:36"/>
		<testcase classname="test_MLP_Default_Scikit.test_MLP_Default_Scikit" name="test_Reorder_UNIFORM" time="1.389" timestamp="2018-08-15T02:20:38"/>
		<testcase classname="test_MLP_Default_Scikit.test_MLP_Default_Scikit" name="test_Reorder_WEATHERNOMINAL" time="0.321" timestamp="2018-08-15T02:20:38"/>
		<testcase classname="test_MLP_Default_Scikit.test_MLP_Default_Scikit" name="test_Reorder_WEATHERNUMERIC" time="0.038" timestamp="2018-08-15T02:20:38"/>
		<testcase classname="test_MLP_Default_Scikit.test_MLP_Default_Scikit" name="test_RightSkew" time="0.730" timestamp="2018-08-15T02:20:39"/>
		<testcase classname="test_MLP_Default_Scikit.test_MLP_Default_Scikit" name="test_Same_CATEGORICAL" time="1.565" timestamp="2018-08-15T02:20:40"/>
		<testcase classname="test_MLP_Default_Scikit.test_MLP_Default_Scikit" name="test_Same_CREDITG" time="0.598" timestamp="2018-08-15T02:20:41"/>
		<testcase classname="test_MLP_Default_Scikit.test_MLP_Default_Scikit" name="test_Same_IONOSPHERE" time="1.545" timestamp="2018-08-15T02:20:42"/>
		<testcase classname="test_MLP_Default_Scikit.test_MLP_Default_Scikit" name="test_Same_RANDCAT" time="1.573" timestamp="2018-08-15T02:20:44"/>
		<testcase classname="test_MLP_Default_Scikit.test_MLP_Default_Scikit" name="test_Same_RANDNUM" time="1.438" timestamp="2018-08-15T02:20:45"/>
		<testcase classname="test_MLP_Default_Scikit.test_MLP_Default_Scikit" name="test_Same_UNBALANCE" time="0.495" timestamp="2018-08-15T02:20:46"/>
		<testcase classname="test_MLP_Default_Scikit.test_MLP_Default_Scikit" name="test_Same_UNIFORM" time="1.399" timestamp="2018-08-15T02:20:47"/>
		<testcase classname="test_MLP_Default_Scikit.test_MLP_Default_Scikit" name="test_Same_WEATHERNOMINAL" time="0.323" timestamp="2018-08-15T02:20:48"/>
		<testcase classname="test_MLP_Default_Scikit.test_MLP_Default_Scikit" name="test_Same_WEATHERNUMERIC" time="0.039" timestamp="2018-08-15T02:20:48"/>
		<testcase classname="test_MLP_Default_Scikit.test_MLP_Default_Scikit" name="test_Scramble_CATEGORICAL" time="1.591" timestamp="2018-08-15T02:20:49"/>
		<testcase classname="test_MLP_Default_Scikit.test_MLP_Default_Scikit" name="test_Scramble_IONOSPHERE" time="1.683" timestamp="2018-08-15T02:20:51"/>
		<testcase classname="test_MLP_Default_Scikit.test_MLP_Default_Scikit" name="test_Scramble_RANDCAT" time="1.583" timestamp="2018-08-15T02:20:53"/>
		<testcase classname="test_MLP_Default_Scikit.test_MLP_Default_Scikit" name="test_Scramble_RANDNUM" time="1.396" timestamp="2018-08-15T02:20:54"/>
		<testcase classname="test_MLP_Default_Scikit.test_MLP_Default_Scikit" name="test_Scramble_UNBALANCE" time="0.440" timestamp="2018-08-15T02:20:55"/>
		<testcase classname="test_MLP_Default_Scikit.test_MLP_Default_Scikit" name="test_Scramble_UNIFORM" time="1.379" timestamp="2018-08-15T02:20:56"/>
		<testcase classname="test_MLP_Default_Scikit.test_MLP_Default_Scikit" name="test_Scramble_WEATHERNOMINAL" time="0.328" timestamp="2018-08-15T02:20:57"/>
		<testcase classname="test_MLP_Default_Scikit.test_MLP_Default_Scikit" name="test_Scramble_WEATHERNUMERIC" time="0.046" timestamp="2018-08-15T02:20:57"/>
		<testcase classname="test_MLP_Default_Scikit.test_MLP_Default_Scikit" name="test_Split" time="0.313" timestamp="2018-08-15T02:20:57"/>
		<testcase classname="test_MLP_Default_Scikit.test_MLP_Default_Scikit" name="test_StarvedBinary" time="0.235" timestamp="2018-08-15T02:20:57"/>
		<testcase classname="test_MLP_Default_Scikit.test_MLP_Default_Scikit" name="test_StarvedMany" time="0.857" timestamp="2018-08-15T02:20:58"/>
		<testcase classname="test_MLP_Default_Scikit.test_MLP_Default_Scikit" name="test_Uniform" time="0.741" timestamp="2018-08-15T02:20:59"/>
		<testcase classname="test_MLP_Default_Scikit.test_MLP_Default_Scikit" name="test_VeryLarge" time="0.115" timestamp="2018-08-15T02:20:59"/>
		<testcase classname="test_MLP_Default_Scikit.test_MLP_Default_Scikit" name="test_VerySmall" time="0.192" timestamp="2018-08-15T02:20:59"/>
		<testcase classname="test_MLP_Default_Scikit.test_MLP_Default_Scikit" name="test_Zeroes" time="0.197" timestamp="2018-08-15T02:20:59"/>
		<testcase classname="test_MLP_Default_Scikit.test_MLP_Default_Scikit" name="test_Const_IONOSPHERE" time="1.543" timestamp="2018-08-15T02:17:17">
			<failure message="False is not true" type="AssertionError">
<![CDATA[Traceback (most recent call last):
  File "C:\Users\sherbold\git\atoml\testres\scikittests\test_MLP_Default_Scikit.py", line 44, in wrap
    raise it.exception
  File "C:\Users\sherbold\git\atoml\testres\scikittests\test_MLP_Default_Scikit.py", line 32, in run
    self.result = func(*self.args, **self.kwargs)
  File "C:\Users\sherbold\git\atoml\testres\scikittests\test_MLP_Default_Scikit.py", line 151, in test_Const_IONOSPHERE
    self.assertTrue((prediction_original==prediction_morph).all())
AssertionError: False is not true
]]>			</failure>
		</testcase>
		<testcase classname="test_MLP_Default_Scikit.test_MLP_Default_Scikit" name="test_Const_RANDNUM" time="0.179" timestamp="2018-08-15T02:17:17">
			<failure message="False is not true" type="AssertionError">
<![CDATA[Traceback (most recent call last):
  File "C:\Users\sherbold\git\atoml\testres\scikittests\test_MLP_Default_Scikit.py", line 44, in wrap
    raise it.exception
  File "C:\Users\sherbold\git\atoml\testres\scikittests\test_MLP_Default_Scikit.py", line 32, in run
    self.result = func(*self.args, **self.kwargs)
  File "C:\Users\sherbold\git\atoml\testres\scikittests\test_MLP_Default_Scikit.py", line 83, in test_Const_RANDNUM
    self.assertTrue((prediction_original==prediction_morph).all())
AssertionError: False is not true
]]>			</failure>
		</testcase>
		<testcase classname="test_MLP_Default_Scikit.test_MLP_Default_Scikit" name="test_Const_UNIFORM" time="0.295" timestamp="2018-08-15T02:17:18">
			<failure message="False is not true" type="AssertionError">
<![CDATA[Traceback (most recent call last):
  File "C:\Users\sherbold\git\atoml\testres\scikittests\test_MLP_Default_Scikit.py", line 44, in wrap
    raise it.exception
  File "C:\Users\sherbold\git\atoml\testres\scikittests\test_MLP_Default_Scikit.py", line 32, in run
    self.result = func(*self.args, **self.kwargs)
  File "C:\Users\sherbold\git\atoml\testres\scikittests\test_MLP_Default_Scikit.py", line 117, in test_Const_UNIFORM
    self.assertTrue((prediction_original==prediction_morph).all())
AssertionError: False is not true
]]>			</failure>
		</testcase>
		<testcase classname="test_MLP_Default_Scikit.test_MLP_Default_Scikit" name="test_Opposite_CREDITG" time="0.444" timestamp="2018-08-15T02:20:13">
			<failure message="True is not false" type="AssertionError">
<![CDATA[Traceback (most recent call last):
  File "C:\Users\sherbold\git\atoml\testres\scikittests\test_MLP_Default_Scikit.py", line 44, in wrap
    raise it.exception
  File "C:\Users\sherbold\git\atoml\testres\scikittests\test_MLP_Default_Scikit.py", line 32, in run
    self.result = func(*self.args, **self.kwargs)
  File "C:\Users\sherbold\git\atoml\testres\scikittests\test_MLP_Default_Scikit.py", line 355, in test_Opposite_CREDITG
    self.assertFalse((prediction_original==prediction_morph).any())
AssertionError: True is not false
]]>			</failure>
		</testcase>
		<testcase classname="test_MLP_Default_Scikit.test_MLP_Default_Scikit" name="test_Opposite_IONOSPHERE" time="1.695" timestamp="2018-08-15T02:20:15">
			<failure message="True is not false" type="AssertionError">
<![CDATA[Traceback (most recent call last):
  File "C:\Users\sherbold\git\atoml\testres\scikittests\test_MLP_Default_Scikit.py", line 44, in wrap
    raise it.exception
  File "C:\Users\sherbold\git\atoml\testres\scikittests\test_MLP_Default_Scikit.py", line 32, in run
    self.result = func(*self.args, **self.kwargs)
  File "C:\Users\sherbold\git\atoml\testres\scikittests\test_MLP_Default_Scikit.py", line 389, in test_Opposite_IONOSPHERE
    self.assertFalse((prediction_original==prediction_morph).any())
AssertionError: True is not false
]]>			</failure>
		</testcase>
		<testcase classname="test_MLP_Default_Scikit.test_MLP_Default_Scikit" name="test_Opposite_RANDNUM" time="0.550" timestamp="2018-08-15T02:20:17">
			<failure message="True is not false" type="AssertionError">
<![CDATA[Traceback (most recent call last):
  File "C:\Users\sherbold\git\atoml\testres\scikittests\test_MLP_Default_Scikit.py", line 44, in wrap
    raise it.exception
  File "C:\Users\sherbold\git\atoml\testres\scikittests\test_MLP_Default_Scikit.py", line 32, in run
    self.result = func(*self.args, **self.kwargs)
  File "C:\Users\sherbold\git\atoml\testres\scikittests\test_MLP_Default_Scikit.py", line 219, in test_Opposite_RANDNUM
    self.assertFalse((prediction_original==prediction_morph).any())
AssertionError: True is not false
]]>			</failure>
		</testcase>
		<testcase classname="test_MLP_Default_Scikit.test_MLP_Default_Scikit" name="test_Opposite_WEATHERNUMERIC" time="0.043" timestamp="2018-08-15T02:20:19">
			<failure message="True is not false" type="AssertionError">
<![CDATA[Traceback (most recent call last):
  File "C:\Users\sherbold\git\atoml\testres\scikittests\test_MLP_Default_Scikit.py", line 44, in wrap
    raise it.exception
  File "C:\Users\sherbold\git\atoml\testres\scikittests\test_MLP_Default_Scikit.py", line 32, in run
    self.result = func(*self.args, **self.kwargs)
  File "C:\Users\sherbold\git\atoml\testres\scikittests\test_MLP_Default_Scikit.py", line 491, in test_Opposite_WEATHERNUMERIC
    self.assertFalse((prediction_original==prediction_morph).any())
AssertionError: True is not false
]]>			</failure>
		</testcase>
		<testcase classname="test_MLP_Default_Scikit.test_MLP_Default_Scikit" name="test_Reorder_CREDITG" time="0.598" timestamp="2018-08-15T02:20:32">
			<failure message="False is not true" type="AssertionError">
<![CDATA[Traceback (most recent call last):
  File "C:\Users\sherbold\git\atoml\testres\scikittests\test_MLP_Default_Scikit.py", line 44, in wrap
    raise it.exception
  File "C:\Users\sherbold\git\atoml\testres\scikittests\test_MLP_Default_Scikit.py", line 32, in run
    self.result = func(*self.args, **self.kwargs)
  File "C:\Users\sherbold\git\atoml\testres\scikittests\test_MLP_Default_Scikit.py", line 967, in test_Reorder_CREDITG
    self.assertTrue((prediction_original==prediction_morph).all())
AssertionError: False is not true
]]>			</failure>
		</testcase>
		<testcase classname="test_MLP_Default_Scikit.test_MLP_Default_Scikit" name="test_Reorder_IONOSPHERE" time="1.619" timestamp="2018-08-15T02:20:34">
			<failure message="False is not true" type="AssertionError">
<![CDATA[Traceback (most recent call last):
  File "C:\Users\sherbold\git\atoml\testres\scikittests\test_MLP_Default_Scikit.py", line 44, in wrap
    raise it.exception
  File "C:\Users\sherbold\git\atoml\testres\scikittests\test_MLP_Default_Scikit.py", line 32, in run
    self.result = func(*self.args, **self.kwargs)
  File "C:\Users\sherbold\git\atoml\testres\scikittests\test_MLP_Default_Scikit.py", line 1001, in test_Reorder_IONOSPHERE
    self.assertTrue((prediction_original==prediction_morph).all())
AssertionError: False is not true
]]>			</failure>
		</testcase>
		<testcase classname="test_MLP_Default_Scikit.test_MLP_Default_Scikit" name="test_Reorder_RANDNUM" time="0.294" timestamp="2018-08-15T02:20:36">
			<failure message="False is not true" type="AssertionError">
<![CDATA[Traceback (most recent call last):
  File "C:\Users\sherbold\git\atoml\testres\scikittests\test_MLP_Default_Scikit.py", line 44, in wrap
    raise it.exception
  File "C:\Users\sherbold\git\atoml\testres\scikittests\test_MLP_Default_Scikit.py", line 32, in run
    self.result = func(*self.args, **self.kwargs)
  File "C:\Users\sherbold\git\atoml\testres\scikittests\test_MLP_Default_Scikit.py", line 831, in test_Reorder_RANDNUM
    self.assertTrue((prediction_original==prediction_morph).all())
AssertionError: False is not true
]]>			</failure>
		</testcase>
		<testcase classname="test_MLP_Default_Scikit.test_MLP_Default_Scikit" name="test_Scramble_CREDITG" time="0.645" timestamp="2018-08-15T02:20:50">
			<failure message="False is not true" type="AssertionError">
<![CDATA[Traceback (most recent call last):
  File "C:\Users\sherbold\git\atoml\testres\scikittests\test_MLP_Default_Scikit.py", line 44, in wrap
    raise it.exception
  File "C:\Users\sherbold\git\atoml\testres\scikittests\test_MLP_Default_Scikit.py", line 32, in run
    self.result = func(*self.args, **self.kwargs)
  File "C:\Users\sherbold\git\atoml\testres\scikittests\test_MLP_Default_Scikit.py", line 661, in test_Scramble_CREDITG
    self.assertTrue((prediction_original==prediction_morph).all())
AssertionError: False is not true
]]>			</failure>
		</testcase>
		<testcase classname="test_MLP_Default_Scikit" name="test_ManyCategories" time="373.443" timestamp="2018-08-18T14:24:29">
			<error message="" type="MemoryError">
<![CDATA[Traceback (most recent call last):
  File ".\test_MLP_Default_Scikit.py", line 44, in wrap
    raise it.exception
  File ".\test_MLP_Default_Scikit.py", line 32, in run
    self.result = func(*self.args, **self.kwargs)
  File ".\test_MLP_Default_Scikit.py", line 72, in test_ManyCategories
    classifier.fit(np.delete(data_df.values, classIndex, axis=1),data_df.values[:,classIndex])
  File "C:\Program Files\Python35\lib\site-packages\sklearn\neural_network\multilayer_perceptron.py", line 973, in fit
    hasattr(self, "classes_")))
  File "C:\Program Files\Python35\lib\site-packages\sklearn\neural_network\multilayer_perceptron.py", line 378, in _fit
    intercept_grads, layer_units, incremental)
  File "C:\Program Files\Python35\lib\site-packages\sklearn\neural_network\multilayer_perceptron.py", line 510, in _fit_stochastic
    X, y = shuffle(X, y, random_state=self._random_state)
  File "C:\Program Files\Python35\lib\site-packages\sklearn\utils\__init__.py", line 343, in shuffle
    return resample(*arrays, **options)
  File "C:\Program Files\Python35\lib\site-packages\sklearn\utils\__init__.py", line 269, in resample
    resampled_arrays = [safe_indexing(a, indices) for a in arrays]
  File "C:\Program Files\Python35\lib\site-packages\sklearn\utils\__init__.py", line 269, in <listcomp>
    resampled_arrays = [safe_indexing(a, indices) for a in arrays]
  File "C:\Program Files\Python35\lib\site-packages\sklearn\utils\__init__.py", line 160, in safe_indexing
    return X.take(indices, axis=0)
MemoryError
]]>			</error>
		</testcase>
		<system-out>
<![CDATA[]]>		</system-out>
		<system-err>
<![CDATA[C:\Program Files\Python35\lib\site-packages\sklearn\neural_network\multilayer_perceptron.py:564: ConvergenceWarning: Stochastic Optimizer: Maximum iterations (200) reached and the optimization hasn't converged yet.
  % self.max_iter, ConvergenceWarning)
C:\Program Files\Python35\lib\site-packages\sklearn\neural_network\_stochastic_optimizers.py:260: RuntimeWarning: overflow encountered in square
  for v, grad in zip(self.vs, grads)]
C:\Program Files\Python35\lib\site-packages\sklearn\neural_network\_stochastic_optimizers.py:265: RuntimeWarning: invalid value encountered in true_divide
  for m, v in zip(self.ms, self.vs)]
C:\Program Files\Python35\lib\site-packages\sklearn\preprocessing\label.py:614: RuntimeWarning: invalid value encountered in greater
  y = np.array(y > threshold, dtype=np.int)
]]>		</system-err>
	</testsuite>
	<testsuite errors="15" failures="0" name="test_MultinomialNB_Default_Scikit.test_MultinomialNB_Default_Scikit-20180814171053" skipped="0" tests="70" time="171.884" timestamp="2018-08-15T02:23:51">
		<testcase classname="test_MultinomialNB_Default_Scikit.test_MultinomialNB_Default_Scikit" name="test_Bias" time="0.076" timestamp="2018-08-15T02:20:59"/>
		<testcase classname="test_MultinomialNB_Default_Scikit.test_MultinomialNB_Default_Scikit" name="test_Const_RANDNUM" time="0.106" timestamp="2018-08-15T02:21:00"/>
		<testcase classname="test_MultinomialNB_Default_Scikit.test_MultinomialNB_Default_Scikit" name="test_Const_UNIFORM" time="0.083" timestamp="2018-08-15T02:21:00"/>
		<testcase classname="test_MultinomialNB_Default_Scikit.test_MultinomialNB_Default_Scikit" name="test_DisjointCategorical" time="0.100" timestamp="2018-08-15T02:21:00"/>
		<testcase classname="test_MultinomialNB_Default_Scikit.test_MultinomialNB_Default_Scikit" name="test_DisjointNumeric" time="0.086" timestamp="2018-08-15T02:21:00"/>
		<testcase classname="test_MultinomialNB_Default_Scikit.test_MultinomialNB_Default_Scikit" name="test_MaxDouble" time="0.236" timestamp="2018-08-15T02:23:45"/>
		<testcase classname="test_MultinomialNB_Default_Scikit.test_MultinomialNB_Default_Scikit" name="test_MaxFloat" time="0.119" timestamp="2018-08-15T02:23:45"/>
		<testcase classname="test_MultinomialNB_Default_Scikit.test_MultinomialNB_Default_Scikit" name="test_MinDouble" time="0.102" timestamp="2018-08-15T02:23:45"/>
		<testcase classname="test_MultinomialNB_Default_Scikit.test_MultinomialNB_Default_Scikit" name="test_MinFloat" time="0.074" timestamp="2018-08-15T02:23:45"/>
		<testcase classname="test_MultinomialNB_Default_Scikit.test_MultinomialNB_Default_Scikit" name="test_OneClass" time="0.077" timestamp="2018-08-15T02:23:45"/>
		<testcase classname="test_MultinomialNB_Default_Scikit.test_MultinomialNB_Default_Scikit" name="test_Opposite_CATEGORICAL" time="0.230" timestamp="2018-08-15T02:23:46"/>
		<testcase classname="test_MultinomialNB_Default_Scikit.test_MultinomialNB_Default_Scikit" name="test_Opposite_CREDITG" time="0.804" timestamp="2018-08-15T02:23:47"/>
		<testcase classname="test_MultinomialNB_Default_Scikit.test_MultinomialNB_Default_Scikit" name="test_Opposite_RANDCAT" time="0.138" timestamp="2018-08-15T02:23:47"/>
		<testcase classname="test_MultinomialNB_Default_Scikit.test_MultinomialNB_Default_Scikit" name="test_Opposite_RANDNUM" time="0.088" timestamp="2018-08-15T02:23:47"/>
		<testcase classname="test_MultinomialNB_Default_Scikit.test_MultinomialNB_Default_Scikit" name="test_Opposite_UNIFORM" time="0.082" timestamp="2018-08-15T02:23:47"/>
		<testcase classname="test_MultinomialNB_Default_Scikit.test_MultinomialNB_Default_Scikit" name="test_Opposite_WEATHERNOMINAL" time="0.031" timestamp="2018-08-15T02:23:47"/>
		<testcase classname="test_MultinomialNB_Default_Scikit.test_MultinomialNB_Default_Scikit" name="test_Opposite_WEATHERNUMERIC" time="0.025" timestamp="2018-08-15T02:23:47"/>
		<testcase classname="test_MultinomialNB_Default_Scikit.test_MultinomialNB_Default_Scikit" name="test_Outlier" time="0.072" timestamp="2018-08-15T02:23:47"/>
		<testcase classname="test_MultinomialNB_Default_Scikit.test_MultinomialNB_Default_Scikit" name="test_RandomCategorial" time="0.108" timestamp="2018-08-15T02:23:47"/>
		<testcase classname="test_MultinomialNB_Default_Scikit.test_MultinomialNB_Default_Scikit" name="test_RandomNumeric" time="0.071" timestamp="2018-08-15T02:23:47"/>
		<testcase classname="test_MultinomialNB_Default_Scikit.test_MultinomialNB_Default_Scikit" name="test_Rename_CATEGORICAL" time="0.113" timestamp="2018-08-15T02:23:47"/>
		<testcase classname="test_MultinomialNB_Default_Scikit.test_MultinomialNB_Default_Scikit" name="test_Rename_CREDITG" time="0.163" timestamp="2018-08-15T02:23:48"/>
		<testcase classname="test_MultinomialNB_Default_Scikit.test_MultinomialNB_Default_Scikit" name="test_Rename_RANDCAT" time="0.115" timestamp="2018-08-15T02:23:48"/>
		<testcase classname="test_MultinomialNB_Default_Scikit.test_MultinomialNB_Default_Scikit" name="test_Rename_RANDNUM" time="0.082" timestamp="2018-08-15T02:23:48"/>
		<testcase classname="test_MultinomialNB_Default_Scikit.test_MultinomialNB_Default_Scikit" name="test_Rename_UNIFORM" time="0.079" timestamp="2018-08-15T02:23:48"/>
		<testcase classname="test_MultinomialNB_Default_Scikit.test_MultinomialNB_Default_Scikit" name="test_Rename_WEATHERNOMINAL" time="0.031" timestamp="2018-08-15T02:23:48"/>
		<testcase classname="test_MultinomialNB_Default_Scikit.test_MultinomialNB_Default_Scikit" name="test_Rename_WEATHERNUMERIC" time="0.025" timestamp="2018-08-15T02:23:48"/>
		<testcase classname="test_MultinomialNB_Default_Scikit.test_MultinomialNB_Default_Scikit" name="test_Reorder_CATEGORICAL" time="0.115" timestamp="2018-08-15T02:23:48"/>
		<testcase classname="test_MultinomialNB_Default_Scikit.test_MultinomialNB_Default_Scikit" name="test_Reorder_CREDITG" time="0.199" timestamp="2018-08-15T02:23:48"/>
		<testcase classname="test_MultinomialNB_Default_Scikit.test_MultinomialNB_Default_Scikit" name="test_Reorder_RANDCAT" time="0.113" timestamp="2018-08-15T02:23:49"/>
		<testcase classname="test_MultinomialNB_Default_Scikit.test_MultinomialNB_Default_Scikit" name="test_Reorder_RANDNUM" time="0.082" timestamp="2018-08-15T02:23:49"/>
		<testcase classname="test_MultinomialNB_Default_Scikit.test_MultinomialNB_Default_Scikit" name="test_Reorder_UNIFORM" time="0.079" timestamp="2018-08-15T02:23:49"/>
		<testcase classname="test_MultinomialNB_Default_Scikit.test_MultinomialNB_Default_Scikit" name="test_Reorder_WEATHERNOMINAL" time="0.030" timestamp="2018-08-15T02:23:49"/>
		<testcase classname="test_MultinomialNB_Default_Scikit.test_MultinomialNB_Default_Scikit" name="test_Reorder_WEATHERNUMERIC" time="0.025" timestamp="2018-08-15T02:23:49"/>
		<testcase classname="test_MultinomialNB_Default_Scikit.test_MultinomialNB_Default_Scikit" name="test_RightSkew" time="0.077" timestamp="2018-08-15T02:23:49"/>
		<testcase classname="test_MultinomialNB_Default_Scikit.test_MultinomialNB_Default_Scikit" name="test_Same_CATEGORICAL" time="0.114" timestamp="2018-08-15T02:23:49"/>
		<testcase classname="test_MultinomialNB_Default_Scikit.test_MultinomialNB_Default_Scikit" name="test_Same_CREDITG" time="0.176" timestamp="2018-08-15T02:23:49"/>
		<testcase classname="test_MultinomialNB_Default_Scikit.test_MultinomialNB_Default_Scikit" name="test_Same_RANDCAT" time="0.138" timestamp="2018-08-15T02:23:50"/>
		<testcase classname="test_MultinomialNB_Default_Scikit.test_MultinomialNB_Default_Scikit" name="test_Same_RANDNUM" time="0.084" timestamp="2018-08-15T02:23:50"/>
		<testcase classname="test_MultinomialNB_Default_Scikit.test_MultinomialNB_Default_Scikit" name="test_Same_UNIFORM" time="0.086" timestamp="2018-08-15T02:23:50"/>
		<testcase classname="test_MultinomialNB_Default_Scikit.test_MultinomialNB_Default_Scikit" name="test_Same_WEATHERNOMINAL" time="0.033" timestamp="2018-08-15T02:23:50"/>
		<testcase classname="test_MultinomialNB_Default_Scikit.test_MultinomialNB_Default_Scikit" name="test_Same_WEATHERNUMERIC" time="0.027" timestamp="2018-08-15T02:23:50"/>
		<testcase classname="test_MultinomialNB_Default_Scikit.test_MultinomialNB_Default_Scikit" name="test_Scramble_CATEGORICAL" time="0.117" timestamp="2018-08-15T02:23:50"/>
		<testcase classname="test_MultinomialNB_Default_Scikit.test_MultinomialNB_Default_Scikit" name="test_Scramble_CREDITG" time="0.166" timestamp="2018-08-15T02:23:50"/>
		<testcase classname="test_MultinomialNB_Default_Scikit.test_MultinomialNB_Default_Scikit" name="test_Scramble_RANDCAT" time="0.120" timestamp="2018-08-15T02:23:50"/>
		<testcase classname="test_MultinomialNB_Default_Scikit.test_MultinomialNB_Default_Scikit" name="test_Scramble_RANDNUM" time="0.083" timestamp="2018-08-15T02:23:50"/>
		<testcase classname="test_MultinomialNB_Default_Scikit.test_MultinomialNB_Default_Scikit" name="test_Scramble_UNIFORM" time="0.082" timestamp="2018-08-15T02:23:51"/>
		<testcase classname="test_MultinomialNB_Default_Scikit.test_MultinomialNB_Default_Scikit" name="test_Scramble_WEATHERNOMINAL" time="0.030" timestamp="2018-08-15T02:23:51"/>
		<testcase classname="test_MultinomialNB_Default_Scikit.test_MultinomialNB_Default_Scikit" name="test_Scramble_WEATHERNUMERIC" time="0.025" timestamp="2018-08-15T02:23:51"/>
		<testcase classname="test_MultinomialNB_Default_Scikit.test_MultinomialNB_Default_Scikit" name="test_Split" time="0.072" timestamp="2018-08-15T02:23:51"/>
		<testcase classname="test_MultinomialNB_Default_Scikit.test_MultinomialNB_Default_Scikit" name="test_StarvedBinary" time="0.106" timestamp="2018-08-15T02:23:51"/>
		<testcase classname="test_MultinomialNB_Default_Scikit.test_MultinomialNB_Default_Scikit" name="test_StarvedMany" time="0.105" timestamp="2018-08-15T02:23:51"/>
		<testcase classname="test_MultinomialNB_Default_Scikit.test_MultinomialNB_Default_Scikit" name="test_Uniform" time="0.073" timestamp="2018-08-15T02:23:51"/>
		<testcase classname="test_MultinomialNB_Default_Scikit.test_MultinomialNB_Default_Scikit" name="test_VerySmall" time="0.076" timestamp="2018-08-15T02:23:51"/>
		<testcase classname="test_MultinomialNB_Default_Scikit.test_MultinomialNB_Default_Scikit" name="test_Zeroes" time="0.075" timestamp="2018-08-15T02:23:51"/>
		<testcase classname="test_MultinomialNB_Default_Scikit.test_MultinomialNB_Default_Scikit" name="test_Const_IONOSPHERE" time="0.064" timestamp="2018-08-15T02:20:59">
			<error message="Input X must be non-negative" type="ValueError">
<![CDATA[Traceback (most recent call last):
  File "C:\Users\sherbold\git\atoml\testres\scikittests\test_MultinomialNB_Default_Scikit.py", line 44, in wrap
    raise it.exception
  File "C:\Users\sherbold\git\atoml\testres\scikittests\test_MultinomialNB_Default_Scikit.py", line 32, in run
    self.result = func(*self.args, **self.kwargs)
  File "C:\Users\sherbold\git\atoml\testres\scikittests\test_MultinomialNB_Default_Scikit.py", line 145, in test_Const_IONOSPHERE
    classifier_original.fit(np.delete(data_original_df.values, class_index_original, axis=1),data_original_df.values[:,class_index_original])
  File "C:\Program Files\Python35\lib\site-packages\sklearn\naive_bayes.py", line 604, in fit
    self._count(X, Y)
  File "C:\Program Files\Python35\lib\site-packages\sklearn\naive_bayes.py", line 708, in _count
    raise ValueError("Input X must be non-negative")
ValueError: Input X must be non-negative
]]>			</error>
		</testcase>
		<testcase classname="test_MultinomialNB_Default_Scikit.test_MultinomialNB_Default_Scikit" name="test_Const_UNBALANCE" time="0.117" timestamp="2018-08-15T02:21:00">
			<error message="Input X must be non-negative" type="ValueError">
<![CDATA[Traceback (most recent call last):
  File "C:\Users\sherbold\git\atoml\testres\scikittests\test_MultinomialNB_Default_Scikit.py", line 44, in wrap
    raise it.exception
  File "C:\Users\sherbold\git\atoml\testres\scikittests\test_MultinomialNB_Default_Scikit.py", line 32, in run
    self.result = func(*self.args, **self.kwargs)
  File "C:\Users\sherbold\git\atoml\testres\scikittests\test_MultinomialNB_Default_Scikit.py", line 179, in test_Const_UNBALANCE
    classifier_original.fit(np.delete(data_original_df.values, class_index_original, axis=1),data_original_df.values[:,class_index_original])
  File "C:\Program Files\Python35\lib\site-packages\sklearn\naive_bayes.py", line 604, in fit
    self._count(X, Y)
  File "C:\Program Files\Python35\lib\site-packages\sklearn\naive_bayes.py", line 708, in _count
    raise ValueError("Input X must be non-negative")
ValueError: Input X must be non-negative
]]>			</error>
		</testcase>
		<testcase classname="test_MultinomialNB_Default_Scikit.test_MultinomialNB_Default_Scikit" name="test_LeftSkew" time="0.017" timestamp="2018-08-15T02:21:00">
			<error message="Input X must be non-negative" type="ValueError">
<![CDATA[Traceback (most recent call last):
  File "C:\Users\sherbold\git\atoml\testres\scikittests\test_MultinomialNB_Default_Scikit.py", line 44, in wrap
    raise it.exception
  File "C:\Users\sherbold\git\atoml\testres\scikittests\test_MultinomialNB_Default_Scikit.py", line 32, in run
    self.result = func(*self.args, **self.kwargs)
  File "C:\Users\sherbold\git\atoml\testres\scikittests\test_MultinomialNB_Default_Scikit.py", line 1930, in test_LeftSkew
    classifier.fit(np.delete(data_df.values, classIndex, axis=1),data_df.values[:,classIndex])
  File "C:\Program Files\Python35\lib\site-packages\sklearn\naive_bayes.py", line 604, in fit
    self._count(X, Y)
  File "C:\Program Files\Python35\lib\site-packages\sklearn\naive_bayes.py", line 708, in _count
    raise ValueError("Input X must be non-negative")
ValueError: Input X must be non-negative
]]>			</error>
		</testcase>
		<testcase classname="test_MultinomialNB_Default_Scikit.test_MultinomialNB_Default_Scikit" name="test_ManyCategories" time="164.911" timestamp="2018-08-15T02:23:45" />
		<testcase classname="test_MultinomialNB_Default_Scikit.test_MultinomialNB_Default_Scikit" name="test_Opposite_IONOSPHERE" time="0.066" timestamp="2018-08-15T02:23:47">
			<error message="Input X must be non-negative" type="ValueError">
<![CDATA[Traceback (most recent call last):
  File "C:\Users\sherbold\git\atoml\testres\scikittests\test_MultinomialNB_Default_Scikit.py", line 44, in wrap
    raise it.exception
  File "C:\Users\sherbold\git\atoml\testres\scikittests\test_MultinomialNB_Default_Scikit.py", line 32, in run
    self.result = func(*self.args, **self.kwargs)
  File "C:\Users\sherbold\git\atoml\testres\scikittests\test_MultinomialNB_Default_Scikit.py", line 383, in test_Opposite_IONOSPHERE
    classifier_original.fit(np.delete(data_original_df.values, class_index_original, axis=1),data_original_df.values[:,class_index_original])
  File "C:\Program Files\Python35\lib\site-packages\sklearn\naive_bayes.py", line 604, in fit
    self._count(X, Y)
  File "C:\Program Files\Python35\lib\site-packages\sklearn\naive_bayes.py", line 708, in _count
    raise ValueError("Input X must be non-negative")
ValueError: Input X must be non-negative
]]>			</error>
		</testcase>
		<testcase classname="test_MultinomialNB_Default_Scikit.test_MultinomialNB_Default_Scikit" name="test_Opposite_UNBALANCE" time="0.123" timestamp="2018-08-15T02:23:47">
			<error message="Input X must be non-negative" type="ValueError">
<![CDATA[Traceback (most recent call last):
  File "C:\Users\sherbold\git\atoml\testres\scikittests\test_MultinomialNB_Default_Scikit.py", line 44, in wrap
    raise it.exception
  File "C:\Users\sherbold\git\atoml\testres\scikittests\test_MultinomialNB_Default_Scikit.py", line 32, in run
    self.result = func(*self.args, **self.kwargs)
  File "C:\Users\sherbold\git\atoml\testres\scikittests\test_MultinomialNB_Default_Scikit.py", line 417, in test_Opposite_UNBALANCE
    classifier_original.fit(np.delete(data_original_df.values, class_index_original, axis=1),data_original_df.values[:,class_index_original])
  File "C:\Program Files\Python35\lib\site-packages\sklearn\naive_bayes.py", line 604, in fit
    self._count(X, Y)
  File "C:\Program Files\Python35\lib\site-packages\sklearn\naive_bayes.py", line 708, in _count
    raise ValueError("Input X must be non-negative")
ValueError: Input X must be non-negative
]]>			</error>
		</testcase>
		<testcase classname="test_MultinomialNB_Default_Scikit.test_MultinomialNB_Default_Scikit" name="test_Rename_IONOSPHERE" time="0.062" timestamp="2018-08-15T02:23:48">
			<error message="Input X must be non-negative" type="ValueError">
<![CDATA[Traceback (most recent call last):
  File "C:\Users\sherbold\git\atoml\testres\scikittests\test_MultinomialNB_Default_Scikit.py", line 44, in wrap
    raise it.exception
  File "C:\Users\sherbold\git\atoml\testres\scikittests\test_MultinomialNB_Default_Scikit.py", line 32, in run
    self.result = func(*self.args, **self.kwargs)
  File "C:\Users\sherbold\git\atoml\testres\scikittests\test_MultinomialNB_Default_Scikit.py", line 1607, in test_Rename_IONOSPHERE
    classifier_original.fit(np.delete(data_original_df.values, class_index_original, axis=1),data_original_df.values[:,class_index_original])
  File "C:\Program Files\Python35\lib\site-packages\sklearn\naive_bayes.py", line 604, in fit
    self._count(X, Y)
  File "C:\Program Files\Python35\lib\site-packages\sklearn\naive_bayes.py", line 708, in _count
    raise ValueError("Input X must be non-negative")
ValueError: Input X must be non-negative
]]>			</error>
		</testcase>
		<testcase classname="test_MultinomialNB_Default_Scikit.test_MultinomialNB_Default_Scikit" name="test_Rename_UNBALANCE" time="0.119" timestamp="2018-08-15T02:23:48">
			<error message="Input X must be non-negative" type="ValueError">
<![CDATA[Traceback (most recent call last):
  File "C:\Users\sherbold\git\atoml\testres\scikittests\test_MultinomialNB_Default_Scikit.py", line 44, in wrap
    raise it.exception
  File "C:\Users\sherbold\git\atoml\testres\scikittests\test_MultinomialNB_Default_Scikit.py", line 32, in run
    self.result = func(*self.args, **self.kwargs)
  File "C:\Users\sherbold\git\atoml\testres\scikittests\test_MultinomialNB_Default_Scikit.py", line 1641, in test_Rename_UNBALANCE
    classifier_original.fit(np.delete(data_original_df.values, class_index_original, axis=1),data_original_df.values[:,class_index_original])
  File "C:\Program Files\Python35\lib\site-packages\sklearn\naive_bayes.py", line 604, in fit
    self._count(X, Y)
  File "C:\Program Files\Python35\lib\site-packages\sklearn\naive_bayes.py", line 708, in _count
    raise ValueError("Input X must be non-negative")
ValueError: Input X must be non-negative
]]>			</error>
		</testcase>
		<testcase classname="test_MultinomialNB_Default_Scikit.test_MultinomialNB_Default_Scikit" name="test_Reorder_IONOSPHERE" time="0.063" timestamp="2018-08-15T02:23:49">
			<error message="Input X must be non-negative" type="ValueError">
<![CDATA[Traceback (most recent call last):
  File "C:\Users\sherbold\git\atoml\testres\scikittests\test_MultinomialNB_Default_Scikit.py", line 44, in wrap
    raise it.exception
  File "C:\Users\sherbold\git\atoml\testres\scikittests\test_MultinomialNB_Default_Scikit.py", line 32, in run
    self.result = func(*self.args, **self.kwargs)
  File "C:\Users\sherbold\git\atoml\testres\scikittests\test_MultinomialNB_Default_Scikit.py", line 995, in test_Reorder_IONOSPHERE
    classifier_original.fit(np.delete(data_original_df.values, class_index_original, axis=1),data_original_df.values[:,class_index_original])
  File "C:\Program Files\Python35\lib\site-packages\sklearn\naive_bayes.py", line 604, in fit
    self._count(X, Y)
  File "C:\Program Files\Python35\lib\site-packages\sklearn\naive_bayes.py", line 708, in _count
    raise ValueError("Input X must be non-negative")
ValueError: Input X must be non-negative
]]>			</error>
		</testcase>
		<testcase classname="test_MultinomialNB_Default_Scikit.test_MultinomialNB_Default_Scikit" name="test_Reorder_UNBALANCE" time="0.119" timestamp="2018-08-15T02:23:49">
			<error message="Input X must be non-negative" type="ValueError">
<![CDATA[Traceback (most recent call last):
  File "C:\Users\sherbold\git\atoml\testres\scikittests\test_MultinomialNB_Default_Scikit.py", line 44, in wrap
    raise it.exception
  File "C:\Users\sherbold\git\atoml\testres\scikittests\test_MultinomialNB_Default_Scikit.py", line 32, in run
    self.result = func(*self.args, **self.kwargs)
  File "C:\Users\sherbold\git\atoml\testres\scikittests\test_MultinomialNB_Default_Scikit.py", line 1029, in test_Reorder_UNBALANCE
    classifier_original.fit(np.delete(data_original_df.values, class_index_original, axis=1),data_original_df.values[:,class_index_original])
  File "C:\Program Files\Python35\lib\site-packages\sklearn\naive_bayes.py", line 604, in fit
    self._count(X, Y)
  File "C:\Program Files\Python35\lib\site-packages\sklearn\naive_bayes.py", line 708, in _count
    raise ValueError("Input X must be non-negative")
ValueError: Input X must be non-negative
]]>			</error>
		</testcase>
		<testcase classname="test_MultinomialNB_Default_Scikit.test_MultinomialNB_Default_Scikit" name="test_Same_IONOSPHERE" time="0.073" timestamp="2018-08-15T02:23:49">
			<error message="Input X must be non-negative" type="ValueError">
<![CDATA[Traceback (most recent call last):
  File "C:\Users\sherbold\git\atoml\testres\scikittests\test_MultinomialNB_Default_Scikit.py", line 44, in wrap
    raise it.exception
  File "C:\Users\sherbold\git\atoml\testres\scikittests\test_MultinomialNB_Default_Scikit.py", line 32, in run
    self.result = func(*self.args, **self.kwargs)
  File "C:\Users\sherbold\git\atoml\testres\scikittests\test_MultinomialNB_Default_Scikit.py", line 1301, in test_Same_IONOSPHERE
    classifier_original.fit(np.delete(data_original_df.values, class_index_original, axis=1),data_original_df.values[:,class_index_original])
  File "C:\Program Files\Python35\lib\site-packages\sklearn\naive_bayes.py", line 604, in fit
    self._count(X, Y)
  File "C:\Program Files\Python35\lib\site-packages\sklearn\naive_bayes.py", line 708, in _count
    raise ValueError("Input X must be non-negative")
ValueError: Input X must be non-negative
]]>			</error>
		</testcase>
		<testcase classname="test_MultinomialNB_Default_Scikit.test_MultinomialNB_Default_Scikit" name="test_Same_UNBALANCE" time="0.120" timestamp="2018-08-15T02:23:50">
			<error message="Input X must be non-negative" type="ValueError">
<![CDATA[Traceback (most recent call last):
  File "C:\Users\sherbold\git\atoml\testres\scikittests\test_MultinomialNB_Default_Scikit.py", line 44, in wrap
    raise it.exception
  File "C:\Users\sherbold\git\atoml\testres\scikittests\test_MultinomialNB_Default_Scikit.py", line 32, in run
    self.result = func(*self.args, **self.kwargs)
  File "C:\Users\sherbold\git\atoml\testres\scikittests\test_MultinomialNB_Default_Scikit.py", line 1335, in test_Same_UNBALANCE
    classifier_original.fit(np.delete(data_original_df.values, class_index_original, axis=1),data_original_df.values[:,class_index_original])
  File "C:\Program Files\Python35\lib\site-packages\sklearn\naive_bayes.py", line 604, in fit
    self._count(X, Y)
  File "C:\Program Files\Python35\lib\site-packages\sklearn\naive_bayes.py", line 708, in _count
    raise ValueError("Input X must be non-negative")
ValueError: Input X must be non-negative
]]>			</error>
		</testcase>
		<testcase classname="test_MultinomialNB_Default_Scikit.test_MultinomialNB_Default_Scikit" name="test_Scramble_IONOSPHERE" time="0.063" timestamp="2018-08-15T02:23:50">
			<error message="Input X must be non-negative" type="ValueError">
<![CDATA[Traceback (most recent call last):
  File "C:\Users\sherbold\git\atoml\testres\scikittests\test_MultinomialNB_Default_Scikit.py", line 44, in wrap
    raise it.exception
  File "C:\Users\sherbold\git\atoml\testres\scikittests\test_MultinomialNB_Default_Scikit.py", line 32, in run
    self.result = func(*self.args, **self.kwargs)
  File "C:\Users\sherbold\git\atoml\testres\scikittests\test_MultinomialNB_Default_Scikit.py", line 689, in test_Scramble_IONOSPHERE
    classifier_original.fit(np.delete(data_original_df.values, class_index_original, axis=1),data_original_df.values[:,class_index_original])
  File "C:\Program Files\Python35\lib\site-packages\sklearn\naive_bayes.py", line 604, in fit
    self._count(X, Y)
  File "C:\Program Files\Python35\lib\site-packages\sklearn\naive_bayes.py", line 708, in _count
    raise ValueError("Input X must be non-negative")
ValueError: Input X must be non-negative
]]>			</error>
		</testcase>
		<testcase classname="test_MultinomialNB_Default_Scikit.test_MultinomialNB_Default_Scikit" name="test_Scramble_UNBALANCE" time="0.122" timestamp="2018-08-15T02:23:51">
			<error message="Input X must be non-negative" type="ValueError">
<![CDATA[Traceback (most recent call last):
  File "C:\Users\sherbold\git\atoml\testres\scikittests\test_MultinomialNB_Default_Scikit.py", line 44, in wrap
    raise it.exception
  File "C:\Users\sherbold\git\atoml\testres\scikittests\test_MultinomialNB_Default_Scikit.py", line 32, in run
    self.result = func(*self.args, **self.kwargs)
  File "C:\Users\sherbold\git\atoml\testres\scikittests\test_MultinomialNB_Default_Scikit.py", line 723, in test_Scramble_UNBALANCE
    classifier_original.fit(np.delete(data_original_df.values, class_index_original, axis=1),data_original_df.values[:,class_index_original])
  File "C:\Program Files\Python35\lib\site-packages\sklearn\naive_bayes.py", line 604, in fit
    self._count(X, Y)
  File "C:\Program Files\Python35\lib\site-packages\sklearn\naive_bayes.py", line 708, in _count
    raise ValueError("Input X must be non-negative")
ValueError: Input X must be non-negative
]]>			</error>
		</testcase>
		<testcase classname="test_MultinomialNB_Default_Scikit.test_MultinomialNB_Default_Scikit" name="test_VeryLarge" time="0.016" timestamp="2018-08-15T02:23:51" />
		<system-out>
<![CDATA[]]>		</system-out>
		<system-err>
<![CDATA[C:\Program Files\Python35\lib\site-packages\sklearn\naive_bayes.py:718: RuntimeWarning: invalid value encountered in subtract
  np.log(smoothed_cc.reshape(-1, 1)))
C:\Program Files\Python35\lib\site-packages\sklearn\naive_bayes.py:461: RuntimeWarning: divide by zero encountered in log
  self.class_log_prior_ = (np.log(self.class_count_) -
]]>		</system-err>
	</testsuite>
	<testsuite errors="4" failures="5" name="test_Logistic_Default_Scikit.test_Logistic_Default_Scikit-20180814171053" skipped="0" tests="70" time="21720.930" timestamp="2018-08-15T02:17:15">
		<testcase classname="test_Logistic_Default_Scikit.test_Logistic_Default_Scikit" name="test_Bias" time="0.064" timestamp="2018-08-14T20:15:14"/>
		<testcase classname="test_Logistic_Default_Scikit.test_Logistic_Default_Scikit" name="test_Const_UNBALANCE" time="0.099" timestamp="2018-08-14T20:15:14"/>
		<testcase classname="test_Logistic_Default_Scikit.test_Logistic_Default_Scikit" name="test_DisjointCategorical" time="0.099" timestamp="2018-08-14T20:15:14"/>
		<testcase classname="test_Logistic_Default_Scikit.test_Logistic_Default_Scikit" name="test_DisjointNumeric" time="0.051" timestamp="2018-08-14T20:15:14"/>
		<testcase classname="test_Logistic_Default_Scikit.test_Logistic_Default_Scikit" name="test_LeftSkew" time="0.057" timestamp="2018-08-14T20:15:14"/>
		<testcase classname="test_Logistic_Default_Scikit.test_Logistic_Default_Scikit" name="test_MaxFloat" time="0.402" timestamp="2018-08-14T23:17:10"/>
		<testcase classname="test_Logistic_Default_Scikit.test_Logistic_Default_Scikit" name="test_MinDouble" time="0.070" timestamp="2018-08-14T23:17:10"/>
		<testcase classname="test_Logistic_Default_Scikit.test_Logistic_Default_Scikit" name="test_MinFloat" time="0.072" timestamp="2018-08-14T23:17:10"/>
		<testcase classname="test_Logistic_Default_Scikit.test_Logistic_Default_Scikit" name="test_Opposite_CATEGORICAL" time="0.104" timestamp="2018-08-14T23:17:11"/>
		<testcase classname="test_Logistic_Default_Scikit.test_Logistic_Default_Scikit" name="test_Opposite_IONOSPHERE" time="0.044" timestamp="2018-08-14T23:17:11"/>
		<testcase classname="test_Logistic_Default_Scikit.test_Logistic_Default_Scikit" name="test_Opposite_RANDCAT" time="0.106" timestamp="2018-08-14T23:17:11"/>
		<testcase classname="test_Logistic_Default_Scikit.test_Logistic_Default_Scikit" name="test_Opposite_RANDNUM" time="0.078" timestamp="2018-08-14T23:17:11"/>
		<testcase classname="test_Logistic_Default_Scikit.test_Logistic_Default_Scikit" name="test_Opposite_UNBALANCE" time="0.100" timestamp="2018-08-14T23:17:11"/>
		<testcase classname="test_Logistic_Default_Scikit.test_Logistic_Default_Scikit" name="test_Opposite_UNIFORM" time="0.060" timestamp="2018-08-14T23:17:11"/>
		<testcase classname="test_Logistic_Default_Scikit.test_Logistic_Default_Scikit" name="test_Opposite_WEATHERNOMINAL" time="0.019" timestamp="2018-08-14T23:17:11"/>
		<testcase classname="test_Logistic_Default_Scikit.test_Logistic_Default_Scikit" name="test_Opposite_WEATHERNUMERIC" time="0.025" timestamp="2018-08-14T23:17:11"/>
		<testcase classname="test_Logistic_Default_Scikit.test_Logistic_Default_Scikit" name="test_Outlier" time="0.047" timestamp="2018-08-14T23:17:11"/>
		<testcase classname="test_Logistic_Default_Scikit.test_Logistic_Default_Scikit" name="test_RandomCategorial" time="0.105" timestamp="2018-08-14T23:17:11"/>
		<testcase classname="test_Logistic_Default_Scikit.test_Logistic_Default_Scikit" name="test_RandomNumeric" time="0.049" timestamp="2018-08-14T23:17:11"/>
		<testcase classname="test_Logistic_Default_Scikit.test_Logistic_Default_Scikit" name="test_Rename_CATEGORICAL" time="0.090" timestamp="2018-08-14T23:17:11"/>
		<testcase classname="test_Logistic_Default_Scikit.test_Logistic_Default_Scikit" name="test_Rename_CREDITG" time="0.183" timestamp="2018-08-14T23:17:12"/>
		<testcase classname="test_Logistic_Default_Scikit.test_Logistic_Default_Scikit" name="test_Rename_IONOSPHERE" time="0.049" timestamp="2018-08-14T23:17:12"/>
		<testcase classname="test_Logistic_Default_Scikit.test_Logistic_Default_Scikit" name="test_Rename_RANDCAT" time="0.109" timestamp="2018-08-14T23:17:12"/>
		<testcase classname="test_Logistic_Default_Scikit.test_Logistic_Default_Scikit" name="test_Rename_RANDNUM" time="0.077" timestamp="2018-08-14T23:17:12"/>
		<testcase classname="test_Logistic_Default_Scikit.test_Logistic_Default_Scikit" name="test_Rename_UNBALANCE" time="0.148" timestamp="2018-08-14T23:17:12"/>
		<testcase classname="test_Logistic_Default_Scikit.test_Logistic_Default_Scikit" name="test_Rename_UNIFORM" time="0.064" timestamp="2018-08-14T23:17:12"/>
		<testcase classname="test_Logistic_Default_Scikit.test_Logistic_Default_Scikit" name="test_Rename_WEATHERNOMINAL" time="0.029" timestamp="2018-08-14T23:17:12"/>
		<testcase classname="test_Logistic_Default_Scikit.test_Logistic_Default_Scikit" name="test_Rename_WEATHERNUMERIC" time="0.018" timestamp="2018-08-14T23:17:12"/>
		<testcase classname="test_Logistic_Default_Scikit.test_Logistic_Default_Scikit" name="test_Reorder_CATEGORICAL" time="0.095" timestamp="2018-08-14T23:17:12"/>
		<testcase classname="test_Logistic_Default_Scikit.test_Logistic_Default_Scikit" name="test_Reorder_IONOSPHERE" time="0.065" timestamp="2018-08-14T23:17:12"/>
		<testcase classname="test_Logistic_Default_Scikit.test_Logistic_Default_Scikit" name="test_Reorder_RANDCAT" time="0.081" timestamp="2018-08-14T23:17:12"/>
		<testcase classname="test_Logistic_Default_Scikit.test_Logistic_Default_Scikit" name="test_Reorder_RANDNUM" time="0.067" timestamp="2018-08-14T23:17:13"/>
		<testcase classname="test_Logistic_Default_Scikit.test_Logistic_Default_Scikit" name="test_Reorder_UNBALANCE" time="0.087" timestamp="2018-08-14T23:17:13"/>
		<testcase classname="test_Logistic_Default_Scikit.test_Logistic_Default_Scikit" name="test_Reorder_UNIFORM" time="0.058" timestamp="2018-08-14T23:17:13"/>
		<testcase classname="test_Logistic_Default_Scikit.test_Logistic_Default_Scikit" name="test_Reorder_WEATHERNOMINAL" time="0.030" timestamp="2018-08-14T23:17:13"/>
		<testcase classname="test_Logistic_Default_Scikit.test_Logistic_Default_Scikit" name="test_Reorder_WEATHERNUMERIC" time="0.023" timestamp="2018-08-14T23:17:13"/>
		<testcase classname="test_Logistic_Default_Scikit.test_Logistic_Default_Scikit" name="test_RightSkew" time="0.070" timestamp="2018-08-14T23:17:13"/>
		<testcase classname="test_Logistic_Default_Scikit.test_Logistic_Default_Scikit" name="test_Same_CATEGORICAL" time="0.083" timestamp="2018-08-14T23:17:13"/>
		<testcase classname="test_Logistic_Default_Scikit.test_Logistic_Default_Scikit" name="test_Same_CREDITG" time="0.171" timestamp="2018-08-14T23:17:13"/>
		<testcase classname="test_Logistic_Default_Scikit.test_Logistic_Default_Scikit" name="test_Same_IONOSPHERE" time="0.041" timestamp="2018-08-14T23:17:13"/>
		<testcase classname="test_Logistic_Default_Scikit.test_Logistic_Default_Scikit" name="test_Same_RANDCAT" time="0.076" timestamp="2018-08-14T23:17:13"/>
		<testcase classname="test_Logistic_Default_Scikit.test_Logistic_Default_Scikit" name="test_Same_RANDNUM" time="0.055" timestamp="2018-08-14T23:17:13"/>
		<testcase classname="test_Logistic_Default_Scikit.test_Logistic_Default_Scikit" name="test_Same_UNBALANCE" time="0.094" timestamp="2018-08-14T23:17:13"/>
		<testcase classname="test_Logistic_Default_Scikit.test_Logistic_Default_Scikit" name="test_Same_UNIFORM" time="0.059" timestamp="2018-08-14T23:17:13"/>
		<testcase classname="test_Logistic_Default_Scikit.test_Logistic_Default_Scikit" name="test_Same_WEATHERNOMINAL" time="0.024" timestamp="2018-08-14T23:17:13"/>
		<testcase classname="test_Logistic_Default_Scikit.test_Logistic_Default_Scikit" name="test_Same_WEATHERNUMERIC" time="0.020" timestamp="2018-08-14T23:17:13"/>
		<testcase classname="test_Logistic_Default_Scikit.test_Logistic_Default_Scikit" name="test_Scramble_CATEGORICAL" time="0.105" timestamp="2018-08-14T23:17:14"/>
		<testcase classname="test_Logistic_Default_Scikit.test_Logistic_Default_Scikit" name="test_Scramble_CREDITG" time="0.160" timestamp="2018-08-14T23:17:14"/>
		<testcase classname="test_Logistic_Default_Scikit.test_Logistic_Default_Scikit" name="test_Scramble_IONOSPHERE" time="0.077" timestamp="2018-08-14T23:17:14"/>
		<testcase classname="test_Logistic_Default_Scikit.test_Logistic_Default_Scikit" name="test_Scramble_RANDCAT" time="0.097" timestamp="2018-08-14T23:17:14"/>
		<testcase classname="test_Logistic_Default_Scikit.test_Logistic_Default_Scikit" name="test_Scramble_RANDNUM" time="0.050" timestamp="2018-08-14T23:17:14"/>
		<testcase classname="test_Logistic_Default_Scikit.test_Logistic_Default_Scikit" name="test_Scramble_UNBALANCE" time="0.108" timestamp="2018-08-14T23:17:14"/>
		<testcase classname="test_Logistic_Default_Scikit.test_Logistic_Default_Scikit" name="test_Scramble_UNIFORM" time="0.231" timestamp="2018-08-14T23:17:14"/>
		<testcase classname="test_Logistic_Default_Scikit.test_Logistic_Default_Scikit" name="test_Scramble_WEATHERNOMINAL" time="0.028" timestamp="2018-08-14T23:17:14"/>
		<testcase classname="test_Logistic_Default_Scikit.test_Logistic_Default_Scikit" name="test_Scramble_WEATHERNUMERIC" time="0.026" timestamp="2018-08-14T23:17:14"/>
		<testcase classname="test_Logistic_Default_Scikit.test_Logistic_Default_Scikit" name="test_Split" time="0.053" timestamp="2018-08-14T23:17:14"/>
		<testcase classname="test_Logistic_Default_Scikit.test_Logistic_Default_Scikit" name="test_StarvedBinary" time="0.074" timestamp="2018-08-14T23:17:14"/>
		<testcase classname="test_Logistic_Default_Scikit.test_Logistic_Default_Scikit" name="test_StarvedMany" time="0.075" timestamp="2018-08-14T23:17:14"/>
		<testcase classname="test_Logistic_Default_Scikit.test_Logistic_Default_Scikit" name="test_Uniform" time="0.047" timestamp="2018-08-14T23:17:15"/>
		<testcase classname="test_Logistic_Default_Scikit.test_Logistic_Default_Scikit" name="test_VerySmall" time="0.070" timestamp="2018-08-15T02:17:15"/>
		<testcase classname="test_Logistic_Default_Scikit.test_Logistic_Default_Scikit" name="test_Zeroes" time="0.066" timestamp="2018-08-15T02:17:15"/>
		<testcase classname="test_Logistic_Default_Scikit.test_Logistic_Default_Scikit" name="test_Const_IONOSPHERE" time="0.055" timestamp="2018-08-14T20:15:14">
			<failure message="False is not true" type="AssertionError">
<![CDATA[Traceback (most recent call last):
  File "C:\Users\sherbold\git\atoml\testres\scikittests\test_Logistic_Default_Scikit.py", line 44, in wrap
    raise it.exception
  File "C:\Users\sherbold\git\atoml\testres\scikittests\test_Logistic_Default_Scikit.py", line 32, in run
    self.result = func(*self.args, **self.kwargs)
  File "C:\Users\sherbold\git\atoml\testres\scikittests\test_Logistic_Default_Scikit.py", line 151, in test_Const_IONOSPHERE
    self.assertTrue((prediction_original==prediction_morph).all())
AssertionError: False is not true
]]>			</failure>
		</testcase>
		<testcase classname="test_Logistic_Default_Scikit.test_Logistic_Default_Scikit" name="test_Const_RANDNUM" time="0.042" timestamp="2018-08-14T20:15:14">
			<failure message="False is not true" type="AssertionError">
<![CDATA[Traceback (most recent call last):
  File "C:\Users\sherbold\git\atoml\testres\scikittests\test_Logistic_Default_Scikit.py", line 44, in wrap
    raise it.exception
  File "C:\Users\sherbold\git\atoml\testres\scikittests\test_Logistic_Default_Scikit.py", line 32, in run
    self.result = func(*self.args, **self.kwargs)
  File "C:\Users\sherbold\git\atoml\testres\scikittests\test_Logistic_Default_Scikit.py", line 83, in test_Const_RANDNUM
    self.assertTrue((prediction_original==prediction_morph).all())
AssertionError: False is not true
]]>			</failure>
		</testcase>
		<testcase classname="test_Logistic_Default_Scikit.test_Logistic_Default_Scikit" name="test_Const_UNIFORM" time="0.031" timestamp="2018-08-14T20:15:14">
			<failure message="False is not true" type="AssertionError">
<![CDATA[Traceback (most recent call last):
  File "C:\Users\sherbold\git\atoml\testres\scikittests\test_Logistic_Default_Scikit.py", line 44, in wrap
    raise it.exception
  File "C:\Users\sherbold\git\atoml\testres\scikittests\test_Logistic_Default_Scikit.py", line 32, in run
    self.result = func(*self.args, **self.kwargs)
  File "C:\Users\sherbold\git\atoml\testres\scikittests\test_Logistic_Default_Scikit.py", line 117, in test_Const_UNIFORM
    self.assertTrue((prediction_original==prediction_morph).all())
AssertionError: False is not true
]]>			</failure>
		</testcase>
		<testcase classname="test_Logistic_Default_Scikit.test_Logistic_Default_Scikit" name="test_Opposite_CREDITG" time="0.122" timestamp="2018-08-14T23:17:11">
			<failure message="True is not false" type="AssertionError">
<![CDATA[Traceback (most recent call last):
  File "C:\Users\sherbold\git\atoml\testres\scikittests\test_Logistic_Default_Scikit.py", line 44, in wrap
    raise it.exception
  File "C:\Users\sherbold\git\atoml\testres\scikittests\test_Logistic_Default_Scikit.py", line 32, in run
    self.result = func(*self.args, **self.kwargs)
  File "C:\Users\sherbold\git\atoml\testres\scikittests\test_Logistic_Default_Scikit.py", line 355, in test_Opposite_CREDITG
    self.assertFalse((prediction_original==prediction_morph).any())
AssertionError: True is not false
]]>			</failure>
		</testcase>
		<testcase classname="test_Logistic_Default_Scikit.test_Logistic_Default_Scikit" name="test_Reorder_CREDITG" time="0.178" timestamp="2018-08-14T23:17:12">
			<failure message="False is not true" type="AssertionError">
<![CDATA[Traceback (most recent call last):
  File "C:\Users\sherbold\git\atoml\testres\scikittests\test_Logistic_Default_Scikit.py", line 44, in wrap
    raise it.exception
  File "C:\Users\sherbold\git\atoml\testres\scikittests\test_Logistic_Default_Scikit.py", line 32, in run
    self.result = func(*self.args, **self.kwargs)
  File "C:\Users\sherbold\git\atoml\testres\scikittests\test_Logistic_Default_Scikit.py", line 967, in test_Reorder_CREDITG
    self.assertTrue((prediction_original==prediction_morph).all())
AssertionError: False is not true
]]>			</failure>
		</testcase>
		<testcase classname="test_Logistic_Default_Scikit.test_Logistic_Default_Scikit" name="test_ManyCategories" time="115.584" timestamp="2018-08-14T20:17:10" />
		<testcase classname="test_Logistic_Default_Scikit.test_Logistic_Default_Scikit" name="test_MaxDouble" time="21600.004" timestamp="2018-08-14T23:17:10">
			<error message="'timeout after 21600 seconds for test &lt;function test_Logistic_Default_Scikit.test_MaxDouble at 0x000002495BFB37B8&gt;'" type="TestTimeoutException">
<![CDATA[Traceback (most recent call last):
  File "C:\Users\sherbold\git\atoml\testres\scikittests\test_Logistic_Default_Scikit.py", line 42, in wrap
    raise TestTimeoutException('timeout after %i seconds for test %s' % (duration, func))
test_Logistic_Default_Scikit.TestTimeoutException: 'timeout after 21600 seconds for test <function test_Logistic_Default_Scikit.test_MaxDouble at 0x000002495BFB37B8>'
]]>			</error>
		</testcase>
		<testcase classname="test_Logistic_Default_Scikit.test_Logistic_Default_Scikit" name="test_OneClass" time="0.024" timestamp="2018-08-14T23:17:10">
			<error message="This solver needs samples of at least 2 classes in the data, but the data contains only one class: 0.0" type="ValueError">
<![CDATA[Traceback (most recent call last):
  File "C:\Users\sherbold\git\atoml\testres\scikittests\test_Logistic_Default_Scikit.py", line 44, in wrap
    raise it.exception
  File "C:\Users\sherbold\git\atoml\testres\scikittests\test_Logistic_Default_Scikit.py", line 32, in run
    self.result = func(*self.args, **self.kwargs)
  File "C:\Users\sherbold\git\atoml\testres\scikittests\test_Logistic_Default_Scikit.py", line 1978, in test_OneClass
    classifier.fit(np.delete(data_df.values, classIndex, axis=1),data_df.values[:,classIndex])
  File "C:\Program Files\Python35\lib\site-packages\sklearn\linear_model\logistic.py", line 1237, in fit
    sample_weight=sample_weight)
  File "C:\Program Files\Python35\lib\site-packages\sklearn\svm\base.py", line 853, in _fit_liblinear
    " class: %r" % classes_[0])
ValueError: This solver needs samples of at least 2 classes in the data, but the data contains only one class: 0.0
]]>			</error>
		</testcase>
		<testcase classname="test_Logistic_Default_Scikit.test_Logistic_Default_Scikit" name="test_VeryLarge" time="21600.002" timestamp="2018-08-15T02:17:15">
			<error message="'timeout after 21600 seconds for test &lt;function test_Logistic_Default_Scikit.test_VeryLarge at 0x000002495BFB3598&gt;'" type="TestTimeoutException">
<![CDATA[Traceback (most recent call last):
  File "C:\Users\sherbold\git\atoml\testres\scikittests\test_Logistic_Default_Scikit.py", line 42, in wrap
    raise TestTimeoutException('timeout after %i seconds for test %s' % (duration, func))
test_Logistic_Default_Scikit.TestTimeoutException: 'timeout after 21600 seconds for test <function test_Logistic_Default_Scikit.test_VeryLarge at 0x000002495BFB3598>'
]]>			</error>
		</testcase>
		<system-out>
<![CDATA[]]>		</system-out>
		<system-err>
<![CDATA[]]>		</system-err>
	</testsuite>
	<testsuite errors="3" failures="2" name="test_SVM_Linear_Scikit.test_SVM_Linear_Scikit-20180814171053" skipped="0" tests="70" time="18729.964" timestamp="2018-08-15T07:41:49">
		<testcase classname="test_SVM_Linear_Scikit.test_SVM_Linear_Scikit" name="test_Bias" time="0.080" timestamp="2018-08-15T02:29:39"/>
		<testcase classname="test_SVM_Linear_Scikit.test_SVM_Linear_Scikit" name="test_Const_IONOSPHERE" time="0.079" timestamp="2018-08-15T02:29:39"/>
		<testcase classname="test_SVM_Linear_Scikit.test_SVM_Linear_Scikit" name="test_Const_RANDNUM" time="0.077" timestamp="2018-08-15T02:29:39"/>
		<testcase classname="test_SVM_Linear_Scikit.test_SVM_Linear_Scikit" name="test_Const_UNBALANCE" time="8.712" timestamp="2018-08-15T02:29:48"/>
		<testcase classname="test_SVM_Linear_Scikit.test_SVM_Linear_Scikit" name="test_Const_UNIFORM" time="0.073" timestamp="2018-08-15T02:29:48"/>
		<testcase classname="test_SVM_Linear_Scikit.test_SVM_Linear_Scikit" name="test_DisjointCategorical" time="0.099" timestamp="2018-08-15T02:29:48"/>
		<testcase classname="test_SVM_Linear_Scikit.test_SVM_Linear_Scikit" name="test_DisjointNumeric" time="0.074" timestamp="2018-08-15T02:29:48"/>
		<testcase classname="test_SVM_Linear_Scikit.test_SVM_Linear_Scikit" name="test_LeftSkew" time="0.069" timestamp="2018-08-15T02:29:49"/>
		<testcase classname="test_SVM_Linear_Scikit.test_SVM_Linear_Scikit" name="test_MaxDouble" time="0.864" timestamp="2018-08-15T02:32:32"/>
		<testcase classname="test_SVM_Linear_Scikit.test_SVM_Linear_Scikit" name="test_MaxFloat" time="0.093" timestamp="2018-08-15T02:32:32"/>
		<testcase classname="test_SVM_Linear_Scikit.test_SVM_Linear_Scikit" name="test_MinDouble" time="0.071" timestamp="2018-08-15T02:32:32"/>
		<testcase classname="test_SVM_Linear_Scikit.test_SVM_Linear_Scikit" name="test_MinFloat" time="0.074" timestamp="2018-08-15T02:32:32"/>
		<testcase classname="test_SVM_Linear_Scikit.test_SVM_Linear_Scikit" name="test_Opposite_CATEGORICAL" time="0.108" timestamp="2018-08-15T02:32:32"/>
		<testcase classname="test_SVM_Linear_Scikit.test_SVM_Linear_Scikit" name="test_Opposite_IONOSPHERE" time="0.079" timestamp="2018-08-15T02:57:34"/>
		<testcase classname="test_SVM_Linear_Scikit.test_SVM_Linear_Scikit" name="test_Opposite_RANDCAT" time="0.105" timestamp="2018-08-15T02:57:34"/>
		<testcase classname="test_SVM_Linear_Scikit.test_SVM_Linear_Scikit" name="test_Opposite_RANDNUM" time="0.071" timestamp="2018-08-15T02:57:34"/>
		<testcase classname="test_SVM_Linear_Scikit.test_SVM_Linear_Scikit" name="test_Opposite_UNIFORM" time="0.108" timestamp="2018-08-15T05:57:34"/>
		<testcase classname="test_SVM_Linear_Scikit.test_SVM_Linear_Scikit" name="test_Opposite_WEATHERNOMINAL" time="0.046" timestamp="2018-08-15T05:57:34"/>
		<testcase classname="test_SVM_Linear_Scikit.test_SVM_Linear_Scikit" name="test_Opposite_WEATHERNUMERIC" time="0.029" timestamp="2018-08-15T05:57:34"/>
		<testcase classname="test_SVM_Linear_Scikit.test_SVM_Linear_Scikit" name="test_Outlier" time="0.099" timestamp="2018-08-15T05:57:34"/>
		<testcase classname="test_SVM_Linear_Scikit.test_SVM_Linear_Scikit" name="test_RandomCategorial" time="0.141" timestamp="2018-08-15T05:57:35"/>
		<testcase classname="test_SVM_Linear_Scikit.test_SVM_Linear_Scikit" name="test_RandomNumeric" time="0.085" timestamp="2018-08-15T05:57:35"/>
		<testcase classname="test_SVM_Linear_Scikit.test_SVM_Linear_Scikit" name="test_Rename_CATEGORICAL" time="0.169" timestamp="2018-08-15T05:57:35"/>
		<testcase classname="test_SVM_Linear_Scikit.test_SVM_Linear_Scikit" name="test_Rename_CREDITG" time="1542.437" timestamp="2018-08-15T06:23:17"/>
		<testcase classname="test_SVM_Linear_Scikit.test_SVM_Linear_Scikit" name="test_Rename_IONOSPHERE" time="0.109" timestamp="2018-08-15T06:23:17"/>
		<testcase classname="test_SVM_Linear_Scikit.test_SVM_Linear_Scikit" name="test_Rename_RANDCAT" time="0.149" timestamp="2018-08-15T06:23:17"/>
		<testcase classname="test_SVM_Linear_Scikit.test_SVM_Linear_Scikit" name="test_Rename_RANDNUM" time="0.105" timestamp="2018-08-15T06:23:18"/>
		<testcase classname="test_SVM_Linear_Scikit.test_SVM_Linear_Scikit" name="test_Rename_UNBALANCE" time="10.809" timestamp="2018-08-15T06:23:28"/>
		<testcase classname="test_SVM_Linear_Scikit.test_SVM_Linear_Scikit" name="test_Rename_UNIFORM" time="0.110" timestamp="2018-08-15T06:23:29"/>
		<testcase classname="test_SVM_Linear_Scikit.test_SVM_Linear_Scikit" name="test_Rename_WEATHERNOMINAL" time="0.053" timestamp="2018-08-15T06:23:29"/>
		<testcase classname="test_SVM_Linear_Scikit.test_SVM_Linear_Scikit" name="test_Rename_WEATHERNUMERIC" time="0.029" timestamp="2018-08-15T06:23:29"/>
		<testcase classname="test_SVM_Linear_Scikit.test_SVM_Linear_Scikit" name="test_Reorder_CATEGORICAL" time="0.153" timestamp="2018-08-15T06:23:29"/>
		<testcase classname="test_SVM_Linear_Scikit.test_SVM_Linear_Scikit" name="test_Reorder_CREDITG" time="1538.270" timestamp="2018-08-15T06:49:07"/>
		<testcase classname="test_SVM_Linear_Scikit.test_SVM_Linear_Scikit" name="test_Reorder_IONOSPHERE" time="0.109" timestamp="2018-08-15T06:49:07"/>
		<testcase classname="test_SVM_Linear_Scikit.test_SVM_Linear_Scikit" name="test_Reorder_RANDCAT" time="0.144" timestamp="2018-08-15T06:49:07"/>
		<testcase classname="test_SVM_Linear_Scikit.test_SVM_Linear_Scikit" name="test_Reorder_RANDNUM" time="0.104" timestamp="2018-08-15T06:49:07"/>
		<testcase classname="test_SVM_Linear_Scikit.test_SVM_Linear_Scikit" name="test_Reorder_UNBALANCE" time="10.687" timestamp="2018-08-15T06:49:18"/>
		<testcase classname="test_SVM_Linear_Scikit.test_SVM_Linear_Scikit" name="test_Reorder_UNIFORM" time="0.086" timestamp="2018-08-15T06:49:18"/>
		<testcase classname="test_SVM_Linear_Scikit.test_SVM_Linear_Scikit" name="test_Reorder_WEATHERNOMINAL" time="0.038" timestamp="2018-08-15T06:49:18"/>
		<testcase classname="test_SVM_Linear_Scikit.test_SVM_Linear_Scikit" name="test_Reorder_WEATHERNUMERIC" time="0.039" timestamp="2018-08-15T06:49:18"/>
		<testcase classname="test_SVM_Linear_Scikit.test_SVM_Linear_Scikit" name="test_RightSkew" time="0.099" timestamp="2018-08-15T06:49:18"/>
		<testcase classname="test_SVM_Linear_Scikit.test_SVM_Linear_Scikit" name="test_Same_CATEGORICAL" time="0.159" timestamp="2018-08-15T06:49:18"/>
		<testcase classname="test_SVM_Linear_Scikit.test_SVM_Linear_Scikit" name="test_Same_CREDITG" time="1569.088" timestamp="2018-08-15T07:15:28"/>
		<testcase classname="test_SVM_Linear_Scikit.test_SVM_Linear_Scikit" name="test_Same_IONOSPHERE" time="0.106" timestamp="2018-08-15T07:15:28"/>
		<testcase classname="test_SVM_Linear_Scikit.test_SVM_Linear_Scikit" name="test_Same_RANDCAT" time="0.149" timestamp="2018-08-15T07:15:28"/>
		<testcase classname="test_SVM_Linear_Scikit.test_SVM_Linear_Scikit" name="test_Same_RANDNUM" time="0.106" timestamp="2018-08-15T07:15:28"/>
		<testcase classname="test_SVM_Linear_Scikit.test_SVM_Linear_Scikit" name="test_Same_UNBALANCE" time="10.715" timestamp="2018-08-15T07:15:39"/>
		<testcase classname="test_SVM_Linear_Scikit.test_SVM_Linear_Scikit" name="test_Same_UNIFORM" time="0.118" timestamp="2018-08-15T07:15:39"/>
		<testcase classname="test_SVM_Linear_Scikit.test_SVM_Linear_Scikit" name="test_Same_WEATHERNOMINAL" time="0.035" timestamp="2018-08-15T07:15:39"/>
		<testcase classname="test_SVM_Linear_Scikit.test_SVM_Linear_Scikit" name="test_Same_WEATHERNUMERIC" time="0.047" timestamp="2018-08-15T07:15:39"/>
		<testcase classname="test_SVM_Linear_Scikit.test_SVM_Linear_Scikit" name="test_Scramble_CATEGORICAL" time="0.182" timestamp="2018-08-15T07:15:39"/>
		<testcase classname="test_SVM_Linear_Scikit.test_SVM_Linear_Scikit" name="test_Scramble_IONOSPHERE" time="0.107" timestamp="2018-08-15T07:41:38"/>
		<testcase classname="test_SVM_Linear_Scikit.test_SVM_Linear_Scikit" name="test_Scramble_RANDCAT" time="0.157" timestamp="2018-08-15T07:41:38"/>
		<testcase classname="test_SVM_Linear_Scikit.test_SVM_Linear_Scikit" name="test_Scramble_RANDNUM" time="0.109" timestamp="2018-08-15T07:41:38"/>
		<testcase classname="test_SVM_Linear_Scikit.test_SVM_Linear_Scikit" name="test_Scramble_UNBALANCE" time="9.950" timestamp="2018-08-15T07:41:48"/>
		<testcase classname="test_SVM_Linear_Scikit.test_SVM_Linear_Scikit" name="test_Scramble_UNIFORM" time="0.106" timestamp="2018-08-15T07:41:48"/>
		<testcase classname="test_SVM_Linear_Scikit.test_SVM_Linear_Scikit" name="test_Scramble_WEATHERNOMINAL" time="0.031" timestamp="2018-08-15T07:41:48"/>
		<testcase classname="test_SVM_Linear_Scikit.test_SVM_Linear_Scikit" name="test_Scramble_WEATHERNUMERIC" time="0.076" timestamp="2018-08-15T07:41:48"/>
		<testcase classname="test_SVM_Linear_Scikit.test_SVM_Linear_Scikit" name="test_Split" time="0.100" timestamp="2018-08-15T07:41:49"/>
		<testcase classname="test_SVM_Linear_Scikit.test_SVM_Linear_Scikit" name="test_StarvedBinary" time="0.149" timestamp="2018-08-15T07:41:49"/>
		<testcase classname="test_SVM_Linear_Scikit.test_SVM_Linear_Scikit" name="test_StarvedMany" time="0.137" timestamp="2018-08-15T07:41:49"/>
		<testcase classname="test_SVM_Linear_Scikit.test_SVM_Linear_Scikit" name="test_Uniform" time="0.099" timestamp="2018-08-15T07:41:49"/>
		<testcase classname="test_SVM_Linear_Scikit.test_SVM_Linear_Scikit" name="test_VeryLarge" time="0.100" timestamp="2018-08-15T07:41:49"/>
		<testcase classname="test_SVM_Linear_Scikit.test_SVM_Linear_Scikit" name="test_VerySmall" time="0.101" timestamp="2018-08-15T07:41:49"/>
		<testcase classname="test_SVM_Linear_Scikit.test_SVM_Linear_Scikit" name="test_Zeroes" time="0.117" timestamp="2018-08-15T07:41:49"/>
		<testcase classname="test_SVM_Linear_Scikit.test_SVM_Linear_Scikit" name="test_Opposite_CREDITG" time="1501.515" timestamp="2018-08-15T02:57:34">
			<failure message="True is not false" type="AssertionError">
<![CDATA[Traceback (most recent call last):
  File "C:\Users\sherbold\git\atoml\testres\scikittests\test_SVM_Linear_Scikit.py", line 44, in wrap
    raise it.exception
  File "C:\Users\sherbold\git\atoml\testres\scikittests\test_SVM_Linear_Scikit.py", line 32, in run
    self.result = func(*self.args, **self.kwargs)
  File "C:\Users\sherbold\git\atoml\testres\scikittests\test_SVM_Linear_Scikit.py", line 355, in test_Opposite_CREDITG
    self.assertFalse((prediction_original==prediction_morph).any())
AssertionError: True is not false
]]>			</failure>
		</testcase>
		<testcase classname="test_SVM_Linear_Scikit.test_SVM_Linear_Scikit" name="test_Scramble_CREDITG" time="1558.839" timestamp="2018-08-15T07:41:38">
			<failure message="False is not true" type="AssertionError">
<![CDATA[Traceback (most recent call last):
  File "C:\Users\sherbold\git\atoml\testres\scikittests\test_SVM_Linear_Scikit.py", line 44, in wrap
    raise it.exception
  File "C:\Users\sherbold\git\atoml\testres\scikittests\test_SVM_Linear_Scikit.py", line 32, in run
    self.result = func(*self.args, **self.kwargs)
  File "C:\Users\sherbold\git\atoml\testres\scikittests\test_SVM_Linear_Scikit.py", line 661, in test_Scramble_CREDITG
    self.assertTrue((prediction_original==prediction_morph).all())
AssertionError: False is not true
]]>			</failure>
		</testcase>
		<testcase classname="test_SVM_Linear_Scikit.test_SVM_Linear_Scikit" name="test_ManyCategories" time="21600.280" timestamp="2018-08-15T02:32:31">
			<error message="'timeout after 21600 seconds for test &lt;function test_SVM_Linear_Scikit.test_ManyCategories at 0x000002163281AF28&gt;'" type="TestTimeoutException">
<![CDATA[Traceback (most recent call last):
  File ".\test_SVM_Linear_Scikit.py", line 42, in wrap
    raise TestTimeoutException('timeout after %i seconds for test %s' % (duration, func))
TestTimeoutException: 'timeout after 21600 seconds for test <function test_SVM_Linear_Scikit.test_ManyCategories at 0x000002163281AF28>'
]]>			</error>
		</testcase>
		<testcase classname="test_SVM_Linear_Scikit.test_SVM_Linear_Scikit" name="test_OneClass" time="0.035" timestamp="2018-08-15T02:32:32">
			<error message="The number of classes has to be greater than one; got 1" type="ValueError">
<![CDATA[Traceback (most recent call last):
  File "C:\Users\sherbold\git\atoml\testres\scikittests\test_SVM_Linear_Scikit.py", line 44, in wrap
    raise it.exception
  File "C:\Users\sherbold\git\atoml\testres\scikittests\test_SVM_Linear_Scikit.py", line 32, in run
    self.result = func(*self.args, **self.kwargs)
  File "C:\Users\sherbold\git\atoml\testres\scikittests\test_SVM_Linear_Scikit.py", line 1978, in test_OneClass
    classifier.fit(np.delete(data_df.values, classIndex, axis=1),data_df.values[:,classIndex])
  File "C:\Program Files\Python35\lib\site-packages\sklearn\svm\base.py", line 150, in fit
    y = self._validate_targets(y)
  File "C:\Program Files\Python35\lib\site-packages\sklearn\svm\base.py", line 506, in _validate_targets
    % len(cls))
ValueError: The number of classes has to be greater than one; got 1
]]>			</error>
		</testcase>
		<testcase classname="test_SVM_Linear_Scikit.test_SVM_Linear_Scikit" name="test_Opposite_UNBALANCE" time="21600.012" timestamp="2018-08-15T05:57:34">
			<error message="'timeout after 21600 seconds for test &lt;function test_SVM_Linear_Scikit.test_Opposite_UNBALANCE at 0x000002495C17C620&gt;'" type="TestTimeoutException">
<![CDATA[Traceback (most recent call last):
  File "C:\Users\sherbold\git\atoml\testres\scikittests\test_SVM_Linear_Scikit.py", line 42, in wrap
    raise TestTimeoutException('timeout after %i seconds for test %s' % (duration, func))
test_SVM_Linear_Scikit.TestTimeoutException: 'timeout after 21600 seconds for test <function test_SVM_Linear_Scikit.test_Opposite_UNBALANCE at 0x000002495C17C620>'
]]>			</error>
		</testcase>
		<system-out>
<![CDATA[]]>		</system-out>
		<system-err>
<![CDATA[C:\Program Files\Python35\lib\site-packages\numpy\core\_methods.py:36: RuntimeWarning: overflow encountered in reduce
  return umr_sum(a, axis, dtype, out, keepdims, initial)
]]>		</system-err>
	</testsuite>
	<testsuite errors="3" failures="8" name="test_QuadraticDiscriminantAnalysis_Default_Scikit.test_QuadraticDiscriminantAnalysis_Default_Scikit-20180814171053" skipped="0" tests="70" time="169.708" timestamp="2018-08-15T02:26:41">
		<testcase classname="test_QuadraticDiscriminantAnalysis_Default_Scikit.test_QuadraticDiscriminantAnalysis_Default_Scikit" name="test_Const_RANDNUM" time="0.080" timestamp="2018-08-15T02:23:51"/>
		<testcase classname="test_QuadraticDiscriminantAnalysis_Default_Scikit.test_QuadraticDiscriminantAnalysis_Default_Scikit" name="test_Const_UNBALANCE" time="0.127" timestamp="2018-08-15T02:23:52"/>
		<testcase classname="test_QuadraticDiscriminantAnalysis_Default_Scikit.test_QuadraticDiscriminantAnalysis_Default_Scikit" name="test_Const_UNIFORM" time="0.078" timestamp="2018-08-15T02:23:52"/>
		<testcase classname="test_QuadraticDiscriminantAnalysis_Default_Scikit.test_QuadraticDiscriminantAnalysis_Default_Scikit" name="test_DisjointCategorical" time="0.111" timestamp="2018-08-15T02:23:52"/>
		<testcase classname="test_QuadraticDiscriminantAnalysis_Default_Scikit.test_QuadraticDiscriminantAnalysis_Default_Scikit" name="test_DisjointNumeric" time="0.071" timestamp="2018-08-15T02:23:52"/>
		<testcase classname="test_QuadraticDiscriminantAnalysis_Default_Scikit.test_QuadraticDiscriminantAnalysis_Default_Scikit" name="test_LeftSkew" time="0.089" timestamp="2018-08-15T02:23:52"/>
		<testcase classname="test_QuadraticDiscriminantAnalysis_Default_Scikit.test_QuadraticDiscriminantAnalysis_Default_Scikit" name="test_MaxDouble" time="0.920" timestamp="2018-08-15T02:26:36"/>
		<testcase classname="test_QuadraticDiscriminantAnalysis_Default_Scikit.test_QuadraticDiscriminantAnalysis_Default_Scikit" name="test_MaxFloat" time="0.071" timestamp="2018-08-15T02:26:36"/>
		<testcase classname="test_QuadraticDiscriminantAnalysis_Default_Scikit.test_QuadraticDiscriminantAnalysis_Default_Scikit" name="test_MinDouble" time="0.083" timestamp="2018-08-15T02:26:36"/>
		<testcase classname="test_QuadraticDiscriminantAnalysis_Default_Scikit.test_QuadraticDiscriminantAnalysis_Default_Scikit" name="test_MinFloat" time="0.077" timestamp="2018-08-15T02:26:36"/>
		<testcase classname="test_QuadraticDiscriminantAnalysis_Default_Scikit.test_QuadraticDiscriminantAnalysis_Default_Scikit" name="test_Opposite_CATEGORICAL" time="0.115" timestamp="2018-08-15T02:26:36"/>
		<testcase classname="test_QuadraticDiscriminantAnalysis_Default_Scikit.test_QuadraticDiscriminantAnalysis_Default_Scikit" name="test_Opposite_CREDITG" time="0.204" timestamp="2018-08-15T02:26:36"/>
		<testcase classname="test_QuadraticDiscriminantAnalysis_Default_Scikit.test_QuadraticDiscriminantAnalysis_Default_Scikit" name="test_Opposite_IONOSPHERE" time="0.068" timestamp="2018-08-15T02:26:36"/>
		<testcase classname="test_QuadraticDiscriminantAnalysis_Default_Scikit.test_QuadraticDiscriminantAnalysis_Default_Scikit" name="test_Opposite_RANDCAT" time="0.109" timestamp="2018-08-15T02:26:37"/>
		<testcase classname="test_QuadraticDiscriminantAnalysis_Default_Scikit.test_QuadraticDiscriminantAnalysis_Default_Scikit" name="test_Opposite_RANDNUM" time="0.074" timestamp="2018-08-15T02:26:37"/>
		<testcase classname="test_QuadraticDiscriminantAnalysis_Default_Scikit.test_QuadraticDiscriminantAnalysis_Default_Scikit" name="test_Opposite_UNBALANCE" time="0.131" timestamp="2018-08-15T02:26:37"/>
		<testcase classname="test_QuadraticDiscriminantAnalysis_Default_Scikit.test_QuadraticDiscriminantAnalysis_Default_Scikit" name="test_Opposite_UNIFORM" time="0.079" timestamp="2018-08-15T02:26:37"/>
		<testcase classname="test_QuadraticDiscriminantAnalysis_Default_Scikit.test_QuadraticDiscriminantAnalysis_Default_Scikit" name="test_Opposite_WEATHERNOMINAL" time="0.026" timestamp="2018-08-15T02:26:37"/>
		<testcase classname="test_QuadraticDiscriminantAnalysis_Default_Scikit.test_QuadraticDiscriminantAnalysis_Default_Scikit" name="test_Opposite_WEATHERNUMERIC" time="0.025" timestamp="2018-08-15T02:26:37"/>
		<testcase classname="test_QuadraticDiscriminantAnalysis_Default_Scikit.test_QuadraticDiscriminantAnalysis_Default_Scikit" name="test_Outlier" time="0.071" timestamp="2018-08-15T02:26:37"/>
		<testcase classname="test_QuadraticDiscriminantAnalysis_Default_Scikit.test_QuadraticDiscriminantAnalysis_Default_Scikit" name="test_RandomCategorial" time="0.096" timestamp="2018-08-15T02:26:37"/>
		<testcase classname="test_QuadraticDiscriminantAnalysis_Default_Scikit.test_QuadraticDiscriminantAnalysis_Default_Scikit" name="test_RandomNumeric" time="0.069" timestamp="2018-08-15T02:26:37"/>
		<testcase classname="test_QuadraticDiscriminantAnalysis_Default_Scikit.test_QuadraticDiscriminantAnalysis_Default_Scikit" name="test_Rename_CATEGORICAL" time="0.111" timestamp="2018-08-15T02:26:37"/>
		<testcase classname="test_QuadraticDiscriminantAnalysis_Default_Scikit.test_QuadraticDiscriminantAnalysis_Default_Scikit" name="test_Rename_CREDITG" time="0.190" timestamp="2018-08-15T02:26:37"/>
		<testcase classname="test_QuadraticDiscriminantAnalysis_Default_Scikit.test_QuadraticDiscriminantAnalysis_Default_Scikit" name="test_Rename_IONOSPHERE" time="0.109" timestamp="2018-08-15T02:26:38"/>
		<testcase classname="test_QuadraticDiscriminantAnalysis_Default_Scikit.test_QuadraticDiscriminantAnalysis_Default_Scikit" name="test_Rename_RANDCAT" time="0.107" timestamp="2018-08-15T02:26:38"/>
		<testcase classname="test_QuadraticDiscriminantAnalysis_Default_Scikit.test_QuadraticDiscriminantAnalysis_Default_Scikit" name="test_Rename_RANDNUM" time="0.074" timestamp="2018-08-15T02:26:38"/>
		<testcase classname="test_QuadraticDiscriminantAnalysis_Default_Scikit.test_QuadraticDiscriminantAnalysis_Default_Scikit" name="test_Rename_UNBALANCE" time="0.124" timestamp="2018-08-15T02:26:38"/>
		<testcase classname="test_QuadraticDiscriminantAnalysis_Default_Scikit.test_QuadraticDiscriminantAnalysis_Default_Scikit" name="test_Rename_UNIFORM" time="0.080" timestamp="2018-08-15T02:26:38"/>
		<testcase classname="test_QuadraticDiscriminantAnalysis_Default_Scikit.test_QuadraticDiscriminantAnalysis_Default_Scikit" name="test_Rename_WEATHERNOMINAL" time="0.028" timestamp="2018-08-15T02:26:38"/>
		<testcase classname="test_QuadraticDiscriminantAnalysis_Default_Scikit.test_QuadraticDiscriminantAnalysis_Default_Scikit" name="test_Rename_WEATHERNUMERIC" time="0.024" timestamp="2018-08-15T02:26:38"/>
		<testcase classname="test_QuadraticDiscriminantAnalysis_Default_Scikit.test_QuadraticDiscriminantAnalysis_Default_Scikit" name="test_Reorder_IONOSPHERE" time="0.070" timestamp="2018-08-15T02:26:38"/>
		<testcase classname="test_QuadraticDiscriminantAnalysis_Default_Scikit.test_QuadraticDiscriminantAnalysis_Default_Scikit" name="test_Reorder_RANDCAT" time="0.106" timestamp="2018-08-15T02:26:38"/>
		<testcase classname="test_QuadraticDiscriminantAnalysis_Default_Scikit.test_QuadraticDiscriminantAnalysis_Default_Scikit" name="test_Reorder_RANDNUM" time="0.074" timestamp="2018-08-15T02:26:38"/>
		<testcase classname="test_QuadraticDiscriminantAnalysis_Default_Scikit.test_QuadraticDiscriminantAnalysis_Default_Scikit" name="test_Reorder_UNBALANCE" time="0.128" timestamp="2018-08-15T02:26:39"/>
		<testcase classname="test_QuadraticDiscriminantAnalysis_Default_Scikit.test_QuadraticDiscriminantAnalysis_Default_Scikit" name="test_Reorder_UNIFORM" time="0.080" timestamp="2018-08-15T02:26:39"/>
		<testcase classname="test_QuadraticDiscriminantAnalysis_Default_Scikit.test_QuadraticDiscriminantAnalysis_Default_Scikit" name="test_RightSkew" time="0.070" timestamp="2018-08-15T02:26:39"/>
		<testcase classname="test_QuadraticDiscriminantAnalysis_Default_Scikit.test_QuadraticDiscriminantAnalysis_Default_Scikit" name="test_Same_CATEGORICAL" time="0.111" timestamp="2018-08-15T02:26:39"/>
		<testcase classname="test_QuadraticDiscriminantAnalysis_Default_Scikit.test_QuadraticDiscriminantAnalysis_Default_Scikit" name="test_Same_CREDITG" time="0.193" timestamp="2018-08-15T02:26:39"/>
		<testcase classname="test_QuadraticDiscriminantAnalysis_Default_Scikit.test_QuadraticDiscriminantAnalysis_Default_Scikit" name="test_Same_IONOSPHERE" time="0.069" timestamp="2018-08-15T02:26:39"/>
		<testcase classname="test_QuadraticDiscriminantAnalysis_Default_Scikit.test_QuadraticDiscriminantAnalysis_Default_Scikit" name="test_Same_RANDCAT" time="0.111" timestamp="2018-08-15T02:26:39"/>
		<testcase classname="test_QuadraticDiscriminantAnalysis_Default_Scikit.test_QuadraticDiscriminantAnalysis_Default_Scikit" name="test_Same_RANDNUM" time="0.077" timestamp="2018-08-15T02:26:39"/>
		<testcase classname="test_QuadraticDiscriminantAnalysis_Default_Scikit.test_QuadraticDiscriminantAnalysis_Default_Scikit" name="test_Same_UNBALANCE" time="0.126" timestamp="2018-08-15T02:26:39"/>
		<testcase classname="test_QuadraticDiscriminantAnalysis_Default_Scikit.test_QuadraticDiscriminantAnalysis_Default_Scikit" name="test_Same_UNIFORM" time="0.092" timestamp="2018-08-15T02:26:40"/>
		<testcase classname="test_QuadraticDiscriminantAnalysis_Default_Scikit.test_QuadraticDiscriminantAnalysis_Default_Scikit" name="test_Same_WEATHERNOMINAL" time="0.034" timestamp="2018-08-15T02:26:40"/>
		<testcase classname="test_QuadraticDiscriminantAnalysis_Default_Scikit.test_QuadraticDiscriminantAnalysis_Default_Scikit" name="test_Same_WEATHERNUMERIC" time="0.024" timestamp="2018-08-15T02:26:40"/>
		<testcase classname="test_QuadraticDiscriminantAnalysis_Default_Scikit.test_QuadraticDiscriminantAnalysis_Default_Scikit" name="test_Scramble_CREDITG" time="0.192" timestamp="2018-08-15T02:26:40"/>
		<testcase classname="test_QuadraticDiscriminantAnalysis_Default_Scikit.test_QuadraticDiscriminantAnalysis_Default_Scikit" name="test_Scramble_IONOSPHERE" time="0.072" timestamp="2018-08-15T02:26:40"/>
		<testcase classname="test_QuadraticDiscriminantAnalysis_Default_Scikit.test_QuadraticDiscriminantAnalysis_Default_Scikit" name="test_Scramble_RANDCAT" time="0.114" timestamp="2018-08-15T02:26:40"/>
		<testcase classname="test_QuadraticDiscriminantAnalysis_Default_Scikit.test_QuadraticDiscriminantAnalysis_Default_Scikit" name="test_Scramble_RANDNUM" time="0.076" timestamp="2018-08-15T02:26:40"/>
		<testcase classname="test_QuadraticDiscriminantAnalysis_Default_Scikit.test_QuadraticDiscriminantAnalysis_Default_Scikit" name="test_Scramble_UNBALANCE" time="0.124" timestamp="2018-08-15T02:26:40"/>
		<testcase classname="test_QuadraticDiscriminantAnalysis_Default_Scikit.test_QuadraticDiscriminantAnalysis_Default_Scikit" name="test_Scramble_UNIFORM" time="0.078" timestamp="2018-08-15T02:26:40"/>
		<testcase classname="test_QuadraticDiscriminantAnalysis_Default_Scikit.test_QuadraticDiscriminantAnalysis_Default_Scikit" name="test_Split" time="0.072" timestamp="2018-08-15T02:26:40"/>
		<testcase classname="test_QuadraticDiscriminantAnalysis_Default_Scikit.test_QuadraticDiscriminantAnalysis_Default_Scikit" name="test_StarvedBinary" time="0.100" timestamp="2018-08-15T02:26:41"/>
		<testcase classname="test_QuadraticDiscriminantAnalysis_Default_Scikit.test_QuadraticDiscriminantAnalysis_Default_Scikit" name="test_StarvedMany" time="0.111" timestamp="2018-08-15T02:26:41"/>
		<testcase classname="test_QuadraticDiscriminantAnalysis_Default_Scikit.test_QuadraticDiscriminantAnalysis_Default_Scikit" name="test_Uniform" time="0.071" timestamp="2018-08-15T02:26:41"/>
		<testcase classname="test_QuadraticDiscriminantAnalysis_Default_Scikit.test_QuadraticDiscriminantAnalysis_Default_Scikit" name="test_VeryLarge" time="0.076" timestamp="2018-08-15T02:26:41"/>
		<testcase classname="test_QuadraticDiscriminantAnalysis_Default_Scikit.test_QuadraticDiscriminantAnalysis_Default_Scikit" name="test_VerySmall" time="0.071" timestamp="2018-08-15T02:26:41"/>
		<testcase classname="test_QuadraticDiscriminantAnalysis_Default_Scikit.test_QuadraticDiscriminantAnalysis_Default_Scikit" name="test_Zeroes" time="0.070" timestamp="2018-08-15T02:26:41"/>
		<testcase classname="test_QuadraticDiscriminantAnalysis_Default_Scikit.test_QuadraticDiscriminantAnalysis_Default_Scikit" name="test_Const_IONOSPHERE" time="0.084" timestamp="2018-08-15T02:23:51">
			<failure message="False is not true" type="AssertionError">
<![CDATA[Traceback (most recent call last):
  File "C:\Users\sherbold\git\atoml\testres\scikittests\test_QuadraticDiscriminantAnalysis_Default_Scikit.py", line 44, in wrap
    raise it.exception
  File "C:\Users\sherbold\git\atoml\testres\scikittests\test_QuadraticDiscriminantAnalysis_Default_Scikit.py", line 32, in run
    self.result = func(*self.args, **self.kwargs)
  File "C:\Users\sherbold\git\atoml\testres\scikittests\test_QuadraticDiscriminantAnalysis_Default_Scikit.py", line 151, in test_Const_IONOSPHERE
    self.assertTrue((prediction_original==prediction_morph).all())
AssertionError: False is not true
]]>			</failure>
		</testcase>
		<testcase classname="test_QuadraticDiscriminantAnalysis_Default_Scikit.test_QuadraticDiscriminantAnalysis_Default_Scikit" name="test_Reorder_CATEGORICAL" time="0.024" timestamp="2018-08-15T02:26:38">
			<failure message="False is not true" type="AssertionError">
<![CDATA[Traceback (most recent call last):
  File "C:\Users\sherbold\git\atoml\testres\scikittests\test_QuadraticDiscriminantAnalysis_Default_Scikit.py", line 44, in wrap
    raise it.exception
  File "C:\Users\sherbold\git\atoml\testres\scikittests\test_QuadraticDiscriminantAnalysis_Default_Scikit.py", line 32, in run
    self.result = func(*self.args, **self.kwargs)
  File "C:\Users\sherbold\git\atoml\testres\scikittests\test_QuadraticDiscriminantAnalysis_Default_Scikit.py", line 933, in test_Reorder_CATEGORICAL
    self.assertTrue((prediction_original==prediction_morph).all())
AssertionError: False is not true
]]>			</failure>
		</testcase>
		<testcase classname="test_QuadraticDiscriminantAnalysis_Default_Scikit.test_QuadraticDiscriminantAnalysis_Default_Scikit" name="test_Reorder_CREDITG" time="0.193" timestamp="2018-08-15T02:26:38">
			<failure message="False is not true" type="AssertionError">
<![CDATA[Traceback (most recent call last):
  File "C:\Users\sherbold\git\atoml\testres\scikittests\test_QuadraticDiscriminantAnalysis_Default_Scikit.py", line 44, in wrap
    raise it.exception
  File "C:\Users\sherbold\git\atoml\testres\scikittests\test_QuadraticDiscriminantAnalysis_Default_Scikit.py", line 32, in run
    self.result = func(*self.args, **self.kwargs)
  File "C:\Users\sherbold\git\atoml\testres\scikittests\test_QuadraticDiscriminantAnalysis_Default_Scikit.py", line 967, in test_Reorder_CREDITG
    self.assertTrue((prediction_original==prediction_morph).all())
AssertionError: False is not true
]]>			</failure>
		</testcase>
		<testcase classname="test_QuadraticDiscriminantAnalysis_Default_Scikit.test_QuadraticDiscriminantAnalysis_Default_Scikit" name="test_Reorder_WEATHERNOMINAL" time="0.028" timestamp="2018-08-15T02:26:39">
			<failure message="False is not true" type="AssertionError">
<![CDATA[Traceback (most recent call last):
  File "C:\Users\sherbold\git\atoml\testres\scikittests\test_QuadraticDiscriminantAnalysis_Default_Scikit.py", line 44, in wrap
    raise it.exception
  File "C:\Users\sherbold\git\atoml\testres\scikittests\test_QuadraticDiscriminantAnalysis_Default_Scikit.py", line 32, in run
    self.result = func(*self.args, **self.kwargs)
  File "C:\Users\sherbold\git\atoml\testres\scikittests\test_QuadraticDiscriminantAnalysis_Default_Scikit.py", line 1069, in test_Reorder_WEATHERNOMINAL
    self.assertTrue((prediction_original==prediction_morph).all())
AssertionError: False is not true
]]>			</failure>
		</testcase>
		<testcase classname="test_QuadraticDiscriminantAnalysis_Default_Scikit.test_QuadraticDiscriminantAnalysis_Default_Scikit" name="test_Reorder_WEATHERNUMERIC" time="0.026" timestamp="2018-08-15T02:26:39">
			<failure message="False is not true" type="AssertionError">
<![CDATA[Traceback (most recent call last):
  File "C:\Users\sherbold\git\atoml\testres\scikittests\test_QuadraticDiscriminantAnalysis_Default_Scikit.py", line 44, in wrap
    raise it.exception
  File "C:\Users\sherbold\git\atoml\testres\scikittests\test_QuadraticDiscriminantAnalysis_Default_Scikit.py", line 32, in run
    self.result = func(*self.args, **self.kwargs)
  File "C:\Users\sherbold\git\atoml\testres\scikittests\test_QuadraticDiscriminantAnalysis_Default_Scikit.py", line 1103, in test_Reorder_WEATHERNUMERIC
    self.assertTrue((prediction_original==prediction_morph).all())
AssertionError: False is not true
]]>			</failure>
		</testcase>
		<testcase classname="test_QuadraticDiscriminantAnalysis_Default_Scikit.test_QuadraticDiscriminantAnalysis_Default_Scikit" name="test_Scramble_CATEGORICAL" time="0.023" timestamp="2018-08-15T02:26:40">
			<failure message="False is not true" type="AssertionError">
<![CDATA[Traceback (most recent call last):
  File "C:\Users\sherbold\git\atoml\testres\scikittests\test_QuadraticDiscriminantAnalysis_Default_Scikit.py", line 44, in wrap
    raise it.exception
  File "C:\Users\sherbold\git\atoml\testres\scikittests\test_QuadraticDiscriminantAnalysis_Default_Scikit.py", line 32, in run
    self.result = func(*self.args, **self.kwargs)
  File "C:\Users\sherbold\git\atoml\testres\scikittests\test_QuadraticDiscriminantAnalysis_Default_Scikit.py", line 627, in test_Scramble_CATEGORICAL
    self.assertTrue((prediction_original==prediction_morph).all())
AssertionError: False is not true
]]>			</failure>
		</testcase>
		<testcase classname="test_QuadraticDiscriminantAnalysis_Default_Scikit.test_QuadraticDiscriminantAnalysis_Default_Scikit" name="test_Scramble_WEATHERNOMINAL" time="0.029" timestamp="2018-08-15T02:26:40">
			<failure message="False is not true" type="AssertionError">
<![CDATA[Traceback (most recent call last):
  File "C:\Users\sherbold\git\atoml\testres\scikittests\test_QuadraticDiscriminantAnalysis_Default_Scikit.py", line 44, in wrap
    raise it.exception
  File "C:\Users\sherbold\git\atoml\testres\scikittests\test_QuadraticDiscriminantAnalysis_Default_Scikit.py", line 32, in run
    self.result = func(*self.args, **self.kwargs)
  File "C:\Users\sherbold\git\atoml\testres\scikittests\test_QuadraticDiscriminantAnalysis_Default_Scikit.py", line 763, in test_Scramble_WEATHERNOMINAL
    self.assertTrue((prediction_original==prediction_morph).all())
AssertionError: False is not true
]]>			</failure>
		</testcase>
		<testcase classname="test_QuadraticDiscriminantAnalysis_Default_Scikit.test_QuadraticDiscriminantAnalysis_Default_Scikit" name="test_Scramble_WEATHERNUMERIC" time="0.024" timestamp="2018-08-15T02:26:40">
			<failure message="False is not true" type="AssertionError">
<![CDATA[Traceback (most recent call last):
  File "C:\Users\sherbold\git\atoml\testres\scikittests\test_QuadraticDiscriminantAnalysis_Default_Scikit.py", line 44, in wrap
    raise it.exception
  File "C:\Users\sherbold\git\atoml\testres\scikittests\test_QuadraticDiscriminantAnalysis_Default_Scikit.py", line 32, in run
    self.result = func(*self.args, **self.kwargs)
  File "C:\Users\sherbold\git\atoml\testres\scikittests\test_QuadraticDiscriminantAnalysis_Default_Scikit.py", line 797, in test_Scramble_WEATHERNUMERIC
    self.assertTrue((prediction_original==prediction_morph).all())
AssertionError: False is not true
]]>			</failure>
		</testcase>
		<testcase classname="test_QuadraticDiscriminantAnalysis_Default_Scikit.test_QuadraticDiscriminantAnalysis_Default_Scikit" name="test_Bias" time="0.023" timestamp="2018-08-15T02:23:51">
			<error message="y has only 1 sample in class 0.0, covariance is ill defined." type="ValueError">
<![CDATA[Traceback (most recent call last):
  File "C:\Users\sherbold\git\atoml\testres\scikittests\test_QuadraticDiscriminantAnalysis_Default_Scikit.py", line 44, in wrap
    raise it.exception
  File "C:\Users\sherbold\git\atoml\testres\scikittests\test_QuadraticDiscriminantAnalysis_Default_Scikit.py", line 32, in run
    self.result = func(*self.args, **self.kwargs)
  File "C:\Users\sherbold\git\atoml\testres\scikittests\test_QuadraticDiscriminantAnalysis_Default_Scikit.py", line 2002, in test_Bias
    classifier.fit(np.delete(data_df.values, classIndex, axis=1),data_df.values[:,classIndex])
  File "C:\Program Files\Python35\lib\site-packages\sklearn\discriminant_analysis.py", line 676, in fit
    'is ill defined.' % str(self.classes_[ind]))
ValueError: y has only 1 sample in class 0.0, covariance is ill defined.
]]>			</error>
		</testcase>
		<testcase classname="test_QuadraticDiscriminantAnalysis_Default_Scikit.test_QuadraticDiscriminantAnalysis_Default_Scikit" name="test_ManyCategories" time="163.022" timestamp="2018-08-15T02:26:35">
			<error message="" type="MemoryError">
<![CDATA[Traceback (most recent call last):
  File ".\test_QuadraticDiscriminantAnalysis_Default_Scikit.py", line 44, in wrap
    raise it.exception
  File ".\test_QuadraticDiscriminantAnalysis_Default_Scikit.py", line 32, in run
    self.result = func(*self.args, **self.kwargs)
  File ".\test_QuadraticDiscriminantAnalysis_Default_Scikit.py", line 72, in test_ManyCategories
    classifier.fit(np.delete(data_df.values, classIndex, axis=1),data_df.values[:,classIndex])
  File "C:\Program Files\Python35\lib\site-packages\sklearn\discriminant_analysis.py", line 671, in fit
    Xg = X[y == ind, :]
MemoryError
]]>			</error>
		</testcase>
		<testcase classname="test_QuadraticDiscriminantAnalysis_Default_Scikit.test_QuadraticDiscriminantAnalysis_Default_Scikit" name="test_OneClass" time="0.015" timestamp="2018-08-15T02:26:36">
			<error message="y has less than 2 classes" type="ValueError">
<![CDATA[Traceback (most recent call last):
  File "C:\Users\sherbold\git\atoml\testres\scikittests\test_QuadraticDiscriminantAnalysis_Default_Scikit.py", line 44, in wrap
    raise it.exception
  File "C:\Users\sherbold\git\atoml\testres\scikittests\test_QuadraticDiscriminantAnalysis_Default_Scikit.py", line 32, in run
    self.result = func(*self.args, **self.kwargs)
  File "C:\Users\sherbold\git\atoml\testres\scikittests\test_QuadraticDiscriminantAnalysis_Default_Scikit.py", line 1978, in test_OneClass
    classifier.fit(np.delete(data_df.values, classIndex, axis=1),data_df.values[:,classIndex])
  File "C:\Program Files\Python35\lib\site-packages\sklearn\discriminant_analysis.py", line 653, in fit
    raise ValueError('y has less than 2 classes')
ValueError: y has less than 2 classes
]]>			</error>
		</testcase>
		<system-out>
<![CDATA[]]>		</system-out>
		<system-err>
<![CDATA[C:\Program Files\Python35\lib\site-packages\sklearn\discriminant_analysis.py:706: RuntimeWarning: divide by zero encountered in power
  X2 = np.dot(Xm, R * (S ** (-0.5)))
C:\Program Files\Python35\lib\site-packages\sklearn\discriminant_analysis.py:706: RuntimeWarning: invalid value encountered in multiply
  X2 = np.dot(Xm, R * (S ** (-0.5)))
C:\Program Files\Python35\lib\site-packages\sklearn\discriminant_analysis.py:709: RuntimeWarning: divide by zero encountered in log
  u = np.asarray([np.sum(np.log(s)) for s in self.scalings_])
C:\Program Files\Python35\lib\site-packages\sklearn\discriminant_analysis.py:680: RuntimeWarning: invalid value encountered in greater
  rank = np.sum(S > self.tol)
C:\Program Files\Python35\lib\site-packages\sklearn\discriminant_analysis.py:710: RuntimeWarning: invalid value encountered in add
  return (-0.5 * (norm2 + u) + np.log(self.priors_))
C:\Program Files\Python35\lib\site-packages\sklearn\discriminant_analysis.py:682: UserWarning: Variables are collinear
  warnings.warn("Variables are collinear")
]]>		</system-err>
	</testsuite>
	<testsuite errors="1" failures="3" name="test_KNeighbors_Default_Scikit.test_KNeighbors_Default_Scikit-20180814171053" skipped="0" tests="70" time="125.541" timestamp="2018-08-14T20:15:14">
		<testcase classname="test_KNeighbors_Default_Scikit.test_KNeighbors_Default_Scikit" name="test_Bias" time="0.059" timestamp="2018-08-14T20:13:08"/>
		<testcase classname="test_KNeighbors_Default_Scikit.test_KNeighbors_Default_Scikit" name="test_Const_IONOSPHERE" time="0.075" timestamp="2018-08-14T20:13:08"/>
		<testcase classname="test_KNeighbors_Default_Scikit.test_KNeighbors_Default_Scikit" name="test_Const_RANDNUM" time="0.059" timestamp="2018-08-14T20:13:08"/>
		<testcase classname="test_KNeighbors_Default_Scikit.test_KNeighbors_Default_Scikit" name="test_Const_UNBALANCE" time="0.088" timestamp="2018-08-14T20:13:08"/>
		<testcase classname="test_KNeighbors_Default_Scikit.test_KNeighbors_Default_Scikit" name="test_Const_UNIFORM" time="0.059" timestamp="2018-08-14T20:13:09"/>
		<testcase classname="test_KNeighbors_Default_Scikit.test_KNeighbors_Default_Scikit" name="test_DisjointCategorical" time="0.078" timestamp="2018-08-14T20:13:09"/>
		<testcase classname="test_KNeighbors_Default_Scikit.test_KNeighbors_Default_Scikit" name="test_DisjointNumeric" time="0.054" timestamp="2018-08-14T20:13:09"/>
		<testcase classname="test_KNeighbors_Default_Scikit.test_KNeighbors_Default_Scikit" name="test_LeftSkew" time="0.053" timestamp="2018-08-14T20:13:09"/>
		<testcase classname="test_KNeighbors_Default_Scikit.test_KNeighbors_Default_Scikit" name="test_MaxDouble" time="0.852" timestamp="2018-08-14T20:15:09"/>
		<testcase classname="test_KNeighbors_Default_Scikit.test_KNeighbors_Default_Scikit" name="test_MaxFloat" time="0.434" timestamp="2018-08-14T20:15:10"/>
		<testcase classname="test_KNeighbors_Default_Scikit.test_KNeighbors_Default_Scikit" name="test_MinDouble" time="0.073" timestamp="2018-08-14T20:15:10"/>
		<testcase classname="test_KNeighbors_Default_Scikit.test_KNeighbors_Default_Scikit" name="test_MinFloat" time="0.058" timestamp="2018-08-14T20:15:10"/>
		<testcase classname="test_KNeighbors_Default_Scikit.test_KNeighbors_Default_Scikit" name="test_OneClass" time="0.063" timestamp="2018-08-14T20:15:10"/>
		<testcase classname="test_KNeighbors_Default_Scikit.test_KNeighbors_Default_Scikit" name="test_Opposite_CATEGORICAL" time="0.102" timestamp="2018-08-14T20:15:10"/>
		<testcase classname="test_KNeighbors_Default_Scikit.test_KNeighbors_Default_Scikit" name="test_Opposite_CREDITG" time="0.157" timestamp="2018-08-14T20:15:10"/>
		<testcase classname="test_KNeighbors_Default_Scikit.test_KNeighbors_Default_Scikit" name="test_Opposite_IONOSPHERE" time="0.068" timestamp="2018-08-14T20:15:10"/>
		<testcase classname="test_KNeighbors_Default_Scikit.test_KNeighbors_Default_Scikit" name="test_Opposite_RANDCAT" time="0.092" timestamp="2018-08-14T20:15:10"/>
		<testcase classname="test_KNeighbors_Default_Scikit.test_KNeighbors_Default_Scikit" name="test_Opposite_RANDNUM" time="0.058" timestamp="2018-08-14T20:15:10"/>
		<testcase classname="test_KNeighbors_Default_Scikit.test_KNeighbors_Default_Scikit" name="test_Opposite_UNBALANCE" time="0.094" timestamp="2018-08-14T20:15:11"/>
		<testcase classname="test_KNeighbors_Default_Scikit.test_KNeighbors_Default_Scikit" name="test_Opposite_UNIFORM" time="0.062" timestamp="2018-08-14T20:15:11"/>
		<testcase classname="test_KNeighbors_Default_Scikit.test_KNeighbors_Default_Scikit" name="test_Opposite_WEATHERNOMINAL" time="0.022" timestamp="2018-08-14T20:15:11"/>
		<testcase classname="test_KNeighbors_Default_Scikit.test_KNeighbors_Default_Scikit" name="test_Opposite_WEATHERNUMERIC" time="0.023" timestamp="2018-08-14T20:15:11"/>
		<testcase classname="test_KNeighbors_Default_Scikit.test_KNeighbors_Default_Scikit" name="test_Outlier" time="0.057" timestamp="2018-08-14T20:15:11"/>
		<testcase classname="test_KNeighbors_Default_Scikit.test_KNeighbors_Default_Scikit" name="test_RandomCategorial" time="0.075" timestamp="2018-08-14T20:15:11"/>
		<testcase classname="test_KNeighbors_Default_Scikit.test_KNeighbors_Default_Scikit" name="test_RandomNumeric" time="0.054" timestamp="2018-08-14T20:15:11"/>
		<testcase classname="test_KNeighbors_Default_Scikit.test_KNeighbors_Default_Scikit" name="test_Rename_CATEGORICAL" time="0.080" timestamp="2018-08-14T20:15:11"/>
		<testcase classname="test_KNeighbors_Default_Scikit.test_KNeighbors_Default_Scikit" name="test_Rename_CREDITG" time="0.139" timestamp="2018-08-14T20:15:11"/>
		<testcase classname="test_KNeighbors_Default_Scikit.test_KNeighbors_Default_Scikit" name="test_Rename_IONOSPHERE" time="0.060" timestamp="2018-08-14T20:15:11"/>
		<testcase classname="test_KNeighbors_Default_Scikit.test_KNeighbors_Default_Scikit" name="test_Rename_RANDCAT" time="0.078" timestamp="2018-08-14T20:15:11"/>
		<testcase classname="test_KNeighbors_Default_Scikit.test_KNeighbors_Default_Scikit" name="test_Rename_RANDNUM" time="0.059" timestamp="2018-08-14T20:15:11"/>
		<testcase classname="test_KNeighbors_Default_Scikit.test_KNeighbors_Default_Scikit" name="test_Rename_UNBALANCE" time="0.120" timestamp="2018-08-14T20:15:11"/>
		<testcase classname="test_KNeighbors_Default_Scikit.test_KNeighbors_Default_Scikit" name="test_Rename_UNIFORM" time="0.059" timestamp="2018-08-14T20:15:11"/>
		<testcase classname="test_KNeighbors_Default_Scikit.test_KNeighbors_Default_Scikit" name="test_Rename_WEATHERNOMINAL" time="0.021" timestamp="2018-08-14T20:15:12"/>
		<testcase classname="test_KNeighbors_Default_Scikit.test_KNeighbors_Default_Scikit" name="test_Rename_WEATHERNUMERIC" time="0.023" timestamp="2018-08-14T20:15:12"/>
		<testcase classname="test_KNeighbors_Default_Scikit.test_KNeighbors_Default_Scikit" name="test_Reorder_CATEGORICAL" time="0.082" timestamp="2018-08-14T20:15:12"/>
		<testcase classname="test_KNeighbors_Default_Scikit.test_KNeighbors_Default_Scikit" name="test_Reorder_CREDITG" time="0.136" timestamp="2018-08-14T20:15:12"/>
		<testcase classname="test_KNeighbors_Default_Scikit.test_KNeighbors_Default_Scikit" name="test_Reorder_IONOSPHERE" time="0.057" timestamp="2018-08-14T20:15:12"/>
		<testcase classname="test_KNeighbors_Default_Scikit.test_KNeighbors_Default_Scikit" name="test_Reorder_RANDCAT" time="0.082" timestamp="2018-08-14T20:15:12"/>
		<testcase classname="test_KNeighbors_Default_Scikit.test_KNeighbors_Default_Scikit" name="test_Reorder_RANDNUM" time="0.058" timestamp="2018-08-14T20:15:12"/>
		<testcase classname="test_KNeighbors_Default_Scikit.test_KNeighbors_Default_Scikit" name="test_Reorder_UNBALANCE" time="0.091" timestamp="2018-08-14T20:15:12"/>
		<testcase classname="test_KNeighbors_Default_Scikit.test_KNeighbors_Default_Scikit" name="test_Reorder_UNIFORM" time="0.056" timestamp="2018-08-14T20:15:12"/>
		<testcase classname="test_KNeighbors_Default_Scikit.test_KNeighbors_Default_Scikit" name="test_Reorder_WEATHERNOMINAL" time="0.022" timestamp="2018-08-14T20:15:12"/>
		<testcase classname="test_KNeighbors_Default_Scikit.test_KNeighbors_Default_Scikit" name="test_Reorder_WEATHERNUMERIC" time="0.020" timestamp="2018-08-14T20:15:12"/>
		<testcase classname="test_KNeighbors_Default_Scikit.test_KNeighbors_Default_Scikit" name="test_RightSkew" time="0.054" timestamp="2018-08-14T20:15:12"/>
		<testcase classname="test_KNeighbors_Default_Scikit.test_KNeighbors_Default_Scikit" name="test_Same_CATEGORICAL" time="0.082" timestamp="2018-08-14T20:15:12"/>
		<testcase classname="test_KNeighbors_Default_Scikit.test_KNeighbors_Default_Scikit" name="test_Same_CREDITG" time="0.138" timestamp="2018-08-14T20:15:12"/>
		<testcase classname="test_KNeighbors_Default_Scikit.test_KNeighbors_Default_Scikit" name="test_Same_IONOSPHERE" time="0.058" timestamp="2018-08-14T20:15:12"/>
		<testcase classname="test_KNeighbors_Default_Scikit.test_KNeighbors_Default_Scikit" name="test_Same_RANDCAT" time="0.084" timestamp="2018-08-14T20:15:13"/>
		<testcase classname="test_KNeighbors_Default_Scikit.test_KNeighbors_Default_Scikit" name="test_Same_RANDNUM" time="0.060" timestamp="2018-08-14T20:15:13"/>
		<testcase classname="test_KNeighbors_Default_Scikit.test_KNeighbors_Default_Scikit" name="test_Same_UNBALANCE" time="0.100" timestamp="2018-08-14T20:15:13"/>
		<testcase classname="test_KNeighbors_Default_Scikit.test_KNeighbors_Default_Scikit" name="test_Same_UNIFORM" time="0.062" timestamp="2018-08-14T20:15:13"/>
		<testcase classname="test_KNeighbors_Default_Scikit.test_KNeighbors_Default_Scikit" name="test_Same_WEATHERNOMINAL" time="0.021" timestamp="2018-08-14T20:15:13"/>
		<testcase classname="test_KNeighbors_Default_Scikit.test_KNeighbors_Default_Scikit" name="test_Same_WEATHERNUMERIC" time="0.016" timestamp="2018-08-14T20:15:13"/>
		<testcase classname="test_KNeighbors_Default_Scikit.test_KNeighbors_Default_Scikit" name="test_Scramble_CREDITG" time="0.137" timestamp="2018-08-14T20:15:13"/>
		<testcase classname="test_KNeighbors_Default_Scikit.test_KNeighbors_Default_Scikit" name="test_Scramble_IONOSPHERE" time="0.055" timestamp="2018-08-14T20:15:13"/>
		<testcase classname="test_KNeighbors_Default_Scikit.test_KNeighbors_Default_Scikit" name="test_Scramble_RANDNUM" time="0.066" timestamp="2018-08-14T20:15:13"/>
		<testcase classname="test_KNeighbors_Default_Scikit.test_KNeighbors_Default_Scikit" name="test_Scramble_UNBALANCE" time="0.093" timestamp="2018-08-14T20:15:13"/>
		<testcase classname="test_KNeighbors_Default_Scikit.test_KNeighbors_Default_Scikit" name="test_Scramble_UNIFORM" time="0.063" timestamp="2018-08-14T20:15:13"/>
		<testcase classname="test_KNeighbors_Default_Scikit.test_KNeighbors_Default_Scikit" name="test_Scramble_WEATHERNUMERIC" time="0.017" timestamp="2018-08-14T20:15:13"/>
		<testcase classname="test_KNeighbors_Default_Scikit.test_KNeighbors_Default_Scikit" name="test_Split" time="0.053" timestamp="2018-08-14T20:15:13"/>
		<testcase classname="test_KNeighbors_Default_Scikit.test_KNeighbors_Default_Scikit" name="test_StarvedBinary" time="0.073" timestamp="2018-08-14T20:15:13"/>
		<testcase classname="test_KNeighbors_Default_Scikit.test_KNeighbors_Default_Scikit" name="test_StarvedMany" time="0.082" timestamp="2018-08-14T20:15:14"/>
		<testcase classname="test_KNeighbors_Default_Scikit.test_KNeighbors_Default_Scikit" name="test_Uniform" time="0.061" timestamp="2018-08-14T20:15:14"/>
		<testcase classname="test_KNeighbors_Default_Scikit.test_KNeighbors_Default_Scikit" name="test_VeryLarge" time="0.055" timestamp="2018-08-14T20:15:14"/>
		<testcase classname="test_KNeighbors_Default_Scikit.test_KNeighbors_Default_Scikit" name="test_VerySmall" time="0.052" timestamp="2018-08-14T20:15:14"/>
		<testcase classname="test_KNeighbors_Default_Scikit.test_KNeighbors_Default_Scikit" name="test_Zeroes" time="0.052" timestamp="2018-08-14T20:15:14"/>
		<testcase classname="test_KNeighbors_Default_Scikit.test_KNeighbors_Default_Scikit" name="test_Scramble_CATEGORICAL" time="0.018" timestamp="2018-08-14T20:15:13">
			<failure message="False is not true" type="AssertionError">
<![CDATA[Traceback (most recent call last):
  File "C:\Users\sherbold\git\atoml\testres\scikittests\test_KNeighbors_Default_Scikit.py", line 44, in wrap
    raise it.exception
  File "C:\Users\sherbold\git\atoml\testres\scikittests\test_KNeighbors_Default_Scikit.py", line 32, in run
    self.result = func(*self.args, **self.kwargs)
  File "C:\Users\sherbold\git\atoml\testres\scikittests\test_KNeighbors_Default_Scikit.py", line 627, in test_Scramble_CATEGORICAL
    self.assertTrue((prediction_original==prediction_morph).all())
AssertionError: False is not true
]]>			</failure>
		</testcase>
		<testcase classname="test_KNeighbors_Default_Scikit.test_KNeighbors_Default_Scikit" name="test_Scramble_RANDCAT" time="0.033" timestamp="2018-08-14T20:15:13">
			<failure message="False is not true" type="AssertionError">
<![CDATA[Traceback (most recent call last):
  File "C:\Users\sherbold\git\atoml\testres\scikittests\test_KNeighbors_Default_Scikit.py", line 44, in wrap
    raise it.exception
  File "C:\Users\sherbold\git\atoml\testres\scikittests\test_KNeighbors_Default_Scikit.py", line 32, in run
    self.result = func(*self.args, **self.kwargs)
  File "C:\Users\sherbold\git\atoml\testres\scikittests\test_KNeighbors_Default_Scikit.py", line 593, in test_Scramble_RANDCAT
    self.assertTrue((prediction_original==prediction_morph).all())
AssertionError: False is not true
]]>			</failure>
		</testcase>
		<testcase classname="test_KNeighbors_Default_Scikit.test_KNeighbors_Default_Scikit" name="test_Scramble_WEATHERNOMINAL" time="0.023" timestamp="2018-08-14T20:15:13">
			<failure message="False is not true" type="AssertionError">
<![CDATA[Traceback (most recent call last):
  File "C:\Users\sherbold\git\atoml\testres\scikittests\test_KNeighbors_Default_Scikit.py", line 44, in wrap
    raise it.exception
  File "C:\Users\sherbold\git\atoml\testres\scikittests\test_KNeighbors_Default_Scikit.py", line 32, in run
    self.result = func(*self.args, **self.kwargs)
  File "C:\Users\sherbold\git\atoml\testres\scikittests\test_KNeighbors_Default_Scikit.py", line 763, in test_Scramble_WEATHERNOMINAL
    self.assertTrue((prediction_original==prediction_morph).all())
AssertionError: False is not true
]]>			</failure>
		</testcase>
		<testcase classname="test_KNeighbors_Default_Scikit" name="test_ManyCategories" time="1339.640" timestamp="2018-08-27T11:48:12">
			<error message="" type="MemoryError">
<![CDATA[Traceback (most recent call last):
  File ".\test_KNeighbors_Default_Scikit.py", line 44, in wrap
    raise it.exception
  File ".\test_KNeighbors_Default_Scikit.py", line 32, in run
    self.result = func(*self.args, **self.kwargs)
  File ".\test_KNeighbors_Default_Scikit.py", line 73, in test_ManyCategories
    classifier.predict(np.delete(testdata_df.values, classIndex, axis=1))
  File "C:\Program Files\Python35\lib\site-packages\numpy\lib\function_base.py", line 4224, in delete
    new = empty(newshape, arr.dtype, arrorder)
MemoryError
]]>			</error>
		</testcase>
		<system-out>
<![CDATA[]]>		</system-out>
		<system-err>
<![CDATA[C:\Program Files\Python35\lib\site-packages\sklearn\metrics\pairwise.py:248: RuntimeWarning: invalid value encountered in add
  distances += XX
C:\Program Files\Python35\lib\site-packages\sklearn\metrics\pairwise.py:250: RuntimeWarning: invalid value encountered in maximum
  np.maximum(distances, 0, out=distances)
]]>		</system-err>
	</testsuite>
	<testsuite errors="3" failures="1" name="test_DecisionTree_Default_Scikit.test_DecisionTree_Default_Scikit-20180814171053" skipped="0" tests="70" time="10804.590" timestamp="2018-08-14T20:11:03">
		<testcase classname="test_DecisionTree_Default_Scikit.test_DecisionTree_Default_Scikit" name="test_Bias" time="0.046" timestamp="2018-08-14T17:10:58"/>
		<testcase classname="test_DecisionTree_Default_Scikit.test_DecisionTree_Default_Scikit" name="test_Const_IONOSPHERE" time="0.044" timestamp="2018-08-14T17:10:58"/>
		<testcase classname="test_DecisionTree_Default_Scikit.test_DecisionTree_Default_Scikit" name="test_Const_RANDNUM" time="0.045" timestamp="2018-08-14T17:10:58"/>
		<testcase classname="test_DecisionTree_Default_Scikit.test_DecisionTree_Default_Scikit" name="test_Const_UNBALANCE" time="0.080" timestamp="2018-08-14T17:10:58"/>
		<testcase classname="test_DecisionTree_Default_Scikit.test_DecisionTree_Default_Scikit" name="test_Const_UNIFORM" time="0.045" timestamp="2018-08-14T17:10:58"/>
		<testcase classname="test_DecisionTree_Default_Scikit.test_DecisionTree_Default_Scikit" name="test_DisjointCategorical" time="0.065" timestamp="2018-08-14T17:10:58"/>
		<testcase classname="test_DecisionTree_Default_Scikit.test_DecisionTree_Default_Scikit" name="test_DisjointNumeric" time="0.042" timestamp="2018-08-14T17:10:58"/>
		<testcase classname="test_DecisionTree_Default_Scikit.test_DecisionTree_Default_Scikit" name="test_LeftSkew" time="0.042" timestamp="2018-08-14T17:10:58"/>
		<testcase classname="test_DecisionTree_Default_Scikit.test_DecisionTree_Default_Scikit" name="test_MaxFloat" time="0.121" timestamp="2018-08-14T20:10:59"/>
		<testcase classname="test_DecisionTree_Default_Scikit.test_DecisionTree_Default_Scikit" name="test_MinDouble" time="0.055" timestamp="2018-08-14T20:10:59"/>
		<testcase classname="test_DecisionTree_Default_Scikit.test_DecisionTree_Default_Scikit" name="test_MinFloat" time="0.055" timestamp="2018-08-14T20:10:59"/>
		<testcase classname="test_DecisionTree_Default_Scikit.test_DecisionTree_Default_Scikit" name="test_OneClass" time="0.050" timestamp="2018-08-14T20:10:59"/>
		<testcase classname="test_DecisionTree_Default_Scikit.test_DecisionTree_Default_Scikit" name="test_Opposite_CATEGORICAL" time="0.092" timestamp="2018-08-14T20:10:59"/>
		<testcase classname="test_DecisionTree_Default_Scikit.test_DecisionTree_Default_Scikit" name="test_Opposite_CREDITG" time="0.124" timestamp="2018-08-14T20:10:59"/>
		<testcase classname="test_DecisionTree_Default_Scikit.test_DecisionTree_Default_Scikit" name="test_Opposite_IONOSPHERE" time="0.057" timestamp="2018-08-14T20:10:59"/>
		<testcase classname="test_DecisionTree_Default_Scikit.test_DecisionTree_Default_Scikit" name="test_Opposite_RANDNUM" time="0.060" timestamp="2018-08-14T20:10:59"/>
		<testcase classname="test_DecisionTree_Default_Scikit.test_DecisionTree_Default_Scikit" name="test_Opposite_UNBALANCE" time="0.092" timestamp="2018-08-14T20:10:59"/>
		<testcase classname="test_DecisionTree_Default_Scikit.test_DecisionTree_Default_Scikit" name="test_Opposite_UNIFORM" time="0.056" timestamp="2018-08-14T20:10:59"/>
		<testcase classname="test_DecisionTree_Default_Scikit.test_DecisionTree_Default_Scikit" name="test_Opposite_WEATHERNOMINAL" time="0.076" timestamp="2018-08-14T20:10:59"/>
		<testcase classname="test_DecisionTree_Default_Scikit.test_DecisionTree_Default_Scikit" name="test_Opposite_WEATHERNUMERIC" time="0.020" timestamp="2018-08-14T20:10:59"/>
		<testcase classname="test_DecisionTree_Default_Scikit.test_DecisionTree_Default_Scikit" name="test_Outlier" time="0.054" timestamp="2018-08-14T20:11:00"/>
		<testcase classname="test_DecisionTree_Default_Scikit.test_DecisionTree_Default_Scikit" name="test_RandomCategorial" time="0.092" timestamp="2018-08-14T20:11:00"/>
		<testcase classname="test_DecisionTree_Default_Scikit.test_DecisionTree_Default_Scikit" name="test_RandomNumeric" time="0.050" timestamp="2018-08-14T20:11:00"/>
		<testcase classname="test_DecisionTree_Default_Scikit.test_DecisionTree_Default_Scikit" name="test_Rename_CATEGORICAL" time="0.099" timestamp="2018-08-14T20:11:00"/>
		<testcase classname="test_DecisionTree_Default_Scikit.test_DecisionTree_Default_Scikit" name="test_Rename_CREDITG" time="0.113" timestamp="2018-08-14T20:11:00"/>
		<testcase classname="test_DecisionTree_Default_Scikit.test_DecisionTree_Default_Scikit" name="test_Rename_IONOSPHERE" time="0.047" timestamp="2018-08-14T20:11:00"/>
		<testcase classname="test_DecisionTree_Default_Scikit.test_DecisionTree_Default_Scikit" name="test_Rename_RANDCAT" time="0.082" timestamp="2018-08-14T20:11:00"/>
		<testcase classname="test_DecisionTree_Default_Scikit.test_DecisionTree_Default_Scikit" name="test_Rename_RANDNUM" time="0.052" timestamp="2018-08-14T20:11:00"/>
		<testcase classname="test_DecisionTree_Default_Scikit.test_DecisionTree_Default_Scikit" name="test_Rename_UNBALANCE" time="0.094" timestamp="2018-08-14T20:11:00"/>
		<testcase classname="test_DecisionTree_Default_Scikit.test_DecisionTree_Default_Scikit" name="test_Rename_UNIFORM" time="0.052" timestamp="2018-08-14T20:11:00"/>
		<testcase classname="test_DecisionTree_Default_Scikit.test_DecisionTree_Default_Scikit" name="test_Rename_WEATHERNOMINAL" time="0.021" timestamp="2018-08-14T20:11:00"/>
		<testcase classname="test_DecisionTree_Default_Scikit.test_DecisionTree_Default_Scikit" name="test_Rename_WEATHERNUMERIC" time="0.018" timestamp="2018-08-14T20:11:00"/>
		<testcase classname="test_DecisionTree_Default_Scikit.test_DecisionTree_Default_Scikit" name="test_Reorder_CATEGORICAL" time="0.079" timestamp="2018-08-14T20:11:00"/>
		<testcase classname="test_DecisionTree_Default_Scikit.test_DecisionTree_Default_Scikit" name="test_Reorder_CREDITG" time="0.118" timestamp="2018-08-14T20:11:00"/>
		<testcase classname="test_DecisionTree_Default_Scikit.test_DecisionTree_Default_Scikit" name="test_Reorder_IONOSPHERE" time="0.055" timestamp="2018-08-14T20:11:00"/>
		<testcase classname="test_DecisionTree_Default_Scikit.test_DecisionTree_Default_Scikit" name="test_Reorder_RANDCAT" time="0.082" timestamp="2018-08-14T20:11:01"/>
		<testcase classname="test_DecisionTree_Default_Scikit.test_DecisionTree_Default_Scikit" name="test_Reorder_RANDNUM" time="0.052" timestamp="2018-08-14T20:11:01"/>
		<testcase classname="test_DecisionTree_Default_Scikit.test_DecisionTree_Default_Scikit" name="test_Reorder_UNBALANCE" time="0.100" timestamp="2018-08-14T20:11:01"/>
		<testcase classname="test_DecisionTree_Default_Scikit.test_DecisionTree_Default_Scikit" name="test_Reorder_UNIFORM" time="0.051" timestamp="2018-08-14T20:11:01"/>
		<testcase classname="test_DecisionTree_Default_Scikit.test_DecisionTree_Default_Scikit" name="test_Reorder_WEATHERNOMINAL" time="0.023" timestamp="2018-08-14T20:11:01"/>
		<testcase classname="test_DecisionTree_Default_Scikit.test_DecisionTree_Default_Scikit" name="test_Reorder_WEATHERNUMERIC" time="0.019" timestamp="2018-08-14T20:11:01"/>
		<testcase classname="test_DecisionTree_Default_Scikit.test_DecisionTree_Default_Scikit" name="test_RightSkew" time="0.053" timestamp="2018-08-14T20:11:01"/>
		<testcase classname="test_DecisionTree_Default_Scikit.test_DecisionTree_Default_Scikit" name="test_Same_CATEGORICAL" time="0.078" timestamp="2018-08-14T20:11:01"/>
		<testcase classname="test_DecisionTree_Default_Scikit.test_DecisionTree_Default_Scikit" name="test_Same_CREDITG" time="0.267" timestamp="2018-08-14T20:11:01"/>
		<testcase classname="test_DecisionTree_Default_Scikit.test_DecisionTree_Default_Scikit" name="test_Same_IONOSPHERE" time="0.066" timestamp="2018-08-14T20:11:01"/>
		<testcase classname="test_DecisionTree_Default_Scikit.test_DecisionTree_Default_Scikit" name="test_Same_RANDCAT" time="0.115" timestamp="2018-08-14T20:11:01"/>
		<testcase classname="test_DecisionTree_Default_Scikit.test_DecisionTree_Default_Scikit" name="test_Same_RANDNUM" time="0.063" timestamp="2018-08-14T20:11:01"/>
		<testcase classname="test_DecisionTree_Default_Scikit.test_DecisionTree_Default_Scikit" name="test_Same_UNBALANCE" time="0.097" timestamp="2018-08-14T20:11:02"/>
		<testcase classname="test_DecisionTree_Default_Scikit.test_DecisionTree_Default_Scikit" name="test_Same_UNIFORM" time="0.058" timestamp="2018-08-14T20:11:02"/>
		<testcase classname="test_DecisionTree_Default_Scikit.test_DecisionTree_Default_Scikit" name="test_Same_WEATHERNOMINAL" time="0.021" timestamp="2018-08-14T20:11:02"/>
		<testcase classname="test_DecisionTree_Default_Scikit.test_DecisionTree_Default_Scikit" name="test_Same_WEATHERNUMERIC" time="0.017" timestamp="2018-08-14T20:11:02"/>
		<testcase classname="test_DecisionTree_Default_Scikit.test_DecisionTree_Default_Scikit" name="test_Scramble_CATEGORICAL" time="0.084" timestamp="2018-08-14T20:11:02"/>
		<testcase classname="test_DecisionTree_Default_Scikit.test_DecisionTree_Default_Scikit" name="test_Scramble_CREDITG" time="0.118" timestamp="2018-08-14T20:11:02"/>
		<testcase classname="test_DecisionTree_Default_Scikit.test_DecisionTree_Default_Scikit" name="test_Scramble_IONOSPHERE" time="0.048" timestamp="2018-08-14T20:11:02"/>
		<testcase classname="test_DecisionTree_Default_Scikit.test_DecisionTree_Default_Scikit" name="test_Scramble_RANDCAT" time="0.084" timestamp="2018-08-14T20:11:02"/>
		<testcase classname="test_DecisionTree_Default_Scikit.test_DecisionTree_Default_Scikit" name="test_Scramble_RANDNUM" time="0.060" timestamp="2018-08-14T20:11:02"/>
		<testcase classname="test_DecisionTree_Default_Scikit.test_DecisionTree_Default_Scikit" name="test_Scramble_UNBALANCE" time="0.087" timestamp="2018-08-14T20:11:02"/>
		<testcase classname="test_DecisionTree_Default_Scikit.test_DecisionTree_Default_Scikit" name="test_Scramble_UNIFORM" time="0.053" timestamp="2018-08-14T20:11:02"/>
		<testcase classname="test_DecisionTree_Default_Scikit.test_DecisionTree_Default_Scikit" name="test_Scramble_WEATHERNOMINAL" time="0.021" timestamp="2018-08-14T20:11:02"/>
		<testcase classname="test_DecisionTree_Default_Scikit.test_DecisionTree_Default_Scikit" name="test_Scramble_WEATHERNUMERIC" time="0.016" timestamp="2018-08-14T20:11:02"/>
		<testcase classname="test_DecisionTree_Default_Scikit.test_DecisionTree_Default_Scikit" name="test_Split" time="0.053" timestamp="2018-08-14T20:11:02"/>
		<testcase classname="test_DecisionTree_Default_Scikit.test_DecisionTree_Default_Scikit" name="test_StarvedBinary" time="0.075" timestamp="2018-08-14T20:11:02"/>
		<testcase classname="test_DecisionTree_Default_Scikit.test_DecisionTree_Default_Scikit" name="test_StarvedMany" time="0.077" timestamp="2018-08-14T20:11:02"/>
		<testcase classname="test_DecisionTree_Default_Scikit.test_DecisionTree_Default_Scikit" name="test_Uniform" time="0.050" timestamp="2018-08-14T20:11:02"/>
		<testcase classname="test_DecisionTree_Default_Scikit.test_DecisionTree_Default_Scikit" name="test_VerySmall" time="0.053" timestamp="2018-08-14T20:11:03"/>
		<testcase classname="test_DecisionTree_Default_Scikit.test_DecisionTree_Default_Scikit" name="test_Zeroes" time="0.053" timestamp="2018-08-14T20:11:03"/>
		<testcase classname="test_DecisionTree_Default_Scikit.test_DecisionTree_Default_Scikit" name="test_Opposite_RANDCAT" time="0.037" timestamp="2018-08-14T20:10:59">
			<failure message="True is not false" type="AssertionError">
<![CDATA[Traceback (most recent call last):
  File "C:\Users\sherbold\git\atoml\testres\scikittests\test_DecisionTree_Default_Scikit.py", line 44, in wrap
    raise it.exception
  File "C:\Users\sherbold\git\atoml\testres\scikittests\test_DecisionTree_Default_Scikit.py", line 32, in run
    self.result = func(*self.args, **self.kwargs)
  File "C:\Users\sherbold\git\atoml\testres\scikittests\test_DecisionTree_Default_Scikit.py", line 287, in test_Opposite_RANDCAT
    self.assertFalse((prediction_original==prediction_morph).any())
AssertionError: True is not false
]]>			</failure>
		</testcase>
		<testcase classname="test_DecisionTree_Default_Scikit.test_DecisionTree_Default_Scikit" name="test_ManyCategories" time="21600.053" timestamp="2018-08-14T20:10:58">
			<error message="'timeout after 21600 seconds for test &lt;function test_DecisionTree_Default_Scikit.test_ManyCategories at 0x000002495BD61158&gt;'" type="TestTimeoutException">
<![CDATA[Traceback (most recent call last):
  File "C:\Users\sherbold\git\atoml\testres\scikittests\test_DecisionTree_Default_Scikit.py", line 42, in wrap
    raise TestTimeoutException('timeout after %i seconds for test %s' % (duration, func))
test_DecisionTree_Default_Scikit.TestTimeoutException: 'timeout after 21600 seconds for test <function test_DecisionTree_Default_Scikit.test_ManyCategories at 0x000002495BD61158>'
]]>			</error>
		</testcase>
		<testcase classname="test_DecisionTree_Default_Scikit.test_DecisionTree_Default_Scikit" name="test_MaxDouble" time="0.091" timestamp="2018-08-14T20:10:59">
			<error message="Input contains NaN, infinity or a value too large for dtype('float32')." type="ValueError">
<![CDATA[Traceback (most recent call last):
  File "C:\Users\sherbold\git\atoml\testres\scikittests\test_DecisionTree_Default_Scikit.py", line 44, in wrap
    raise it.exception
  File "C:\Users\sherbold\git\atoml\testres\scikittests\test_DecisionTree_Default_Scikit.py", line 32, in run
    self.result = func(*self.args, **self.kwargs)
  File "C:\Users\sherbold\git\atoml\testres\scikittests\test_DecisionTree_Default_Scikit.py", line 1882, in test_MaxDouble
    classifier.fit(np.delete(data_df.values, classIndex, axis=1),data_df.values[:,classIndex])
  File "C:\Program Files\Python35\lib\site-packages\sklearn\tree\tree.py", line 790, in fit
    X_idx_sorted=X_idx_sorted)
  File "C:\Program Files\Python35\lib\site-packages\sklearn\tree\tree.py", line 116, in fit
    X = check_array(X, dtype=DTYPE, accept_sparse="csc")
  File "C:\Program Files\Python35\lib\site-packages\sklearn\utils\validation.py", line 453, in check_array
    _assert_all_finite(array)
  File "C:\Program Files\Python35\lib\site-packages\sklearn\utils\validation.py", line 44, in _assert_all_finite
    " or a value too large for %r." % X.dtype)
ValueError: Input contains NaN, infinity or a value too large for dtype('float32').
]]>			</error>
		</testcase>
		<testcase classname="test_DecisionTree_Default_Scikit.test_DecisionTree_Default_Scikit" name="test_VeryLarge" time="0.013" timestamp="2018-08-14T20:11:02">
			<error message="Input contains NaN, infinity or a value too large for dtype('float32')." type="ValueError">
<![CDATA[Traceback (most recent call last):
  File "C:\Users\sherbold\git\atoml\testres\scikittests\test_DecisionTree_Default_Scikit.py", line 44, in wrap
    raise it.exception
  File "C:\Users\sherbold\git\atoml\testres\scikittests\test_DecisionTree_Default_Scikit.py", line 32, in run
    self.result = func(*self.args, **self.kwargs)
  File "C:\Users\sherbold\git\atoml\testres\scikittests\test_DecisionTree_Default_Scikit.py", line 1858, in test_VeryLarge
    classifier.fit(np.delete(data_df.values, classIndex, axis=1),data_df.values[:,classIndex])
  File "C:\Program Files\Python35\lib\site-packages\sklearn\tree\tree.py", line 790, in fit
    X_idx_sorted=X_idx_sorted)
  File "C:\Program Files\Python35\lib\site-packages\sklearn\tree\tree.py", line 116, in fit
    X = check_array(X, dtype=DTYPE, accept_sparse="csc")
  File "C:\Program Files\Python35\lib\site-packages\sklearn\utils\validation.py", line 453, in check_array
    _assert_all_finite(array)
  File "C:\Program Files\Python35\lib\site-packages\sklearn\utils\validation.py", line 44, in _assert_all_finite
    " or a value too large for %r." % X.dtype)
ValueError: Input contains NaN, infinity or a value too large for dtype('float32').
]]>			</error>
		</testcase>
		<system-out>
<![CDATA[]]>		</system-out>
		<system-err>
<![CDATA[C:\Program Files\Python35\lib\site-packages\numpy\core\_methods.py:36: RuntimeWarning: overflow encountered in reduce
  return umr_sum(a, axis, dtype, out, keepdims, initial)
C:\Program Files\Python35\lib\site-packages\numpy\core\_methods.py:36: RuntimeWarning: invalid value encountered in reduce
  return umr_sum(a, axis, dtype, out, keepdims, initial)
]]>		</system-err>
	</testsuite>
	<testsuite errors="2" failures="0" name="test_SVM_RBF_Scikit.test_SVM_RBF_Scikit-20180814171053" skipped="0" tests="70" time="487.327" timestamp="2018-08-16T01:22:43">
		<testcase classname="test_SVM_RBF_Scikit.test_SVM_RBF_Scikit" name="test_Bias" time="0.397" timestamp="2018-08-16T01:14:36"/>
		<testcase classname="test_SVM_RBF_Scikit.test_SVM_RBF_Scikit" name="test_Const_IONOSPHERE" time="0.636" timestamp="2018-08-16T01:14:37"/>
		<testcase classname="test_SVM_RBF_Scikit.test_SVM_RBF_Scikit" name="test_Const_RANDNUM" time="0.581" timestamp="2018-08-16T01:14:37"/>
		<testcase classname="test_SVM_RBF_Scikit.test_SVM_RBF_Scikit" name="test_Const_UNBALANCE" time="1.562" timestamp="2018-08-16T01:14:39"/>
		<testcase classname="test_SVM_RBF_Scikit.test_SVM_RBF_Scikit" name="test_Const_UNIFORM" time="0.540" timestamp="2018-08-16T01:14:39"/>
		<testcase classname="test_SVM_RBF_Scikit.test_SVM_RBF_Scikit" name="test_DisjointCategorical" time="0.772" timestamp="2018-08-16T01:14:40"/>
		<testcase classname="test_SVM_RBF_Scikit.test_SVM_RBF_Scikit" name="test_DisjointNumeric" time="0.562" timestamp="2018-08-16T01:14:41"/>
		<testcase classname="test_SVM_RBF_Scikit.test_SVM_RBF_Scikit" name="test_LeftSkew" time="0.530" timestamp="2018-08-16T01:14:41"/>
		<testcase classname="test_SVM_RBF_Scikit.test_SVM_RBF_Scikit" name="test_MaxDouble" time="2.525" timestamp="2018-08-16T01:21:59"/>
		<testcase classname="test_SVM_RBF_Scikit.test_SVM_RBF_Scikit" name="test_MaxFloat" time="0.464" timestamp="2018-08-16T01:21:59"/>
		<testcase classname="test_SVM_RBF_Scikit.test_SVM_RBF_Scikit" name="test_MinDouble" time="0.548" timestamp="2018-08-16T01:22:00"/>
		<testcase classname="test_SVM_RBF_Scikit.test_SVM_RBF_Scikit" name="test_MinFloat" time="0.559" timestamp="2018-08-16T01:22:00"/>
		<testcase classname="test_SVM_RBF_Scikit.test_SVM_RBF_Scikit" name="test_Opposite_CATEGORICAL" time="0.684" timestamp="2018-08-16T01:22:01"/>
		<testcase classname="test_SVM_RBF_Scikit.test_SVM_RBF_Scikit" name="test_Opposite_CREDITG" time="3.117" timestamp="2018-08-16T01:22:04"/>
		<testcase classname="test_SVM_RBF_Scikit.test_SVM_RBF_Scikit" name="test_Opposite_IONOSPHERE" time="0.525" timestamp="2018-08-16T01:22:05"/>
		<testcase classname="test_SVM_RBF_Scikit.test_SVM_RBF_Scikit" name="test_Opposite_RANDCAT" time="0.596" timestamp="2018-08-16T01:22:06"/>
		<testcase classname="test_SVM_RBF_Scikit.test_SVM_RBF_Scikit" name="test_Opposite_RANDNUM" time="0.449" timestamp="2018-08-16T01:22:06"/>
		<testcase classname="test_SVM_RBF_Scikit.test_SVM_RBF_Scikit" name="test_Opposite_UNBALANCE" time="1.263" timestamp="2018-08-16T01:22:07"/>
		<testcase classname="test_SVM_RBF_Scikit.test_SVM_RBF_Scikit" name="test_Opposite_UNIFORM" time="0.474" timestamp="2018-08-16T01:22:08"/>
		<testcase classname="test_SVM_RBF_Scikit.test_SVM_RBF_Scikit" name="test_Opposite_WEATHERNOMINAL" time="0.316" timestamp="2018-08-16T01:22:08"/>
		<testcase classname="test_SVM_RBF_Scikit.test_SVM_RBF_Scikit" name="test_Opposite_WEATHERNUMERIC" time="0.312" timestamp="2018-08-16T01:22:08"/>
		<testcase classname="test_SVM_RBF_Scikit.test_SVM_RBF_Scikit" name="test_Outlier" time="0.460" timestamp="2018-08-16T01:22:09"/>
		<testcase classname="test_SVM_RBF_Scikit.test_SVM_RBF_Scikit" name="test_RandomCategorial" time="0.564" timestamp="2018-08-16T01:22:09"/>
		<testcase classname="test_SVM_RBF_Scikit.test_SVM_RBF_Scikit" name="test_RandomNumeric" time="0.421" timestamp="2018-08-16T01:22:10"/>
		<testcase classname="test_SVM_RBF_Scikit.test_SVM_RBF_Scikit" name="test_Rename_CATEGORICAL" time="0.600" timestamp="2018-08-16T01:22:10"/>
		<testcase classname="test_SVM_RBF_Scikit.test_SVM_RBF_Scikit" name="test_Rename_CREDITG" time="2.926" timestamp="2018-08-16T01:22:13"/>
		<testcase classname="test_SVM_RBF_Scikit.test_SVM_RBF_Scikit" name="test_Rename_IONOSPHERE" time="0.525" timestamp="2018-08-16T01:22:14"/>
		<testcase classname="test_SVM_RBF_Scikit.test_SVM_RBF_Scikit" name="test_Rename_RANDCAT" time="0.675" timestamp="2018-08-16T01:22:14"/>
		<testcase classname="test_SVM_RBF_Scikit.test_SVM_RBF_Scikit" name="test_Rename_RANDNUM" time="0.504" timestamp="2018-08-16T01:22:15"/>
		<testcase classname="test_SVM_RBF_Scikit.test_SVM_RBF_Scikit" name="test_Rename_UNBALANCE" time="1.332" timestamp="2018-08-16T01:22:16"/>
		<testcase classname="test_SVM_RBF_Scikit.test_SVM_RBF_Scikit" name="test_Rename_UNIFORM" time="0.480" timestamp="2018-08-16T01:22:17"/>
		<testcase classname="test_SVM_RBF_Scikit.test_SVM_RBF_Scikit" name="test_Rename_WEATHERNOMINAL" time="0.319" timestamp="2018-08-16T01:22:17"/>
		<testcase classname="test_SVM_RBF_Scikit.test_SVM_RBF_Scikit" name="test_Rename_WEATHERNUMERIC" time="0.312" timestamp="2018-08-16T01:22:17"/>
		<testcase classname="test_SVM_RBF_Scikit.test_SVM_RBF_Scikit" name="test_Reorder_CATEGORICAL" time="0.571" timestamp="2018-08-16T01:22:18"/>
		<testcase classname="test_SVM_RBF_Scikit.test_SVM_RBF_Scikit" name="test_Reorder_CREDITG" time="2.918" timestamp="2018-08-16T01:22:21"/>
		<testcase classname="test_SVM_RBF_Scikit.test_SVM_RBF_Scikit" name="test_Reorder_IONOSPHERE" time="0.434" timestamp="2018-08-16T01:22:21"/>
		<testcase classname="test_SVM_RBF_Scikit.test_SVM_RBF_Scikit" name="test_Reorder_RANDCAT" time="0.607" timestamp="2018-08-16T01:22:22"/>
		<testcase classname="test_SVM_RBF_Scikit.test_SVM_RBF_Scikit" name="test_Reorder_RANDNUM" time="0.480" timestamp="2018-08-16T01:22:22"/>
		<testcase classname="test_SVM_RBF_Scikit.test_SVM_RBF_Scikit" name="test_Reorder_UNBALANCE" time="1.273" timestamp="2018-08-16T01:22:24"/>
		<testcase classname="test_SVM_RBF_Scikit.test_SVM_RBF_Scikit" name="test_Reorder_UNIFORM" time="0.479" timestamp="2018-08-16T01:22:24"/>
		<testcase classname="test_SVM_RBF_Scikit.test_SVM_RBF_Scikit" name="test_Reorder_WEATHERNOMINAL" time="0.317" timestamp="2018-08-16T01:22:25"/>
		<testcase classname="test_SVM_RBF_Scikit.test_SVM_RBF_Scikit" name="test_Reorder_WEATHERNUMERIC" time="0.310" timestamp="2018-08-16T01:22:25"/>
		<testcase classname="test_SVM_RBF_Scikit.test_SVM_RBF_Scikit" name="test_RightSkew" time="0.444" timestamp="2018-08-16T01:22:25"/>
		<testcase classname="test_SVM_RBF_Scikit.test_SVM_RBF_Scikit" name="test_Same_CATEGORICAL" time="0.594" timestamp="2018-08-16T01:22:26"/>
		<testcase classname="test_SVM_RBF_Scikit.test_SVM_RBF_Scikit" name="test_Same_CREDITG" time="3.096" timestamp="2018-08-16T01:22:29"/>
		<testcase classname="test_SVM_RBF_Scikit.test_SVM_RBF_Scikit" name="test_Same_IONOSPHERE" time="0.441" timestamp="2018-08-16T01:22:29"/>
		<testcase classname="test_SVM_RBF_Scikit.test_SVM_RBF_Scikit" name="test_Same_RANDCAT" time="0.621" timestamp="2018-08-16T01:22:30"/>
		<testcase classname="test_SVM_RBF_Scikit.test_SVM_RBF_Scikit" name="test_Same_RANDNUM" time="0.419" timestamp="2018-08-16T01:22:31"/>
		<testcase classname="test_SVM_RBF_Scikit.test_SVM_RBF_Scikit" name="test_Same_UNBALANCE" time="1.184" timestamp="2018-08-16T01:22:32"/>
		<testcase classname="test_SVM_RBF_Scikit.test_SVM_RBF_Scikit" name="test_Same_UNIFORM" time="0.461" timestamp="2018-08-16T01:22:32"/>
		<testcase classname="test_SVM_RBF_Scikit.test_SVM_RBF_Scikit" name="test_Same_WEATHERNOMINAL" time="0.319" timestamp="2018-08-16T01:22:33"/>
		<testcase classname="test_SVM_RBF_Scikit.test_SVM_RBF_Scikit" name="test_Same_WEATHERNUMERIC" time="0.267" timestamp="2018-08-16T01:22:33"/>
		<testcase classname="test_SVM_RBF_Scikit.test_SVM_RBF_Scikit" name="test_Scramble_CATEGORICAL" time="0.584" timestamp="2018-08-16T01:22:33"/>
		<testcase classname="test_SVM_RBF_Scikit.test_SVM_RBF_Scikit" name="test_Scramble_CREDITG" time="2.865" timestamp="2018-08-16T01:22:36"/>
		<testcase classname="test_SVM_RBF_Scikit.test_SVM_RBF_Scikit" name="test_Scramble_IONOSPHERE" time="0.440" timestamp="2018-08-16T01:22:37"/>
		<testcase classname="test_SVM_RBF_Scikit.test_SVM_RBF_Scikit" name="test_Scramble_RANDCAT" time="0.616" timestamp="2018-08-16T01:22:37"/>
		<testcase classname="test_SVM_RBF_Scikit.test_SVM_RBF_Scikit" name="test_Scramble_RANDNUM" time="0.464" timestamp="2018-08-16T01:22:38"/>
		<testcase classname="test_SVM_RBF_Scikit.test_SVM_RBF_Scikit" name="test_Scramble_UNBALANCE" time="1.172" timestamp="2018-08-16T01:22:39"/>
		<testcase classname="test_SVM_RBF_Scikit.test_SVM_RBF_Scikit" name="test_Scramble_UNIFORM" time="0.430" timestamp="2018-08-16T01:22:39"/>
		<testcase classname="test_SVM_RBF_Scikit.test_SVM_RBF_Scikit" name="test_Scramble_WEATHERNOMINAL" time="0.315" timestamp="2018-08-16T01:22:40"/>
		<testcase classname="test_SVM_RBF_Scikit.test_SVM_RBF_Scikit" name="test_Scramble_WEATHERNUMERIC" time="0.253" timestamp="2018-08-16T01:22:40"/>
		<testcase classname="test_SVM_RBF_Scikit.test_SVM_RBF_Scikit" name="test_Split" time="0.399" timestamp="2018-08-16T01:22:40"/>
		<testcase classname="test_SVM_RBF_Scikit.test_SVM_RBF_Scikit" name="test_StarvedBinary" time="0.558" timestamp="2018-08-16T01:22:41"/>
		<testcase classname="test_SVM_RBF_Scikit.test_SVM_RBF_Scikit" name="test_StarvedMany" time="0.526" timestamp="2018-08-16T01:22:41"/>
		<testcase classname="test_SVM_RBF_Scikit.test_SVM_RBF_Scikit" name="test_Uniform" time="0.403" timestamp="2018-08-16T01:22:42"/>
		<testcase classname="test_SVM_RBF_Scikit.test_SVM_RBF_Scikit" name="test_VeryLarge" time="0.409" timestamp="2018-08-16T01:22:42"/>
		<testcase classname="test_SVM_RBF_Scikit.test_SVM_RBF_Scikit" name="test_VerySmall" time="0.403" timestamp="2018-08-16T01:22:43"/>
		<testcase classname="test_SVM_RBF_Scikit.test_SVM_RBF_Scikit" name="test_Zeroes" time="0.444" timestamp="2018-08-16T01:22:43"/>
		<testcase classname="test_SVM_RBF_Scikit" name="test_ManyCategories" time="21600.304" timestamp="2018-08-19T20:51:44">
			<error message="'timeout after 21600 seconds for test &lt;function test_SVM_RBF_Scikit.test_ManyCategories at 0x000001CA72E39F28&gt;'" type="TestTimeoutException">
<![CDATA[Traceback (most recent call last):
  File ".\test_SVM_RBF_Scikit.py", line 42, in wrap
    raise TestTimeoutException('timeout after %i seconds for test %s' % (duration, func))
TestTimeoutException: 'timeout after 21600 seconds for test <function test_SVM_RBF_Scikit.test_ManyCategories at 0x000001CA72E39F28>'
]]>			</error>
		</testcase>
		<testcase classname="test_SVM_RBF_Scikit.test_SVM_RBF_Scikit" name="test_OneClass" time="0.226" timestamp="2018-08-16T01:22:01">
			<error message="The number of classes has to be greater than one; got 1" type="ValueError">
<![CDATA[Traceback (most recent call last):
  File "C:\Users\sherbold\git\atoml\testres\scikittests\test_SVM_RBF_Scikit.py", line 44, in wrap
    raise it.exception
  File "C:\Users\sherbold\git\atoml\testres\scikittests\test_SVM_RBF_Scikit.py", line 32, in run
    self.result = func(*self.args, **self.kwargs)
  File "C:\Users\sherbold\git\atoml\testres\scikittests\test_SVM_RBF_Scikit.py", line 1978, in test_OneClass
    classifier.fit(np.delete(data_df.values, classIndex, axis=1),data_df.values[:,classIndex])
  File "C:\Program Files\Python35\lib\site-packages\sklearn\svm\base.py", line 150, in fit
    y = self._validate_targets(y)
  File "C:\Program Files\Python35\lib\site-packages\sklearn\svm\base.py", line 506, in _validate_targets
    % len(cls))
ValueError: The number of classes has to be greater than one; got 1
]]>			</error>
		</testcase>
		<system-out>
<![CDATA[]]>		</system-out>
		<system-err>
<![CDATA[]]>		</system-err>
	</testsuite>
	<testsuite errors="1" failures="0" name="test_GaussianNB_Default_Scikit.test_GaussianNB_Default_Scikit-20180814171053" skipped="0" tests="70" time="125.593" timestamp="2018-08-14T20:13:08">
		<testcase classname="test_GaussianNB_Default_Scikit.test_GaussianNB_Default_Scikit" name="test_Bias" time="0.053" timestamp="2018-08-14T20:11:03"/>
		<testcase classname="test_GaussianNB_Default_Scikit.test_GaussianNB_Default_Scikit" name="test_Const_IONOSPHERE" time="0.039" timestamp="2018-08-14T20:11:03"/>
		<testcase classname="test_GaussianNB_Default_Scikit.test_GaussianNB_Default_Scikit" name="test_Const_RANDNUM" time="0.076" timestamp="2018-08-14T20:11:03"/>
		<testcase classname="test_GaussianNB_Default_Scikit.test_GaussianNB_Default_Scikit" name="test_Const_UNBALANCE" time="0.079" timestamp="2018-08-14T20:11:03"/>
		<testcase classname="test_GaussianNB_Default_Scikit.test_GaussianNB_Default_Scikit" name="test_Const_UNIFORM" time="0.065" timestamp="2018-08-14T20:11:03"/>
		<testcase classname="test_GaussianNB_Default_Scikit.test_GaussianNB_Default_Scikit" name="test_DisjointCategorical" time="0.079" timestamp="2018-08-14T20:11:03"/>
		<testcase classname="test_GaussianNB_Default_Scikit.test_GaussianNB_Default_Scikit" name="test_DisjointNumeric" time="0.052" timestamp="2018-08-14T20:11:03"/>
		<testcase classname="test_GaussianNB_Default_Scikit.test_GaussianNB_Default_Scikit" name="test_LeftSkew" time="0.055" timestamp="2018-08-14T20:11:03"/>
		<testcase classname="test_GaussianNB_Default_Scikit.test_GaussianNB_Default_Scikit" name="test_MaxDouble" time="0.156" timestamp="2018-08-14T20:13:04"/>
		<testcase classname="test_GaussianNB_Default_Scikit.test_GaussianNB_Default_Scikit" name="test_MaxFloat" time="0.819" timestamp="2018-08-14T20:13:04"/>
		<testcase classname="test_GaussianNB_Default_Scikit.test_GaussianNB_Default_Scikit" name="test_MinDouble" time="0.071" timestamp="2018-08-14T20:13:05"/>
		<testcase classname="test_GaussianNB_Default_Scikit.test_GaussianNB_Default_Scikit" name="test_MinFloat" time="0.062" timestamp="2018-08-14T20:13:05"/>
		<testcase classname="test_GaussianNB_Default_Scikit.test_GaussianNB_Default_Scikit" name="test_OneClass" time="0.063" timestamp="2018-08-14T20:13:05"/>
		<testcase classname="test_GaussianNB_Default_Scikit.test_GaussianNB_Default_Scikit" name="test_Opposite_CATEGORICAL" time="0.113" timestamp="2018-08-14T20:13:05"/>
		<testcase classname="test_GaussianNB_Default_Scikit.test_GaussianNB_Default_Scikit" name="test_Opposite_CREDITG" time="0.148" timestamp="2018-08-14T20:13:05"/>
		<testcase classname="test_GaussianNB_Default_Scikit.test_GaussianNB_Default_Scikit" name="test_Opposite_IONOSPHERE" time="0.045" timestamp="2018-08-14T20:13:05"/>
		<testcase classname="test_GaussianNB_Default_Scikit.test_GaussianNB_Default_Scikit" name="test_Opposite_RANDCAT" time="0.103" timestamp="2018-08-14T20:13:05"/>
		<testcase classname="test_GaussianNB_Default_Scikit.test_GaussianNB_Default_Scikit" name="test_Opposite_RANDNUM" time="0.063" timestamp="2018-08-14T20:13:05"/>
		<testcase classname="test_GaussianNB_Default_Scikit.test_GaussianNB_Default_Scikit" name="test_Opposite_UNBALANCE" time="0.072" timestamp="2018-08-14T20:13:05"/>
		<testcase classname="test_GaussianNB_Default_Scikit.test_GaussianNB_Default_Scikit" name="test_Opposite_UNIFORM" time="0.061" timestamp="2018-08-14T20:13:05"/>
		<testcase classname="test_GaussianNB_Default_Scikit.test_GaussianNB_Default_Scikit" name="test_Opposite_WEATHERNOMINAL" time="0.019" timestamp="2018-08-14T20:13:05"/>
		<testcase classname="test_GaussianNB_Default_Scikit.test_GaussianNB_Default_Scikit" name="test_Opposite_WEATHERNUMERIC" time="0.021" timestamp="2018-08-14T20:13:05"/>
		<testcase classname="test_GaussianNB_Default_Scikit.test_GaussianNB_Default_Scikit" name="test_Outlier" time="0.049" timestamp="2018-08-14T20:13:05"/>
		<testcase classname="test_GaussianNB_Default_Scikit.test_GaussianNB_Default_Scikit" name="test_RandomCategorial" time="0.076" timestamp="2018-08-14T20:13:05"/>
		<testcase classname="test_GaussianNB_Default_Scikit.test_GaussianNB_Default_Scikit" name="test_RandomNumeric" time="0.051" timestamp="2018-08-14T20:13:05"/>
		<testcase classname="test_GaussianNB_Default_Scikit.test_GaussianNB_Default_Scikit" name="test_Rename_CATEGORICAL" time="0.079" timestamp="2018-08-14T20:13:06"/>
		<testcase classname="test_GaussianNB_Default_Scikit.test_GaussianNB_Default_Scikit" name="test_Rename_CREDITG" time="0.103" timestamp="2018-08-14T20:13:06"/>
		<testcase classname="test_GaussianNB_Default_Scikit.test_GaussianNB_Default_Scikit" name="test_Rename_IONOSPHERE" time="0.041" timestamp="2018-08-14T20:13:06"/>
		<testcase classname="test_GaussianNB_Default_Scikit.test_GaussianNB_Default_Scikit" name="test_Rename_RANDCAT" time="0.100" timestamp="2018-08-14T20:13:06"/>
		<testcase classname="test_GaussianNB_Default_Scikit.test_GaussianNB_Default_Scikit" name="test_Rename_RANDNUM" time="0.063" timestamp="2018-08-14T20:13:06"/>
		<testcase classname="test_GaussianNB_Default_Scikit.test_GaussianNB_Default_Scikit" name="test_Rename_UNBALANCE" time="0.068" timestamp="2018-08-14T20:13:06"/>
		<testcase classname="test_GaussianNB_Default_Scikit.test_GaussianNB_Default_Scikit" name="test_Rename_UNIFORM" time="0.057" timestamp="2018-08-14T20:13:06"/>
		<testcase classname="test_GaussianNB_Default_Scikit.test_GaussianNB_Default_Scikit" name="test_Rename_WEATHERNOMINAL" time="0.021" timestamp="2018-08-14T20:13:06"/>
		<testcase classname="test_GaussianNB_Default_Scikit.test_GaussianNB_Default_Scikit" name="test_Rename_WEATHERNUMERIC" time="0.023" timestamp="2018-08-14T20:13:06"/>
		<testcase classname="test_GaussianNB_Default_Scikit.test_GaussianNB_Default_Scikit" name="test_Reorder_CATEGORICAL" time="0.082" timestamp="2018-08-14T20:13:06"/>
		<testcase classname="test_GaussianNB_Default_Scikit.test_GaussianNB_Default_Scikit" name="test_Reorder_CREDITG" time="0.106" timestamp="2018-08-14T20:13:06"/>
		<testcase classname="test_GaussianNB_Default_Scikit.test_GaussianNB_Default_Scikit" name="test_Reorder_IONOSPHERE" time="0.038" timestamp="2018-08-14T20:13:06"/>
		<testcase classname="test_GaussianNB_Default_Scikit.test_GaussianNB_Default_Scikit" name="test_Reorder_RANDCAT" time="0.078" timestamp="2018-08-14T20:13:06"/>
		<testcase classname="test_GaussianNB_Default_Scikit.test_GaussianNB_Default_Scikit" name="test_Reorder_RANDNUM" time="0.055" timestamp="2018-08-14T20:13:06"/>
		<testcase classname="test_GaussianNB_Default_Scikit.test_GaussianNB_Default_Scikit" name="test_Reorder_UNBALANCE" time="0.071" timestamp="2018-08-14T20:13:06"/>
		<testcase classname="test_GaussianNB_Default_Scikit.test_GaussianNB_Default_Scikit" name="test_Reorder_UNIFORM" time="0.060" timestamp="2018-08-14T20:13:07"/>
		<testcase classname="test_GaussianNB_Default_Scikit.test_GaussianNB_Default_Scikit" name="test_Reorder_WEATHERNOMINAL" time="0.020" timestamp="2018-08-14T20:13:07"/>
		<testcase classname="test_GaussianNB_Default_Scikit.test_GaussianNB_Default_Scikit" name="test_Reorder_WEATHERNUMERIC" time="0.016" timestamp="2018-08-14T20:13:07"/>
		<testcase classname="test_GaussianNB_Default_Scikit.test_GaussianNB_Default_Scikit" name="test_RightSkew" time="0.050" timestamp="2018-08-14T20:13:07"/>
		<testcase classname="test_GaussianNB_Default_Scikit.test_GaussianNB_Default_Scikit" name="test_Same_CATEGORICAL" time="0.084" timestamp="2018-08-14T20:13:07"/>
		<testcase classname="test_GaussianNB_Default_Scikit.test_GaussianNB_Default_Scikit" name="test_Same_CREDITG" time="0.130" timestamp="2018-08-14T20:13:07"/>
		<testcase classname="test_GaussianNB_Default_Scikit.test_GaussianNB_Default_Scikit" name="test_Same_IONOSPHERE" time="0.044" timestamp="2018-08-14T20:13:07"/>
		<testcase classname="test_GaussianNB_Default_Scikit.test_GaussianNB_Default_Scikit" name="test_Same_RANDCAT" time="0.079" timestamp="2018-08-14T20:13:07"/>
		<testcase classname="test_GaussianNB_Default_Scikit.test_GaussianNB_Default_Scikit" name="test_Same_RANDNUM" time="0.059" timestamp="2018-08-14T20:13:07"/>
		<testcase classname="test_GaussianNB_Default_Scikit.test_GaussianNB_Default_Scikit" name="test_Same_UNBALANCE" time="0.078" timestamp="2018-08-14T20:13:07"/>
		<testcase classname="test_GaussianNB_Default_Scikit.test_GaussianNB_Default_Scikit" name="test_Same_UNIFORM" time="0.058" timestamp="2018-08-14T20:13:07"/>
		<testcase classname="test_GaussianNB_Default_Scikit.test_GaussianNB_Default_Scikit" name="test_Same_WEATHERNOMINAL" time="0.019" timestamp="2018-08-14T20:13:07"/>
		<testcase classname="test_GaussianNB_Default_Scikit.test_GaussianNB_Default_Scikit" name="test_Same_WEATHERNUMERIC" time="0.021" timestamp="2018-08-14T20:13:07"/>
		<testcase classname="test_GaussianNB_Default_Scikit.test_GaussianNB_Default_Scikit" name="test_Scramble_CATEGORICAL" time="0.088" timestamp="2018-08-14T20:13:07"/>
		<testcase classname="test_GaussianNB_Default_Scikit.test_GaussianNB_Default_Scikit" name="test_Scramble_CREDITG" time="0.103" timestamp="2018-08-14T20:13:07"/>
		<testcase classname="test_GaussianNB_Default_Scikit.test_GaussianNB_Default_Scikit" name="test_Scramble_IONOSPHERE" time="0.037" timestamp="2018-08-14T20:13:07"/>
		<testcase classname="test_GaussianNB_Default_Scikit.test_GaussianNB_Default_Scikit" name="test_Scramble_RANDCAT" time="0.084" timestamp="2018-08-14T20:13:08"/>
		<testcase classname="test_GaussianNB_Default_Scikit.test_GaussianNB_Default_Scikit" name="test_Scramble_RANDNUM" time="0.062" timestamp="2018-08-14T20:13:08"/>
		<testcase classname="test_GaussianNB_Default_Scikit.test_GaussianNB_Default_Scikit" name="test_Scramble_UNBALANCE" time="0.069" timestamp="2018-08-14T20:13:08"/>
		<testcase classname="test_GaussianNB_Default_Scikit.test_GaussianNB_Default_Scikit" name="test_Scramble_UNIFORM" time="0.058" timestamp="2018-08-14T20:13:08"/>
		<testcase classname="test_GaussianNB_Default_Scikit.test_GaussianNB_Default_Scikit" name="test_Scramble_WEATHERNOMINAL" time="0.020" timestamp="2018-08-14T20:13:08"/>
		<testcase classname="test_GaussianNB_Default_Scikit.test_GaussianNB_Default_Scikit" name="test_Scramble_WEATHERNUMERIC" time="0.016" timestamp="2018-08-14T20:13:08"/>
		<testcase classname="test_GaussianNB_Default_Scikit.test_GaussianNB_Default_Scikit" name="test_Split" time="0.063" timestamp="2018-08-14T20:13:08"/>
		<testcase classname="test_GaussianNB_Default_Scikit.test_GaussianNB_Default_Scikit" name="test_StarvedBinary" time="0.103" timestamp="2018-08-14T20:13:08"/>
		<testcase classname="test_GaussianNB_Default_Scikit.test_GaussianNB_Default_Scikit" name="test_StarvedMany" time="0.076" timestamp="2018-08-14T20:13:08"/>
		<testcase classname="test_GaussianNB_Default_Scikit.test_GaussianNB_Default_Scikit" name="test_Uniform" time="0.051" timestamp="2018-08-14T20:13:08"/>
		<testcase classname="test_GaussianNB_Default_Scikit.test_GaussianNB_Default_Scikit" name="test_VeryLarge" time="0.058" timestamp="2018-08-14T20:13:08"/>
		<testcase classname="test_GaussianNB_Default_Scikit.test_GaussianNB_Default_Scikit" name="test_VerySmall" time="0.048" timestamp="2018-08-14T20:13:08"/>
		<testcase classname="test_GaussianNB_Default_Scikit.test_GaussianNB_Default_Scikit" name="test_Zeroes" time="0.053" timestamp="2018-08-14T20:13:08"/>
		<testcase classname="test_GaussianNB_Default_Scikit.test_GaussianNB_Default_Scikit" name="test_ManyCategories" time="120.401" timestamp="2018-08-14T20:13:03"/>
		<system-out>
<![CDATA[]]>		</system-out>
		<system-err>
<![CDATA[C:\Program Files\Python35\lib\site-packages\numpy\core\_methods.py:107: RuntimeWarning: overflow encountered in reduce
  arrmean = umr_sum(arr, axis, dtype, keepdims=True)
C:\Program Files\Python35\lib\site-packages\numpy\core\_methods.py:75: RuntimeWarning: overflow encountered in reduce
  ret = umr_sum(arr, axis, dtype, out, keepdims)
C:\Program Files\Python35\lib\site-packages\sklearn\naive_bayes.py:434: RuntimeWarning: invalid value encountered in true_divide
  (self.sigma_[i, :]), 1)
C:\Program Files\Python35\lib\site-packages\sklearn\naive_bayes.py:432: RuntimeWarning: divide by zero encountered in log
  n_ij = - 0.5 * np.sum(np.log(2. * np.pi * self.sigma_[i, :]))
]]>		</system-err>
	</testsuite>
	<testsuite errors="3" failures="18" name="test_RandomForest_Default_Scikit.test_RandomForest_Default_Scikit-20180814171053" skipped="0" tests="70" time="178.273" timestamp="2018-08-15T02:29:39">
		<testcase classname="test_RandomForest_Default_Scikit.test_RandomForest_Default_Scikit" name="test_Bias" time="0.266" timestamp="2018-08-15T02:26:41"/>
		<testcase classname="test_RandomForest_Default_Scikit.test_RandomForest_Default_Scikit" name="test_Const_IONOSPHERE" time="0.133" timestamp="2018-08-15T02:26:41"/>
		<testcase classname="test_RandomForest_Default_Scikit.test_RandomForest_Default_Scikit" name="test_Const_RANDNUM" time="0.320" timestamp="2018-08-15T02:26:42"/>
		<testcase classname="test_RandomForest_Default_Scikit.test_RandomForest_Default_Scikit" name="test_Const_UNBALANCE" time="0.219" timestamp="2018-08-15T02:26:42"/>
		<testcase classname="test_RandomForest_Default_Scikit.test_RandomForest_Default_Scikit" name="test_Const_UNIFORM" time="0.314" timestamp="2018-08-15T02:26:42"/>
		<testcase classname="test_RandomForest_Default_Scikit.test_RandomForest_Default_Scikit" name="test_DisjointCategorical" time="0.224" timestamp="2018-08-15T02:26:42"/>
		<testcase classname="test_RandomForest_Default_Scikit.test_RandomForest_Default_Scikit" name="test_DisjointNumeric" time="0.193" timestamp="2018-08-15T02:26:43"/>
		<testcase classname="test_RandomForest_Default_Scikit.test_RandomForest_Default_Scikit" name="test_LeftSkew" time="0.187" timestamp="2018-08-15T02:26:43"/>
		<testcase classname="test_RandomForest_Default_Scikit.test_RandomForest_Default_Scikit" name="test_MaxFloat" time="0.536" timestamp="2018-08-15T02:29:28"/>
		<testcase classname="test_RandomForest_Default_Scikit.test_RandomForest_Default_Scikit" name="test_MinDouble" time="0.189" timestamp="2018-08-15T02:29:28"/>
		<testcase classname="test_RandomForest_Default_Scikit.test_RandomForest_Default_Scikit" name="test_MinFloat" time="0.191" timestamp="2018-08-15T02:29:28"/>
		<testcase classname="test_RandomForest_Default_Scikit.test_RandomForest_Default_Scikit" name="test_OneClass" time="0.189" timestamp="2018-08-15T02:29:28"/>
		<testcase classname="test_RandomForest_Default_Scikit.test_RandomForest_Default_Scikit" name="test_Opposite_WEATHERNOMINAL" time="0.080" timestamp="2018-08-15T02:29:30"/>
		<testcase classname="test_RandomForest_Default_Scikit.test_RandomForest_Default_Scikit" name="test_Opposite_WEATHERNUMERIC" time="0.076" timestamp="2018-08-15T02:29:30"/>
		<testcase classname="test_RandomForest_Default_Scikit.test_RandomForest_Default_Scikit" name="test_Outlier" time="0.192" timestamp="2018-08-15T02:29:31"/>
		<testcase classname="test_RandomForest_Default_Scikit.test_RandomForest_Default_Scikit" name="test_RandomCategorial" time="0.223" timestamp="2018-08-15T02:29:31"/>
		<testcase classname="test_RandomForest_Default_Scikit.test_RandomForest_Default_Scikit" name="test_RandomNumeric" time="0.216" timestamp="2018-08-15T02:29:31"/>
		<testcase classname="test_RandomForest_Default_Scikit.test_RandomForest_Default_Scikit" name="test_Rename_CATEGORICAL" time="0.348" timestamp="2018-08-15T02:29:31"/>
		<testcase classname="test_RandomForest_Default_Scikit.test_RandomForest_Default_Scikit" name="test_Rename_CREDITG" time="0.234" timestamp="2018-08-15T02:29:32"/>
		<testcase classname="test_RandomForest_Default_Scikit.test_RandomForest_Default_Scikit" name="test_Rename_IONOSPHERE" time="0.133" timestamp="2018-08-15T02:29:32"/>
		<testcase classname="test_RandomForest_Default_Scikit.test_RandomForest_Default_Scikit" name="test_Rename_RANDCAT" time="0.348" timestamp="2018-08-15T02:29:32"/>
		<testcase classname="test_RandomForest_Default_Scikit.test_RandomForest_Default_Scikit" name="test_Rename_RANDNUM" time="0.318" timestamp="2018-08-15T02:29:32"/>
		<testcase classname="test_RandomForest_Default_Scikit.test_RandomForest_Default_Scikit" name="test_Rename_UNBALANCE" time="0.229" timestamp="2018-08-15T02:29:33"/>
		<testcase classname="test_RandomForest_Default_Scikit.test_RandomForest_Default_Scikit" name="test_Rename_UNIFORM" time="0.320" timestamp="2018-08-15T02:29:33"/>
		<testcase classname="test_RandomForest_Default_Scikit.test_RandomForest_Default_Scikit" name="test_Rename_WEATHERNOMINAL" time="0.076" timestamp="2018-08-15T02:29:33"/>
		<testcase classname="test_RandomForest_Default_Scikit.test_RandomForest_Default_Scikit" name="test_Rename_WEATHERNUMERIC" time="0.071" timestamp="2018-08-15T02:29:33"/>
		<testcase classname="test_RandomForest_Default_Scikit.test_RandomForest_Default_Scikit" name="test_Reorder_IONOSPHERE" time="0.131" timestamp="2018-08-15T02:29:34"/>
		<testcase classname="test_RandomForest_Default_Scikit.test_RandomForest_Default_Scikit" name="test_Reorder_UNBALANCE" time="0.195" timestamp="2018-08-15T02:29:34"/>
		<testcase classname="test_RandomForest_Default_Scikit.test_RandomForest_Default_Scikit" name="test_Reorder_UNIFORM" time="0.316" timestamp="2018-08-15T02:29:34"/>
		<testcase classname="test_RandomForest_Default_Scikit.test_RandomForest_Default_Scikit" name="test_Reorder_WEATHERNOMINAL" time="0.123" timestamp="2018-08-15T02:29:34"/>
		<testcase classname="test_RandomForest_Default_Scikit.test_RandomForest_Default_Scikit" name="test_Reorder_WEATHERNUMERIC" time="0.072" timestamp="2018-08-15T02:29:34"/>
		<testcase classname="test_RandomForest_Default_Scikit.test_RandomForest_Default_Scikit" name="test_RightSkew" time="0.188" timestamp="2018-08-15T02:29:35"/>
		<testcase classname="test_RandomForest_Default_Scikit.test_RandomForest_Default_Scikit" name="test_Same_CATEGORICAL" time="0.348" timestamp="2018-08-15T02:29:35"/>
		<testcase classname="test_RandomForest_Default_Scikit.test_RandomForest_Default_Scikit" name="test_Same_CREDITG" time="0.240" timestamp="2018-08-15T02:29:35"/>
		<testcase classname="test_RandomForest_Default_Scikit.test_RandomForest_Default_Scikit" name="test_Same_IONOSPHERE" time="0.136" timestamp="2018-08-15T02:29:35"/>
		<testcase classname="test_RandomForest_Default_Scikit.test_RandomForest_Default_Scikit" name="test_Same_RANDCAT" time="0.351" timestamp="2018-08-15T02:29:36"/>
		<testcase classname="test_RandomForest_Default_Scikit.test_RandomForest_Default_Scikit" name="test_Same_RANDNUM" time="0.314" timestamp="2018-08-15T02:29:36"/>
		<testcase classname="test_RandomForest_Default_Scikit.test_RandomForest_Default_Scikit" name="test_Same_UNBALANCE" time="0.201" timestamp="2018-08-15T02:29:36"/>
		<testcase classname="test_RandomForest_Default_Scikit.test_RandomForest_Default_Scikit" name="test_Same_UNIFORM" time="0.326" timestamp="2018-08-15T02:29:37"/>
		<testcase classname="test_RandomForest_Default_Scikit.test_RandomForest_Default_Scikit" name="test_Same_WEATHERNOMINAL" time="0.074" timestamp="2018-08-15T02:29:37"/>
		<testcase classname="test_RandomForest_Default_Scikit.test_RandomForest_Default_Scikit" name="test_Same_WEATHERNUMERIC" time="0.070" timestamp="2018-08-15T02:29:37"/>
		<testcase classname="test_RandomForest_Default_Scikit.test_RandomForest_Default_Scikit" name="test_Scramble_WEATHERNOMINAL" time="0.078" timestamp="2018-08-15T02:29:38"/>
		<testcase classname="test_RandomForest_Default_Scikit.test_RandomForest_Default_Scikit" name="test_Scramble_WEATHERNUMERIC" time="0.073" timestamp="2018-08-15T02:29:38"/>
		<testcase classname="test_RandomForest_Default_Scikit.test_RandomForest_Default_Scikit" name="test_Split" time="0.193" timestamp="2018-08-15T02:29:38"/>
		<testcase classname="test_RandomForest_Default_Scikit.test_RandomForest_Default_Scikit" name="test_StarvedBinary" time="0.223" timestamp="2018-08-15T02:29:38"/>
		<testcase classname="test_RandomForest_Default_Scikit.test_RandomForest_Default_Scikit" name="test_StarvedMany" time="0.255" timestamp="2018-08-15T02:29:39"/>
		<testcase classname="test_RandomForest_Default_Scikit.test_RandomForest_Default_Scikit" name="test_Uniform" time="0.195" timestamp="2018-08-15T02:29:39"/>
		<testcase classname="test_RandomForest_Default_Scikit.test_RandomForest_Default_Scikit" name="test_VerySmall" time="0.190" timestamp="2018-08-15T02:29:39"/>
		<testcase classname="test_RandomForest_Default_Scikit.test_RandomForest_Default_Scikit" name="test_Zeroes" time="0.190" timestamp="2018-08-15T02:29:39"/>
		<testcase classname="test_RandomForest_Default_Scikit.test_RandomForest_Default_Scikit" name="test_Opposite_CATEGORICAL" time="0.291" timestamp="2018-08-15T02:29:29">
			<failure message="True is not false" type="AssertionError">
<![CDATA[Traceback (most recent call last):
  File "C:\Users\sherbold\git\atoml\testres\scikittests\test_RandomForest_Default_Scikit.py", line 44, in wrap
    raise it.exception
  File "C:\Users\sherbold\git\atoml\testres\scikittests\test_RandomForest_Default_Scikit.py", line 32, in run
    self.result = func(*self.args, **self.kwargs)
  File "C:\Users\sherbold\git\atoml\testres\scikittests\test_RandomForest_Default_Scikit.py", line 321, in test_Opposite_CATEGORICAL
    self.assertFalse((prediction_original==prediction_morph).any())
AssertionError: True is not false
]]>			</failure>
		</testcase>
		<testcase classname="test_RandomForest_Default_Scikit.test_RandomForest_Default_Scikit" name="test_Opposite_CREDITG" time="0.259" timestamp="2018-08-15T02:29:29">
			<failure message="True is not false" type="AssertionError">
<![CDATA[Traceback (most recent call last):
  File "C:\Users\sherbold\git\atoml\testres\scikittests\test_RandomForest_Default_Scikit.py", line 44, in wrap
    raise it.exception
  File "C:\Users\sherbold\git\atoml\testres\scikittests\test_RandomForest_Default_Scikit.py", line 32, in run
    self.result = func(*self.args, **self.kwargs)
  File "C:\Users\sherbold\git\atoml\testres\scikittests\test_RandomForest_Default_Scikit.py", line 355, in test_Opposite_CREDITG
    self.assertFalse((prediction_original==prediction_morph).any())
AssertionError: True is not false
]]>			</failure>
		</testcase>
		<testcase classname="test_RandomForest_Default_Scikit.test_RandomForest_Default_Scikit" name="test_Opposite_IONOSPHERE" time="0.764" timestamp="2018-08-15T02:29:30">
			<failure message="True is not false" type="AssertionError">
<![CDATA[Traceback (most recent call last):
  File "C:\Users\sherbold\git\atoml\testres\scikittests\test_RandomForest_Default_Scikit.py", line 44, in wrap
    raise it.exception
  File "C:\Users\sherbold\git\atoml\testres\scikittests\test_RandomForest_Default_Scikit.py", line 32, in run
    self.result = func(*self.args, **self.kwargs)
  File "C:\Users\sherbold\git\atoml\testres\scikittests\test_RandomForest_Default_Scikit.py", line 389, in test_Opposite_IONOSPHERE
    self.assertFalse((prediction_original==prediction_morph).any())
AssertionError: True is not false
]]>			</failure>
		</testcase>
		<testcase classname="test_RandomForest_Default_Scikit.test_RandomForest_Default_Scikit" name="test_Opposite_RANDCAT" time="0.281" timestamp="2018-08-15T02:29:30">
			<failure message="True is not false" type="AssertionError">
<![CDATA[Traceback (most recent call last):
  File "C:\Users\sherbold\git\atoml\testres\scikittests\test_RandomForest_Default_Scikit.py", line 44, in wrap
    raise it.exception
  File "C:\Users\sherbold\git\atoml\testres\scikittests\test_RandomForest_Default_Scikit.py", line 32, in run
    self.result = func(*self.args, **self.kwargs)
  File "C:\Users\sherbold\git\atoml\testres\scikittests\test_RandomForest_Default_Scikit.py", line 287, in test_Opposite_RANDCAT
    self.assertFalse((prediction_original==prediction_morph).any())
AssertionError: True is not false
]]>			</failure>
		</testcase>
		<testcase classname="test_RandomForest_Default_Scikit.test_RandomForest_Default_Scikit" name="test_Opposite_RANDNUM" time="0.127" timestamp="2018-08-15T02:29:30">
			<failure message="True is not false" type="AssertionError">
<![CDATA[Traceback (most recent call last):
  File "C:\Users\sherbold\git\atoml\testres\scikittests\test_RandomForest_Default_Scikit.py", line 44, in wrap
    raise it.exception
  File "C:\Users\sherbold\git\atoml\testres\scikittests\test_RandomForest_Default_Scikit.py", line 32, in run
    self.result = func(*self.args, **self.kwargs)
  File "C:\Users\sherbold\git\atoml\testres\scikittests\test_RandomForest_Default_Scikit.py", line 219, in test_Opposite_RANDNUM
    self.assertFalse((prediction_original==prediction_morph).any())
AssertionError: True is not false
]]>			</failure>
		</testcase>
		<testcase classname="test_RandomForest_Default_Scikit.test_RandomForest_Default_Scikit" name="test_Opposite_UNBALANCE" time="0.197" timestamp="2018-08-15T02:29:30">
			<failure message="True is not false" type="AssertionError">
<![CDATA[Traceback (most recent call last):
  File "C:\Users\sherbold\git\atoml\testres\scikittests\test_RandomForest_Default_Scikit.py", line 44, in wrap
    raise it.exception
  File "C:\Users\sherbold\git\atoml\testres\scikittests\test_RandomForest_Default_Scikit.py", line 32, in run
    self.result = func(*self.args, **self.kwargs)
  File "C:\Users\sherbold\git\atoml\testres\scikittests\test_RandomForest_Default_Scikit.py", line 423, in test_Opposite_UNBALANCE
    self.assertFalse((prediction_original==prediction_morph).any())
AssertionError: True is not false
]]>			</failure>
		</testcase>
		<testcase classname="test_RandomForest_Default_Scikit.test_RandomForest_Default_Scikit" name="test_Opposite_UNIFORM" time="0.066" timestamp="2018-08-15T02:29:30">
			<failure message="True is not false" type="AssertionError">
<![CDATA[Traceback (most recent call last):
  File "C:\Users\sherbold\git\atoml\testres\scikittests\test_RandomForest_Default_Scikit.py", line 44, in wrap
    raise it.exception
  File "C:\Users\sherbold\git\atoml\testres\scikittests\test_RandomForest_Default_Scikit.py", line 32, in run
    self.result = func(*self.args, **self.kwargs)
  File "C:\Users\sherbold\git\atoml\testres\scikittests\test_RandomForest_Default_Scikit.py", line 253, in test_Opposite_UNIFORM
    self.assertFalse((prediction_original==prediction_morph).any())
AssertionError: True is not false
]]>			</failure>
		</testcase>
		<testcase classname="test_RandomForest_Default_Scikit.test_RandomForest_Default_Scikit" name="test_Reorder_CATEGORICAL" time="0.074" timestamp="2018-08-15T02:29:33">
			<failure message="False is not true" type="AssertionError">
<![CDATA[Traceback (most recent call last):
  File "C:\Users\sherbold\git\atoml\testres\scikittests\test_RandomForest_Default_Scikit.py", line 44, in wrap
    raise it.exception
  File "C:\Users\sherbold\git\atoml\testres\scikittests\test_RandomForest_Default_Scikit.py", line 32, in run
    self.result = func(*self.args, **self.kwargs)
  File "C:\Users\sherbold\git\atoml\testres\scikittests\test_RandomForest_Default_Scikit.py", line 933, in test_Reorder_CATEGORICAL
    self.assertTrue((prediction_original==prediction_morph).all())
AssertionError: False is not true
]]>			</failure>
		</testcase>
		<testcase classname="test_RandomForest_Default_Scikit.test_RandomForest_Default_Scikit" name="test_Reorder_CREDITG" time="0.245" timestamp="2018-08-15T02:29:33">
			<failure message="False is not true" type="AssertionError">
<![CDATA[Traceback (most recent call last):
  File "C:\Users\sherbold\git\atoml\testres\scikittests\test_RandomForest_Default_Scikit.py", line 44, in wrap
    raise it.exception
  File "C:\Users\sherbold\git\atoml\testres\scikittests\test_RandomForest_Default_Scikit.py", line 32, in run
    self.result = func(*self.args, **self.kwargs)
  File "C:\Users\sherbold\git\atoml\testres\scikittests\test_RandomForest_Default_Scikit.py", line 967, in test_Reorder_CREDITG
    self.assertTrue((prediction_original==prediction_morph).all())
AssertionError: False is not true
]]>			</failure>
		</testcase>
		<testcase classname="test_RandomForest_Default_Scikit.test_RandomForest_Default_Scikit" name="test_Reorder_RANDCAT" time="0.070" timestamp="2018-08-15T02:29:34">
			<failure message="False is not true" type="AssertionError">
<![CDATA[Traceback (most recent call last):
  File "C:\Users\sherbold\git\atoml\testres\scikittests\test_RandomForest_Default_Scikit.py", line 44, in wrap
    raise it.exception
  File "C:\Users\sherbold\git\atoml\testres\scikittests\test_RandomForest_Default_Scikit.py", line 32, in run
    self.result = func(*self.args, **self.kwargs)
  File "C:\Users\sherbold\git\atoml\testres\scikittests\test_RandomForest_Default_Scikit.py", line 899, in test_Reorder_RANDCAT
    self.assertTrue((prediction_original==prediction_morph).all())
AssertionError: False is not true
]]>			</failure>
		</testcase>
		<testcase classname="test_RandomForest_Default_Scikit.test_RandomForest_Default_Scikit" name="test_Reorder_RANDNUM" time="0.190" timestamp="2018-08-15T02:29:34">
			<failure message="False is not true" type="AssertionError">
<![CDATA[Traceback (most recent call last):
  File "C:\Users\sherbold\git\atoml\testres\scikittests\test_RandomForest_Default_Scikit.py", line 44, in wrap
    raise it.exception
  File "C:\Users\sherbold\git\atoml\testres\scikittests\test_RandomForest_Default_Scikit.py", line 32, in run
    self.result = func(*self.args, **self.kwargs)
  File "C:\Users\sherbold\git\atoml\testres\scikittests\test_RandomForest_Default_Scikit.py", line 831, in test_Reorder_RANDNUM
    self.assertTrue((prediction_original==prediction_morph).all())
AssertionError: False is not true
]]>			</failure>
		</testcase>
		<testcase classname="test_RandomForest_Default_Scikit.test_RandomForest_Default_Scikit" name="test_Scramble_CATEGORICAL" time="0.142" timestamp="2018-08-15T02:29:37">
			<failure message="False is not true" type="AssertionError">
<![CDATA[Traceback (most recent call last):
  File "C:\Users\sherbold\git\atoml\testres\scikittests\test_RandomForest_Default_Scikit.py", line 44, in wrap
    raise it.exception
  File "C:\Users\sherbold\git\atoml\testres\scikittests\test_RandomForest_Default_Scikit.py", line 32, in run
    self.result = func(*self.args, **self.kwargs)
  File "C:\Users\sherbold\git\atoml\testres\scikittests\test_RandomForest_Default_Scikit.py", line 627, in test_Scramble_CATEGORICAL
    self.assertTrue((prediction_original==prediction_morph).all())
AssertionError: False is not true
]]>			</failure>
		</testcase>
		<testcase classname="test_RandomForest_Default_Scikit.test_RandomForest_Default_Scikit" name="test_Scramble_CREDITG" time="0.241" timestamp="2018-08-15T02:29:37">
			<failure message="False is not true" type="AssertionError">
<![CDATA[Traceback (most recent call last):
  File "C:\Users\sherbold\git\atoml\testres\scikittests\test_RandomForest_Default_Scikit.py", line 44, in wrap
    raise it.exception
  File "C:\Users\sherbold\git\atoml\testres\scikittests\test_RandomForest_Default_Scikit.py", line 32, in run
    self.result = func(*self.args, **self.kwargs)
  File "C:\Users\sherbold\git\atoml\testres\scikittests\test_RandomForest_Default_Scikit.py", line 661, in test_Scramble_CREDITG
    self.assertTrue((prediction_original==prediction_morph).all())
AssertionError: False is not true
]]>			</failure>
		</testcase>
		<testcase classname="test_RandomForest_Default_Scikit.test_RandomForest_Default_Scikit" name="test_Scramble_IONOSPHERE" time="0.133" timestamp="2018-08-15T02:29:37">
			<failure message="False is not true" type="AssertionError">
<![CDATA[Traceback (most recent call last):
  File "C:\Users\sherbold\git\atoml\testres\scikittests\test_RandomForest_Default_Scikit.py", line 44, in wrap
    raise it.exception
  File "C:\Users\sherbold\git\atoml\testres\scikittests\test_RandomForest_Default_Scikit.py", line 32, in run
    self.result = func(*self.args, **self.kwargs)
  File "C:\Users\sherbold\git\atoml\testres\scikittests\test_RandomForest_Default_Scikit.py", line 695, in test_Scramble_IONOSPHERE
    self.assertTrue((prediction_original==prediction_morph).all())
AssertionError: False is not true
]]>			</failure>
		</testcase>
		<testcase classname="test_RandomForest_Default_Scikit.test_RandomForest_Default_Scikit" name="test_Scramble_RANDCAT" time="0.233" timestamp="2018-08-15T02:29:37">
			<failure message="False is not true" type="AssertionError">
<![CDATA[Traceback (most recent call last):
  File "C:\Users\sherbold\git\atoml\testres\scikittests\test_RandomForest_Default_Scikit.py", line 44, in wrap
    raise it.exception
  File "C:\Users\sherbold\git\atoml\testres\scikittests\test_RandomForest_Default_Scikit.py", line 32, in run
    self.result = func(*self.args, **self.kwargs)
  File "C:\Users\sherbold\git\atoml\testres\scikittests\test_RandomForest_Default_Scikit.py", line 593, in test_Scramble_RANDCAT
    self.assertTrue((prediction_original==prediction_morph).all())
AssertionError: False is not true
]]>			</failure>
		</testcase>
		<testcase classname="test_RandomForest_Default_Scikit.test_RandomForest_Default_Scikit" name="test_Scramble_RANDNUM" time="0.067" timestamp="2018-08-15T02:29:38">
			<failure message="False is not true" type="AssertionError">
<![CDATA[Traceback (most recent call last):
  File "C:\Users\sherbold\git\atoml\testres\scikittests\test_RandomForest_Default_Scikit.py", line 44, in wrap
    raise it.exception
  File "C:\Users\sherbold\git\atoml\testres\scikittests\test_RandomForest_Default_Scikit.py", line 32, in run
    self.result = func(*self.args, **self.kwargs)
  File "C:\Users\sherbold\git\atoml\testres\scikittests\test_RandomForest_Default_Scikit.py", line 525, in test_Scramble_RANDNUM
    self.assertTrue((prediction_original==prediction_morph).all())
AssertionError: False is not true
]]>			</failure>
		</testcase>
		<testcase classname="test_RandomForest_Default_Scikit.test_RandomForest_Default_Scikit" name="test_Scramble_UNBALANCE" time="0.201" timestamp="2018-08-15T02:29:38">
			<failure message="False is not true" type="AssertionError">
<![CDATA[Traceback (most recent call last):
  File "C:\Users\sherbold\git\atoml\testres\scikittests\test_RandomForest_Default_Scikit.py", line 44, in wrap
    raise it.exception
  File "C:\Users\sherbold\git\atoml\testres\scikittests\test_RandomForest_Default_Scikit.py", line 32, in run
    self.result = func(*self.args, **self.kwargs)
  File "C:\Users\sherbold\git\atoml\testres\scikittests\test_RandomForest_Default_Scikit.py", line 729, in test_Scramble_UNBALANCE
    self.assertTrue((prediction_original==prediction_morph).all())
AssertionError: False is not true
]]>			</failure>
		</testcase>
		<testcase classname="test_RandomForest_Default_Scikit.test_RandomForest_Default_Scikit" name="test_Scramble_UNIFORM" time="0.064" timestamp="2018-08-15T02:29:38">
			<failure message="False is not true" type="AssertionError">
<![CDATA[Traceback (most recent call last):
  File "C:\Users\sherbold\git\atoml\testres\scikittests\test_RandomForest_Default_Scikit.py", line 44, in wrap
    raise it.exception
  File "C:\Users\sherbold\git\atoml\testres\scikittests\test_RandomForest_Default_Scikit.py", line 32, in run
    self.result = func(*self.args, **self.kwargs)
  File "C:\Users\sherbold\git\atoml\testres\scikittests\test_RandomForest_Default_Scikit.py", line 559, in test_Scramble_UNIFORM
    self.assertTrue((prediction_original==prediction_morph).all())
AssertionError: False is not true
]]>			</failure>
		</testcase>
		<testcase classname="test_RandomForest_Default_Scikit.test_RandomForest_Default_Scikit" name="test_ManyCategories" time="16400.115" timestamp="2018-08-15T02:29:27" />
		<testcase classname="test_RandomForest_Default_Scikit.test_RandomForest_Default_Scikit" name="test_MaxDouble" time="0.190" timestamp="2018-08-15T02:29:27">
			<error message="Input contains NaN, infinity or a value too large for dtype('float32')." type="ValueError">
<![CDATA[Traceback (most recent call last):
  File "C:\Users\sherbold\git\atoml\testres\scikittests\test_RandomForest_Default_Scikit.py", line 44, in wrap
    raise it.exception
  File "C:\Users\sherbold\git\atoml\testres\scikittests\test_RandomForest_Default_Scikit.py", line 32, in run
    self.result = func(*self.args, **self.kwargs)
  File "C:\Users\sherbold\git\atoml\testres\scikittests\test_RandomForest_Default_Scikit.py", line 1882, in test_MaxDouble
    classifier.fit(np.delete(data_df.values, classIndex, axis=1),data_df.values[:,classIndex])
  File "C:\Program Files\Python35\lib\site-packages\sklearn\ensemble\forest.py", line 247, in fit
    X = check_array(X, accept_sparse="csc", dtype=DTYPE)
  File "C:\Program Files\Python35\lib\site-packages\sklearn\utils\validation.py", line 453, in check_array
    _assert_all_finite(array)
  File "C:\Program Files\Python35\lib\site-packages\sklearn\utils\validation.py", line 44, in _assert_all_finite
    " or a value too large for %r." % X.dtype)
ValueError: Input contains NaN, infinity or a value too large for dtype('float32').
]]>			</error>
		</testcase>
		<testcase classname="test_RandomForest_Default_Scikit.test_RandomForest_Default_Scikit" name="test_VeryLarge" time="0.017" timestamp="2018-08-15T02:29:39">
			<error message="Input contains NaN, infinity or a value too large for dtype('float32')." type="ValueError">
<![CDATA[Traceback (most recent call last):
  File "C:\Users\sherbold\git\atoml\testres\scikittests\test_RandomForest_Default_Scikit.py", line 44, in wrap
    raise it.exception
  File "C:\Users\sherbold\git\atoml\testres\scikittests\test_RandomForest_Default_Scikit.py", line 32, in run
    self.result = func(*self.args, **self.kwargs)
  File "C:\Users\sherbold\git\atoml\testres\scikittests\test_RandomForest_Default_Scikit.py", line 1858, in test_VeryLarge
    classifier.fit(np.delete(data_df.values, classIndex, axis=1),data_df.values[:,classIndex])
  File "C:\Program Files\Python35\lib\site-packages\sklearn\ensemble\forest.py", line 247, in fit
    X = check_array(X, accept_sparse="csc", dtype=DTYPE)
  File "C:\Program Files\Python35\lib\site-packages\sklearn\utils\validation.py", line 453, in check_array
    _assert_all_finite(array)
  File "C:\Program Files\Python35\lib\site-packages\sklearn\utils\validation.py", line 44, in _assert_all_finite
    " or a value too large for %r." % X.dtype)
ValueError: Input contains NaN, infinity or a value too large for dtype('float32').
]]>			</error>
		</testcase>
		<system-out>
<![CDATA[]]>		</system-out>
		<system-err>
<![CDATA[C:\Program Files\Python35\lib\site-packages\numpy\core\_methods.py:36: RuntimeWarning: overflow encountered in reduce
  return umr_sum(a, axis, dtype, out, keepdims, initial)
C:\Program Files\Python35\lib\site-packages\numpy\core\_methods.py:36: RuntimeWarning: overflow encountered in reduce
  return umr_sum(a, axis, dtype, out, keepdims, initial)
C:\Program Files\Python35\lib\site-packages\numpy\core\_methods.py:36: RuntimeWarning: overflow encountered in reduce
  return umr_sum(a, axis, dtype, out, keepdims, initial)
C:\Program Files\Python35\lib\site-packages\numpy\core\_methods.py:36: RuntimeWarning: overflow encountered in reduce
  return umr_sum(a, axis, dtype, out, keepdims, initial)
C:\Program Files\Python35\lib\site-packages\numpy\core\_methods.py:36: RuntimeWarning: overflow encountered in reduce
  return umr_sum(a, axis, dtype, out, keepdims, initial)
C:\Program Files\Python35\lib\site-packages\numpy\core\_methods.py:36: RuntimeWarning: overflow encountered in reduce
  return umr_sum(a, axis, dtype, out, keepdims, initial)
C:\Program Files\Python35\lib\site-packages\numpy\core\_methods.py:36: RuntimeWarning: invalid value encountered in reduce
  return umr_sum(a, axis, dtype, out, keepdims, initial)
]]>		</system-err>
	</testsuite>
	<testsuite errors="7" failures="5" name="test_SVM_Poly_Scikit.test_SVM_Poly_Scikit-20180814171053" skipped="0" tests="70" time="63165.708" timestamp="2018-08-16T01:14:35">
		<testcase classname="test_SVM_Poly_Scikit.test_SVM_Poly_Scikit" name="test_Bias" time="0.096" timestamp="2018-08-15T07:41:49"/>
		<testcase classname="test_SVM_Poly_Scikit.test_SVM_Poly_Scikit" name="test_DisjointCategorical" time="0.146" timestamp="2018-08-15T07:53:49"/>
		<testcase classname="test_SVM_Poly_Scikit.test_SVM_Poly_Scikit" name="test_DisjointNumeric" time="0.105" timestamp="2018-08-15T07:53:49"/>
		<testcase classname="test_SVM_Poly_Scikit.test_SVM_Poly_Scikit" name="test_LeftSkew" time="0.097" timestamp="2018-08-15T07:53:49"/>
		<testcase classname="test_SVM_Poly_Scikit.test_SVM_Poly_Scikit" name="test_MaxDouble" time="0.247" timestamp="2018-08-15T07:57:15"/>
		<testcase classname="test_SVM_Poly_Scikit.test_SVM_Poly_Scikit" name="test_MaxFloat" time="0.122" timestamp="2018-08-15T07:57:15"/>
		<testcase classname="test_SVM_Poly_Scikit.test_SVM_Poly_Scikit" name="test_MinDouble" time="0.112" timestamp="2018-08-15T07:57:15"/>
		<testcase classname="test_SVM_Poly_Scikit.test_SVM_Poly_Scikit" name="test_MinFloat" time="0.114" timestamp="2018-08-15T07:57:15"/>
		<testcase classname="test_SVM_Poly_Scikit.test_SVM_Poly_Scikit" name="test_Opposite_CATEGORICAL" time="0.178" timestamp="2018-08-15T07:57:15"/>
		<testcase classname="test_SVM_Poly_Scikit.test_SVM_Poly_Scikit" name="test_Opposite_RANDCAT" time="0.249" timestamp="2018-08-15T10:57:16"/>
		<testcase classname="test_SVM_Poly_Scikit.test_SVM_Poly_Scikit" name="test_Opposite_RANDNUM" time="0.143" timestamp="2018-08-15T10:57:16"/>
		<testcase classname="test_SVM_Poly_Scikit.test_SVM_Poly_Scikit" name="test_Opposite_UNBALANCE" time="1173.577" timestamp="2018-08-15T11:16:50"/>
		<testcase classname="test_SVM_Poly_Scikit.test_SVM_Poly_Scikit" name="test_Opposite_UNIFORM" time="0.157" timestamp="2018-08-15T11:16:50"/>
		<testcase classname="test_SVM_Poly_Scikit.test_SVM_Poly_Scikit" name="test_Opposite_WEATHERNOMINAL" time="0.086" timestamp="2018-08-15T11:16:50"/>
		<testcase classname="test_SVM_Poly_Scikit.test_SVM_Poly_Scikit" name="test_Opposite_WEATHERNUMERIC" time="0.099" timestamp="2018-08-15T11:16:50"/>
		<testcase classname="test_SVM_Poly_Scikit.test_SVM_Poly_Scikit" name="test_Outlier" time="0.145" timestamp="2018-08-15T11:16:50"/>
		<testcase classname="test_SVM_Poly_Scikit.test_SVM_Poly_Scikit" name="test_RandomCategorial" time="0.223" timestamp="2018-08-15T11:16:50"/>
		<testcase classname="test_SVM_Poly_Scikit.test_SVM_Poly_Scikit" name="test_RandomNumeric" time="0.157" timestamp="2018-08-15T11:16:50"/>
		<testcase classname="test_SVM_Poly_Scikit.test_SVM_Poly_Scikit" name="test_Rename_CATEGORICAL" time="0.208" timestamp="2018-08-15T11:16:51"/>
		<testcase classname="test_SVM_Poly_Scikit.test_SVM_Poly_Scikit" name="test_Rename_IONOSPHERE" time="0.290" timestamp="2018-08-15T14:16:51"/>
		<testcase classname="test_SVM_Poly_Scikit.test_SVM_Poly_Scikit" name="test_Rename_RANDCAT" time="0.394" timestamp="2018-08-15T14:16:51"/>
		<testcase classname="test_SVM_Poly_Scikit.test_SVM_Poly_Scikit" name="test_Rename_RANDNUM" time="0.275" timestamp="2018-08-15T14:16:52"/>
		<testcase classname="test_SVM_Poly_Scikit.test_SVM_Poly_Scikit" name="test_Rename_UNBALANCE" time="1427.916" timestamp="2018-08-15T14:40:40"/>
		<testcase classname="test_SVM_Poly_Scikit.test_SVM_Poly_Scikit" name="test_Rename_UNIFORM" time="0.318" timestamp="2018-08-15T14:40:40"/>
		<testcase classname="test_SVM_Poly_Scikit.test_SVM_Poly_Scikit" name="test_Rename_WEATHERNOMINAL" time="0.172" timestamp="2018-08-15T14:40:40"/>
		<testcase classname="test_SVM_Poly_Scikit.test_SVM_Poly_Scikit" name="test_Rename_WEATHERNUMERIC" time="0.191" timestamp="2018-08-15T14:40:40"/>
		<testcase classname="test_SVM_Poly_Scikit.test_SVM_Poly_Scikit" name="test_Reorder_CATEGORICAL" time="0.376" timestamp="2018-08-15T14:40:41"/>
		<testcase classname="test_SVM_Poly_Scikit.test_SVM_Poly_Scikit" name="test_Reorder_IONOSPHERE" time="0.375" timestamp="2018-08-15T17:40:41"/>
		<testcase classname="test_SVM_Poly_Scikit.test_SVM_Poly_Scikit" name="test_Reorder_RANDCAT" time="0.439" timestamp="2018-08-15T17:40:42"/>
		<testcase classname="test_SVM_Poly_Scikit.test_SVM_Poly_Scikit" name="test_Reorder_RANDNUM" time="0.322" timestamp="2018-08-15T17:40:42"/>
		<testcase classname="test_SVM_Poly_Scikit.test_SVM_Poly_Scikit" name="test_Reorder_UNBALANCE" time="1709.468" timestamp="2018-08-15T18:09:11"/>
		<testcase classname="test_SVM_Poly_Scikit.test_SVM_Poly_Scikit" name="test_Reorder_UNIFORM" time="0.353" timestamp="2018-08-15T18:09:12"/>
		<testcase classname="test_SVM_Poly_Scikit.test_SVM_Poly_Scikit" name="test_Reorder_WEATHERNOMINAL" time="0.223" timestamp="2018-08-15T18:09:12"/>
		<testcase classname="test_SVM_Poly_Scikit.test_SVM_Poly_Scikit" name="test_Reorder_WEATHERNUMERIC" time="0.245" timestamp="2018-08-15T18:09:12"/>
		<testcase classname="test_SVM_Poly_Scikit.test_SVM_Poly_Scikit" name="test_RightSkew" time="0.327" timestamp="2018-08-15T18:09:12"/>
		<testcase classname="test_SVM_Poly_Scikit.test_SVM_Poly_Scikit" name="test_Same_CATEGORICAL" time="0.439" timestamp="2018-08-15T18:09:13"/>
		<testcase classname="test_SVM_Poly_Scikit.test_SVM_Poly_Scikit" name="test_Same_IONOSPHERE" time="0.459" timestamp="2018-08-15T21:09:14"/>
		<testcase classname="test_SVM_Poly_Scikit.test_SVM_Poly_Scikit" name="test_Same_RANDCAT" time="0.607" timestamp="2018-08-15T21:09:14"/>
		<testcase classname="test_SVM_Poly_Scikit.test_SVM_Poly_Scikit" name="test_Same_RANDNUM" time="0.418" timestamp="2018-08-15T21:09:15"/>
		<testcase classname="test_SVM_Poly_Scikit.test_SVM_Poly_Scikit" name="test_Same_UNBALANCE" time="1857.441" timestamp="2018-08-15T21:40:12"/>
		<testcase classname="test_SVM_Poly_Scikit.test_SVM_Poly_Scikit" name="test_Same_UNIFORM" time="0.410" timestamp="2018-08-15T21:40:12"/>
		<testcase classname="test_SVM_Poly_Scikit.test_SVM_Poly_Scikit" name="test_Same_WEATHERNOMINAL" time="0.282" timestamp="2018-08-15T21:40:13"/>
		<testcase classname="test_SVM_Poly_Scikit.test_SVM_Poly_Scikit" name="test_Same_WEATHERNUMERIC" time="0.294" timestamp="2018-08-15T21:40:13"/>
		<testcase classname="test_SVM_Poly_Scikit.test_SVM_Poly_Scikit" name="test_Scramble_CATEGORICAL" time="0.528" timestamp="2018-08-15T21:40:14"/>
		<testcase classname="test_SVM_Poly_Scikit.test_SVM_Poly_Scikit" name="test_Scramble_IONOSPHERE" time="0.938" timestamp="2018-08-16T00:40:15"/>
		<testcase classname="test_SVM_Poly_Scikit.test_SVM_Poly_Scikit" name="test_Scramble_RANDCAT" time="0.912" timestamp="2018-08-16T00:40:16"/>
		<testcase classname="test_SVM_Poly_Scikit.test_SVM_Poly_Scikit" name="test_Scramble_RANDNUM" time="0.587" timestamp="2018-08-16T00:40:16"/>
		<testcase classname="test_SVM_Poly_Scikit.test_SVM_Poly_Scikit" name="test_Scramble_UNBALANCE" time="2053.052" timestamp="2018-08-16T01:14:29"/>
		<testcase classname="test_SVM_Poly_Scikit.test_SVM_Poly_Scikit" name="test_Scramble_UNIFORM" time="0.547" timestamp="2018-08-16T01:14:30"/>
		<testcase classname="test_SVM_Poly_Scikit.test_SVM_Poly_Scikit" name="test_Scramble_WEATHERNOMINAL" time="0.368" timestamp="2018-08-16T01:14:30"/>
		<testcase classname="test_SVM_Poly_Scikit.test_SVM_Poly_Scikit" name="test_Scramble_WEATHERNUMERIC" time="0.467" timestamp="2018-08-16T01:14:31"/>
		<testcase classname="test_SVM_Poly_Scikit.test_SVM_Poly_Scikit" name="test_Split" time="0.597" timestamp="2018-08-16T01:14:31"/>
		<testcase classname="test_SVM_Poly_Scikit.test_SVM_Poly_Scikit" name="test_StarvedBinary" time="0.788" timestamp="2018-08-16T01:14:32"/>
		<testcase classname="test_SVM_Poly_Scikit.test_SVM_Poly_Scikit" name="test_StarvedMany" time="0.665" timestamp="2018-08-16T01:14:33"/>
		<testcase classname="test_SVM_Poly_Scikit.test_SVM_Poly_Scikit" name="test_Uniform" time="0.596" timestamp="2018-08-16T01:14:34"/>
		<testcase classname="test_SVM_Poly_Scikit.test_SVM_Poly_Scikit" name="test_VeryLarge" time="0.531" timestamp="2018-08-16T01:14:34"/>
		<testcase classname="test_SVM_Poly_Scikit.test_SVM_Poly_Scikit" name="test_VerySmall" time="0.533" timestamp="2018-08-16T01:14:35"/>
		<testcase classname="test_SVM_Poly_Scikit.test_SVM_Poly_Scikit" name="test_Zeroes" time="0.532" timestamp="2018-08-16T01:14:35"/>
		<testcase classname="test_SVM_Poly_Scikit.test_SVM_Poly_Scikit" name="test_Const_IONOSPHERE" time="0.120" timestamp="2018-08-15T07:41:49">
			<failure message="False is not true" type="AssertionError">
<![CDATA[Traceback (most recent call last):
  File "C:\Users\sherbold\git\atoml\testres\scikittests\test_SVM_Poly_Scikit.py", line 44, in wrap
    raise it.exception
  File "C:\Users\sherbold\git\atoml\testres\scikittests\test_SVM_Poly_Scikit.py", line 32, in run
    self.result = func(*self.args, **self.kwargs)
  File "C:\Users\sherbold\git\atoml\testres\scikittests\test_SVM_Poly_Scikit.py", line 151, in test_Const_IONOSPHERE
    self.assertTrue((prediction_original==prediction_morph).all())
AssertionError: False is not true
]]>			</failure>
		</testcase>
		<testcase classname="test_SVM_Poly_Scikit.test_SVM_Poly_Scikit" name="test_Const_RANDNUM" time="0.073" timestamp="2018-08-15T07:41:50">
			<failure message="False is not true" type="AssertionError">
<![CDATA[Traceback (most recent call last):
  File "C:\Users\sherbold\git\atoml\testres\scikittests\test_SVM_Poly_Scikit.py", line 44, in wrap
    raise it.exception
  File "C:\Users\sherbold\git\atoml\testres\scikittests\test_SVM_Poly_Scikit.py", line 32, in run
    self.result = func(*self.args, **self.kwargs)
  File "C:\Users\sherbold\git\atoml\testres\scikittests\test_SVM_Poly_Scikit.py", line 83, in test_Const_RANDNUM
    self.assertTrue((prediction_original==prediction_morph).all())
AssertionError: False is not true
]]>			</failure>
		</testcase>
		<testcase classname="test_SVM_Poly_Scikit.test_SVM_Poly_Scikit" name="test_Const_UNBALANCE" time="719.071" timestamp="2018-08-15T07:53:49">
			<failure message="False is not true" type="AssertionError">
<![CDATA[Traceback (most recent call last):
  File "C:\Users\sherbold\git\atoml\testres\scikittests\test_SVM_Poly_Scikit.py", line 44, in wrap
    raise it.exception
  File "C:\Users\sherbold\git\atoml\testres\scikittests\test_SVM_Poly_Scikit.py", line 32, in run
    self.result = func(*self.args, **self.kwargs)
  File "C:\Users\sherbold\git\atoml\testres\scikittests\test_SVM_Poly_Scikit.py", line 185, in test_Const_UNBALANCE
    self.assertTrue((prediction_original==prediction_morph).all())
AssertionError: False is not true
]]>			</failure>
		</testcase>
		<testcase classname="test_SVM_Poly_Scikit.test_SVM_Poly_Scikit" name="test_Const_UNIFORM" time="0.032" timestamp="2018-08-15T07:53:49">
			<failure message="False is not true" type="AssertionError">
<![CDATA[Traceback (most recent call last):
  File "C:\Users\sherbold\git\atoml\testres\scikittests\test_SVM_Poly_Scikit.py", line 44, in wrap
    raise it.exception
  File "C:\Users\sherbold\git\atoml\testres\scikittests\test_SVM_Poly_Scikit.py", line 32, in run
    self.result = func(*self.args, **self.kwargs)
  File "C:\Users\sherbold\git\atoml\testres\scikittests\test_SVM_Poly_Scikit.py", line 117, in test_Const_UNIFORM
    self.assertTrue((prediction_original==prediction_morph).all())
AssertionError: False is not true
]]>			</failure>
		</testcase>
		<testcase classname="test_SVM_Poly_Scikit.test_SVM_Poly_Scikit" name="test_Opposite_IONOSPHERE" time="0.297" timestamp="2018-08-15T10:57:16">
			<failure message="True is not false" type="AssertionError">
<![CDATA[Traceback (most recent call last):
  File "C:\Users\sherbold\git\atoml\testres\scikittests\test_SVM_Poly_Scikit.py", line 44, in wrap
    raise it.exception
  File "C:\Users\sherbold\git\atoml\testres\scikittests\test_SVM_Poly_Scikit.py", line 32, in run
    self.result = func(*self.args, **self.kwargs)
  File "C:\Users\sherbold\git\atoml\testres\scikittests\test_SVM_Poly_Scikit.py", line 389, in test_Opposite_IONOSPHERE
    self.assertFalse((prediction_original==prediction_morph).any())
AssertionError: True is not false
]]>			</failure>
		</testcase>
		<testcase classname="test_SVM_Poly_Scikit" name="test_ManyCategories" time="21600.316" timestamp="2018-08-19T14:47:15">
			<error message="'timeout after 21600 seconds for test &lt;function test_SVM_Poly_Scikit.test_ManyCategories at 0x0000014A406B9F28&gt;'" type="TestTimeoutException">
<![CDATA[Traceback (most recent call last):
  File ".\test_SVM_Poly_Scikit.py", line 42, in wrap
    raise TestTimeoutException('timeout after %i seconds for test %s' % (duration, func))
TestTimeoutException: 'timeout after 21600 seconds for test <function test_SVM_Poly_Scikit.test_ManyCategories at 0x0000014A406B9F28>'
]]>			</error>
		</testcase>
		<testcase classname="test_SVM_Poly_Scikit.test_SVM_Poly_Scikit" name="test_OneClass" time="0.039" timestamp="2018-08-15T07:57:15">
			<error message="The number of classes has to be greater than one; got 1" type="ValueError">
<![CDATA[Traceback (most recent call last):
  File "C:\Users\sherbold\git\atoml\testres\scikittests\test_SVM_Poly_Scikit.py", line 44, in wrap
    raise it.exception
  File "C:\Users\sherbold\git\atoml\testres\scikittests\test_SVM_Poly_Scikit.py", line 32, in run
    self.result = func(*self.args, **self.kwargs)
  File "C:\Users\sherbold\git\atoml\testres\scikittests\test_SVM_Poly_Scikit.py", line 1978, in test_OneClass
    classifier.fit(np.delete(data_df.values, classIndex, axis=1),data_df.values[:,classIndex])
  File "C:\Program Files\Python35\lib\site-packages\sklearn\svm\base.py", line 150, in fit
    y = self._validate_targets(y)
  File "C:\Program Files\Python35\lib\site-packages\sklearn\svm\base.py", line 506, in _validate_targets
    % len(cls))
ValueError: The number of classes has to be greater than one; got 1
]]>			</error>
		</testcase>
		<testcase classname="test_SVM_Poly_Scikit.test_SVM_Poly_Scikit" name="test_Opposite_CREDITG" time="21600.045" timestamp="2018-08-15T10:57:15">
			<error message="'timeout after 21600 seconds for test &lt;function test_SVM_Poly_Scikit.test_Opposite_CREDITG at 0x000002495C1ACE18&gt;'" type="TestTimeoutException">
<![CDATA[Traceback (most recent call last):
  File "C:\Users\sherbold\git\atoml\testres\scikittests\test_SVM_Poly_Scikit.py", line 42, in wrap
    raise TestTimeoutException('timeout after %i seconds for test %s' % (duration, func))
test_SVM_Poly_Scikit.TestTimeoutException: 'timeout after 21600 seconds for test <function test_SVM_Poly_Scikit.test_Opposite_CREDITG at 0x000002495C1ACE18>'
]]>			</error>
		</testcase>
		<testcase classname="test_SVM_Poly_Scikit.test_SVM_Poly_Scikit" name="test_Rename_CREDITG" time="21600.048" timestamp="2018-08-15T14:16:51">
			<error message="'timeout after 21600 seconds for test &lt;function test_SVM_Poly_Scikit.test_Rename_CREDITG at 0x000002495C1B8D90&gt;'" type="TestTimeoutException">
<![CDATA[Traceback (most recent call last):
  File "C:\Users\sherbold\git\atoml\testres\scikittests\test_SVM_Poly_Scikit.py", line 42, in wrap
    raise TestTimeoutException('timeout after %i seconds for test %s' % (duration, func))
test_SVM_Poly_Scikit.TestTimeoutException: 'timeout after 21600 seconds for test <function test_SVM_Poly_Scikit.test_Rename_CREDITG at 0x000002495C1B8D90>'
]]>			</error>
		</testcase>
		<testcase classname="test_SVM_Poly_Scikit.test_SVM_Poly_Scikit" name="test_Reorder_CREDITG" time="21600.126" timestamp="2018-08-15T17:40:41">
			<error message="'timeout after 21600 seconds for test &lt;function test_SVM_Poly_Scikit.test_Reorder_CREDITG at 0x000002495C1B3620&gt;'" type="TestTimeoutException">
<![CDATA[Traceback (most recent call last):
  File "C:\Users\sherbold\git\atoml\testres\scikittests\test_SVM_Poly_Scikit.py", line 42, in wrap
    raise TestTimeoutException('timeout after %i seconds for test %s' % (duration, func))
test_SVM_Poly_Scikit.TestTimeoutException: 'timeout after 21600 seconds for test <function test_SVM_Poly_Scikit.test_Reorder_CREDITG at 0x000002495C1B3620>'
]]>			</error>
		</testcase>
		<testcase classname="test_SVM_Poly_Scikit.test_SVM_Poly_Scikit" name="test_Same_CREDITG" time="21600.149" timestamp="2018-08-15T21:09:13">
			<error message="'timeout after 21600 seconds for test &lt;function test_SVM_Poly_Scikit.test_Same_CREDITG at 0x000002495C1B49D8&gt;'" type="TestTimeoutException">
<![CDATA[Traceback (most recent call last):
  File "C:\Users\sherbold\git\atoml\testres\scikittests\test_SVM_Poly_Scikit.py", line 42, in wrap
    raise TestTimeoutException('timeout after %i seconds for test %s' % (duration, func))
test_SVM_Poly_Scikit.TestTimeoutException: 'timeout after 21600 seconds for test <function test_SVM_Poly_Scikit.test_Same_CREDITG at 0x000002495C1B49D8>'
]]>			</error>
		</testcase>
		<testcase classname="test_SVM_Poly_Scikit.test_SVM_Poly_Scikit" name="test_Scramble_CREDITG" time="21600.303" timestamp="2018-08-16T00:40:14">
			<error message="'timeout after 21600 seconds for test &lt;function test_SVM_Poly_Scikit.test_Scramble_CREDITG at 0x000002495C1B1268&gt;'" type="TestTimeoutException">
<![CDATA[Traceback (most recent call last):
  File "C:\Users\sherbold\git\atoml\testres\scikittests\test_SVM_Poly_Scikit.py", line 42, in wrap
    raise TestTimeoutException('timeout after %i seconds for test %s' % (duration, func))
test_SVM_Poly_Scikit.TestTimeoutException: 'timeout after 21600 seconds for test <function test_SVM_Poly_Scikit.test_Scramble_CREDITG at 0x000002495C1B1268>'
]]>			</error>
		</testcase>
		<system-out>
<![CDATA[]]>		</system-out>
		<system-err>
<![CDATA[]]>		</system-err>
	</testsuite>
	<testsuite errors="2" failures="9" name="test_SGD_Default_Scikit-20180827115653" skipped="0" tests="70" time="4818.131" timestamp="2018-08-27T13:17:11">
		<testcase classname="test_SGD_Default_Scikit" name="test_Bias" time="0.070" timestamp="2018-08-27T11:56:53"/>
		<testcase classname="test_SGD_Default_Scikit" name="test_Const_UNBALANCE" time="0.068" timestamp="2018-08-27T11:56:53"/>
		<testcase classname="test_SGD_Default_Scikit" name="test_DisjointCategorical" time="0.097" timestamp="2018-08-27T11:56:53"/>
		<testcase classname="test_SGD_Default_Scikit" name="test_DisjointNumeric" time="0.048" timestamp="2018-08-27T11:56:53"/>
		<testcase classname="test_SGD_Default_Scikit" name="test_LeftSkew" time="0.051" timestamp="2018-08-27T11:56:53"/>
		<testcase classname="test_SGD_Default_Scikit" name="test_ManyCategories" time="4814.106" timestamp="2018-08-27T13:17:07"/>
		<testcase classname="test_SGD_Default_Scikit" name="test_MaxFloat" time="0.062" timestamp="2018-08-27T13:17:08"/>
		<testcase classname="test_SGD_Default_Scikit" name="test_MinDouble" time="0.060" timestamp="2018-08-27T13:17:08"/>
		<testcase classname="test_SGD_Default_Scikit" name="test_MinFloat" time="0.053" timestamp="2018-08-27T13:17:08"/>
		<testcase classname="test_SGD_Default_Scikit" name="test_Opposite_CATEGORICAL" time="0.105" timestamp="2018-08-27T13:17:08"/>
		<testcase classname="test_SGD_Default_Scikit" name="test_Opposite_CREDITG" time="0.137" timestamp="2018-08-27T13:17:08"/>
		<testcase classname="test_SGD_Default_Scikit" name="test_Opposite_IONOSPHERE" time="0.047" timestamp="2018-08-27T13:17:08"/>
		<testcase classname="test_SGD_Default_Scikit" name="test_Opposite_RANDCAT" time="0.091" timestamp="2018-08-27T13:17:08"/>
		<testcase classname="test_SGD_Default_Scikit" name="test_Opposite_RANDNUM" time="0.068" timestamp="2018-08-27T13:17:08"/>
		<testcase classname="test_SGD_Default_Scikit" name="test_Opposite_UNBALANCE" time="0.090" timestamp="2018-08-27T13:17:08"/>
		<testcase classname="test_SGD_Default_Scikit" name="test_Opposite_UNIFORM" time="0.069" timestamp="2018-08-27T13:17:08"/>
		<testcase classname="test_SGD_Default_Scikit" name="test_Opposite_WEATHERNOMINAL" time="0.022" timestamp="2018-08-27T13:17:08"/>
		<testcase classname="test_SGD_Default_Scikit" name="test_Opposite_WEATHERNUMERIC" time="0.018" timestamp="2018-08-27T13:17:08"/>
		<testcase classname="test_SGD_Default_Scikit" name="test_Outlier" time="0.061" timestamp="2018-08-27T13:17:08"/>
		<testcase classname="test_SGD_Default_Scikit" name="test_RandomCategorial" time="0.089" timestamp="2018-08-27T13:17:08"/>
		<testcase classname="test_SGD_Default_Scikit" name="test_RandomNumeric" time="0.055" timestamp="2018-08-27T13:17:09"/>
		<testcase classname="test_SGD_Default_Scikit" name="test_Rename_CATEGORICAL" time="0.087" timestamp="2018-08-27T13:17:09"/>
		<testcase classname="test_SGD_Default_Scikit" name="test_Rename_CREDITG" time="0.117" timestamp="2018-08-27T13:17:09"/>
		<testcase classname="test_SGD_Default_Scikit" name="test_Rename_IONOSPHERE" time="0.041" timestamp="2018-08-27T13:17:09"/>
		<testcase classname="test_SGD_Default_Scikit" name="test_Rename_RANDCAT" time="0.088" timestamp="2018-08-27T13:17:09"/>
		<testcase classname="test_SGD_Default_Scikit" name="test_Rename_RANDNUM" time="0.065" timestamp="2018-08-27T13:17:09"/>
		<testcase classname="test_SGD_Default_Scikit" name="test_Rename_UNBALANCE" time="0.074" timestamp="2018-08-27T13:17:09"/>
		<testcase classname="test_SGD_Default_Scikit" name="test_Rename_UNIFORM" time="0.058" timestamp="2018-08-27T13:17:09"/>
		<testcase classname="test_SGD_Default_Scikit" name="test_Rename_WEATHERNOMINAL" time="0.019" timestamp="2018-08-27T13:17:09"/>
		<testcase classname="test_SGD_Default_Scikit" name="test_Rename_WEATHERNUMERIC" time="0.016" timestamp="2018-08-27T13:17:09"/>
		<testcase classname="test_SGD_Default_Scikit" name="test_Reorder_CATEGORICAL" time="0.075" timestamp="2018-08-27T13:17:09"/>
		<testcase classname="test_SGD_Default_Scikit" name="test_Reorder_CREDITG" time="0.096" timestamp="2018-08-27T13:17:09"/>
		<testcase classname="test_SGD_Default_Scikit" name="test_Reorder_IONOSPHERE" time="0.037" timestamp="2018-08-27T13:17:09"/>
		<testcase classname="test_SGD_Default_Scikit" name="test_Reorder_RANDCAT" time="0.074" timestamp="2018-08-27T13:17:09"/>
		<testcase classname="test_SGD_Default_Scikit" name="test_Reorder_RANDNUM" time="0.051" timestamp="2018-08-27T13:17:09"/>
		<testcase classname="test_SGD_Default_Scikit" name="test_Reorder_UNBALANCE" time="0.066" timestamp="2018-08-27T13:17:09"/>
		<testcase classname="test_SGD_Default_Scikit" name="test_Reorder_UNIFORM" time="0.052" timestamp="2018-08-27T13:17:10"/>
		<testcase classname="test_SGD_Default_Scikit" name="test_Reorder_WEATHERNOMINAL" time="0.020" timestamp="2018-08-27T13:17:10"/>
		<testcase classname="test_SGD_Default_Scikit" name="test_Reorder_WEATHERNUMERIC" time="0.015" timestamp="2018-08-27T13:17:10"/>
		<testcase classname="test_SGD_Default_Scikit" name="test_RightSkew" time="0.051" timestamp="2018-08-27T13:17:10"/>
		<testcase classname="test_SGD_Default_Scikit" name="test_Same_CATEGORICAL" time="0.074" timestamp="2018-08-27T13:17:10"/>
		<testcase classname="test_SGD_Default_Scikit" name="test_Same_CREDITG" time="0.095" timestamp="2018-08-27T13:17:10"/>
		<testcase classname="test_SGD_Default_Scikit" name="test_Same_IONOSPHERE" time="0.037" timestamp="2018-08-27T13:17:10"/>
		<testcase classname="test_SGD_Default_Scikit" name="test_Same_RANDCAT" time="0.073" timestamp="2018-08-27T13:17:10"/>
		<testcase classname="test_SGD_Default_Scikit" name="test_Same_RANDNUM" time="0.051" timestamp="2018-08-27T13:17:10"/>
		<testcase classname="test_SGD_Default_Scikit" name="test_Same_UNBALANCE" time="0.067" timestamp="2018-08-27T13:17:10"/>
		<testcase classname="test_SGD_Default_Scikit" name="test_Same_UNIFORM" time="0.051" timestamp="2018-08-27T13:17:10"/>
		<testcase classname="test_SGD_Default_Scikit" name="test_Same_WEATHERNOMINAL" time="0.019" timestamp="2018-08-27T13:17:10"/>
		<testcase classname="test_SGD_Default_Scikit" name="test_Same_WEATHERNUMERIC" time="0.016" timestamp="2018-08-27T13:17:10"/>
		<testcase classname="test_SGD_Default_Scikit" name="test_Scramble_CATEGORICAL" time="0.075" timestamp="2018-08-27T13:17:10"/>
		<testcase classname="test_SGD_Default_Scikit" name="test_Scramble_RANDCAT" time="0.077" timestamp="2018-08-27T13:17:10"/>
		<testcase classname="test_SGD_Default_Scikit" name="test_Scramble_UNBALANCE" time="0.067" timestamp="2018-08-27T13:17:10"/>
		<testcase classname="test_SGD_Default_Scikit" name="test_Split" time="0.051" timestamp="2018-08-27T13:17:11"/>
		<testcase classname="test_SGD_Default_Scikit" name="test_StarvedBinary" time="0.077" timestamp="2018-08-27T13:17:11"/>
		<testcase classname="test_SGD_Default_Scikit" name="test_StarvedMany" time="0.097" timestamp="2018-08-27T13:17:11"/>
		<testcase classname="test_SGD_Default_Scikit" name="test_Uniform" time="0.049" timestamp="2018-08-27T13:17:11"/>
		<testcase classname="test_SGD_Default_Scikit" name="test_VeryLarge" time="0.053" timestamp="2018-08-27T13:17:11"/>
		<testcase classname="test_SGD_Default_Scikit" name="test_VerySmall" time="0.049" timestamp="2018-08-27T13:17:11"/>
		<testcase classname="test_SGD_Default_Scikit" name="test_Zeroes" time="0.049" timestamp="2018-08-27T13:17:11"/>
		<testcase classname="test_SGD_Default_Scikit" name="test_Const_IONOSPHERE" time="0.043" timestamp="2018-08-27T11:56:53">
			<failure message="False is not true" type="AssertionError">
<![CDATA[Traceback (most recent call last):
  File ".\test_SGD_Default_Scikit.py", line 44, in wrap
    raise it.exception
  File ".\test_SGD_Default_Scikit.py", line 32, in run
    self.result = func(*self.args, **self.kwargs)
  File ".\test_SGD_Default_Scikit.py", line 151, in test_Const_IONOSPHERE
    self.assertTrue((prediction_original==prediction_morph).all())
AssertionError: False is not true
]]>			</failure>
		</testcase>
		<testcase classname="test_SGD_Default_Scikit" name="test_Const_RANDNUM" time="0.023" timestamp="2018-08-27T11:56:53">
			<failure message="False is not true" type="AssertionError">
<![CDATA[Traceback (most recent call last):
  File ".\test_SGD_Default_Scikit.py", line 44, in wrap
    raise it.exception
  File ".\test_SGD_Default_Scikit.py", line 32, in run
    self.result = func(*self.args, **self.kwargs)
  File ".\test_SGD_Default_Scikit.py", line 83, in test_Const_RANDNUM
    self.assertTrue((prediction_original==prediction_morph).all())
AssertionError: False is not true
]]>			</failure>
		</testcase>
		<testcase classname="test_SGD_Default_Scikit" name="test_Const_UNIFORM" time="0.012" timestamp="2018-08-27T11:56:53">
			<failure message="False is not true" type="AssertionError">
<![CDATA[Traceback (most recent call last):
  File ".\test_SGD_Default_Scikit.py", line 44, in wrap
    raise it.exception
  File ".\test_SGD_Default_Scikit.py", line 32, in run
    self.result = func(*self.args, **self.kwargs)
  File ".\test_SGD_Default_Scikit.py", line 117, in test_Const_UNIFORM
    self.assertTrue((prediction_original==prediction_morph).all())
AssertionError: False is not true
]]>			</failure>
		</testcase>
		<testcase classname="test_SGD_Default_Scikit" name="test_Scramble_CREDITG" time="0.096" timestamp="2018-08-27T13:17:10">
			<failure message="False is not true" type="AssertionError">
<![CDATA[Traceback (most recent call last):
  File ".\test_SGD_Default_Scikit.py", line 44, in wrap
    raise it.exception
  File ".\test_SGD_Default_Scikit.py", line 32, in run
    self.result = func(*self.args, **self.kwargs)
  File ".\test_SGD_Default_Scikit.py", line 661, in test_Scramble_CREDITG
    self.assertTrue((prediction_original==prediction_morph).all())
AssertionError: False is not true
]]>			</failure>
		</testcase>
		<testcase classname="test_SGD_Default_Scikit" name="test_Scramble_IONOSPHERE" time="0.035" timestamp="2018-08-27T13:17:10">
			<failure message="False is not true" type="AssertionError">
<![CDATA[Traceback (most recent call last):
  File ".\test_SGD_Default_Scikit.py", line 44, in wrap
    raise it.exception
  File ".\test_SGD_Default_Scikit.py", line 32, in run
    self.result = func(*self.args, **self.kwargs)
  File ".\test_SGD_Default_Scikit.py", line 695, in test_Scramble_IONOSPHERE
    self.assertTrue((prediction_original==prediction_morph).all())
AssertionError: False is not true
]]>			</failure>
		</testcase>
		<testcase classname="test_SGD_Default_Scikit" name="test_Scramble_RANDNUM" time="0.011" timestamp="2018-08-27T13:17:10">
			<failure message="False is not true" type="AssertionError">
<![CDATA[Traceback (most recent call last):
  File ".\test_SGD_Default_Scikit.py", line 44, in wrap
    raise it.exception
  File ".\test_SGD_Default_Scikit.py", line 32, in run
    self.result = func(*self.args, **self.kwargs)
  File ".\test_SGD_Default_Scikit.py", line 525, in test_Scramble_RANDNUM
    self.assertTrue((prediction_original==prediction_morph).all())
AssertionError: False is not true
]]>			</failure>
		</testcase>
		<testcase classname="test_SGD_Default_Scikit" name="test_Scramble_UNIFORM" time="0.011" timestamp="2018-08-27T13:17:10">
			<failure message="False is not true" type="AssertionError">
<![CDATA[Traceback (most recent call last):
  File ".\test_SGD_Default_Scikit.py", line 44, in wrap
    raise it.exception
  File ".\test_SGD_Default_Scikit.py", line 32, in run
    self.result = func(*self.args, **self.kwargs)
  File ".\test_SGD_Default_Scikit.py", line 559, in test_Scramble_UNIFORM
    self.assertTrue((prediction_original==prediction_morph).all())
AssertionError: False is not true
]]>			</failure>
		</testcase>
		<testcase classname="test_SGD_Default_Scikit" name="test_Scramble_WEATHERNOMINAL" time="0.019" timestamp="2018-08-27T13:17:10">
			<failure message="False is not true" type="AssertionError">
<![CDATA[Traceback (most recent call last):
  File ".\test_SGD_Default_Scikit.py", line 44, in wrap
    raise it.exception
  File ".\test_SGD_Default_Scikit.py", line 32, in run
    self.result = func(*self.args, **self.kwargs)
  File ".\test_SGD_Default_Scikit.py", line 763, in test_Scramble_WEATHERNOMINAL
    self.assertTrue((prediction_original==prediction_morph).all())
AssertionError: False is not true
]]>			</failure>
		</testcase>
		<testcase classname="test_SGD_Default_Scikit" name="test_Scramble_WEATHERNUMERIC" time="0.016" timestamp="2018-08-27T13:17:11">
			<failure message="False is not true" type="AssertionError">
<![CDATA[Traceback (most recent call last):
  File ".\test_SGD_Default_Scikit.py", line 44, in wrap
    raise it.exception
  File ".\test_SGD_Default_Scikit.py", line 32, in run
    self.result = func(*self.args, **self.kwargs)
  File ".\test_SGD_Default_Scikit.py", line 797, in test_Scramble_WEATHERNUMERIC
    self.assertTrue((prediction_original==prediction_morph).all())
AssertionError: False is not true
]]>			</failure>
		</testcase>
		<testcase classname="test_SGD_Default_Scikit" name="test_MaxDouble" time="0.157" timestamp="2018-08-27T13:17:07">
			<error message="Floating-point under-/overflow occurred at epoch #1. Scaling input data with StandardScaler or MinMaxScaler might help." type="ValueError">
<![CDATA[Traceback (most recent call last):
  File ".\test_SGD_Default_Scikit.py", line 44, in wrap
    raise it.exception
  File ".\test_SGD_Default_Scikit.py", line 32, in run
    self.result = func(*self.args, **self.kwargs)
  File ".\test_SGD_Default_Scikit.py", line 1882, in test_MaxDouble
    classifier.fit(np.delete(data_df.values, classIndex, axis=1),data_df.values[:,classIndex])
  File "C:\Program Files\Python35\lib\site-packages\sklearn\linear_model\stochastic_gradient.py", line 586, in fit
    sample_weight=sample_weight)
  File "C:\Program Files\Python35\lib\site-packages\sklearn\linear_model\stochastic_gradient.py", line 444, in _fit
    classes, sample_weight, coef_init, intercept_init)
  File "C:\Program Files\Python35\lib\site-packages\sklearn\linear_model\stochastic_gradient.py", line 405, in _partial_fit
    max_iter=max_iter)
  File "C:\Program Files\Python35\lib\site-packages\sklearn\linear_model\stochastic_gradient.py", line 461, in _fit_binary
    sample_weight)
  File "C:\Program Files\Python35\lib\site-packages\sklearn\linear_model\stochastic_gradient.py", line 299, in fit_binary
    est.power_t, est.t_, intercept_decay)
  File "sklearn\linear_model\sgd_fast.pyx", line 410, in sklearn.linear_model.sgd_fast.plain_sgd
  File "sklearn\linear_model\sgd_fast.pyx", line 715, in sklearn.linear_model.sgd_fast._plain_sgd
ValueError: Floating-point under-/overflow occurred at epoch #1. Scaling input data with StandardScaler or MinMaxScaler might help.
]]>			</error>
		</testcase>
		<testcase classname="test_SGD_Default_Scikit" name="test_OneClass" time="0.014" timestamp="2018-08-27T13:17:08">
			<error message="The number of class labels must be greater than one." type="ValueError">
<![CDATA[Traceback (most recent call last):
  File ".\test_SGD_Default_Scikit.py", line 44, in wrap
    raise it.exception
  File ".\test_SGD_Default_Scikit.py", line 32, in run
    self.result = func(*self.args, **self.kwargs)
  File ".\test_SGD_Default_Scikit.py", line 1978, in test_OneClass
    classifier.fit(np.delete(data_df.values, classIndex, axis=1),data_df.values[:,classIndex])
  File "C:\Program Files\Python35\lib\site-packages\sklearn\linear_model\stochastic_gradient.py", line 586, in fit
    sample_weight=sample_weight)
  File "C:\Program Files\Python35\lib\site-packages\sklearn\linear_model\stochastic_gradient.py", line 444, in _fit
    classes, sample_weight, coef_init, intercept_init)
  File "C:\Program Files\Python35\lib\site-packages\sklearn\linear_model\stochastic_gradient.py", line 407, in _partial_fit
    raise ValueError("The number of class labels must be "
ValueError: The number of class labels must be greater than one.
]]>			</error>
		</testcase>
		<system-out>
<![CDATA[]]>		</system-out>
		<system-err>
<![CDATA[C:\Program Files\Python35\lib\site-packages\sklearn\linear_model\stochastic_gradient.py:128: FutureWarning: max_iter and tol parameters have been added in <class 'sklearn.linear_model.stochastic_gradient.SGDClassifier'> in 0.19. If both are left unset, they default to max_iter=5 and tol=None. If tol is not None, max_iter defaults to max_iter=1000. From 0.21, default max_iter will be 1000, and default tol will be 1e-3.
  "and default tol will be 1e-3." % type(self), FutureWarning)
C:\Program Files\Python35\lib\site-packages\numpy\core\_methods.py:36: RuntimeWarning: overflow encountered in reduce
  return umr_sum(a, axis, dtype, out, keepdims, initial)
]]>		</system-err>
	</testsuite>
	<testsuite errors="7" failures="0" name="test_LinearDiscriminantAnalysis_Default_Scikit-20180827132345" skipped="0" tests="70" time="931.227" timestamp="2018-08-27T13:39:17">
		<testcase classname="test_LinearDiscriminantAnalysis_Default_Scikit" name="test_Bias" time="0.065" timestamp="2018-08-27T13:23:45"/>
		<testcase classname="test_LinearDiscriminantAnalysis_Default_Scikit" name="test_Const_IONOSPHERE" time="0.053" timestamp="2018-08-27T13:23:45"/>
		<testcase classname="test_LinearDiscriminantAnalysis_Default_Scikit" name="test_Const_RANDNUM" time="0.080" timestamp="2018-08-27T13:23:46"/>
		<testcase classname="test_LinearDiscriminantAnalysis_Default_Scikit" name="test_Const_UNBALANCE" time="0.083" timestamp="2018-08-27T13:23:46"/>
		<testcase classname="test_LinearDiscriminantAnalysis_Default_Scikit" name="test_Const_UNIFORM" time="0.057" timestamp="2018-08-27T13:23:46"/>
		<testcase classname="test_LinearDiscriminantAnalysis_Default_Scikit" name="test_DisjointCategorical" time="0.096" timestamp="2018-08-27T13:23:46"/>
		<testcase classname="test_LinearDiscriminantAnalysis_Default_Scikit" name="test_DisjointNumeric" time="0.069" timestamp="2018-08-27T13:23:46"/>
		<testcase classname="test_LinearDiscriminantAnalysis_Default_Scikit" name="test_LeftSkew" time="0.058" timestamp="2018-08-27T13:23:46"/>
		<testcase classname="test_LinearDiscriminantAnalysis_Default_Scikit" name="test_MaxFloat" time="0.317" timestamp="2018-08-27T13:39:12"/>
		<testcase classname="test_LinearDiscriminantAnalysis_Default_Scikit" name="test_MinFloat" time="0.083" timestamp="2018-08-27T13:39:12"/>
		<testcase classname="test_LinearDiscriminantAnalysis_Default_Scikit" name="test_OneClass" time="0.080" timestamp="2018-08-27T13:39:12"/>
		<testcase classname="test_LinearDiscriminantAnalysis_Default_Scikit" name="test_Opposite_CATEGORICAL" time="0.153" timestamp="2018-08-27T13:39:12"/>
		<testcase classname="test_LinearDiscriminantAnalysis_Default_Scikit" name="test_Opposite_CREDITG" time="0.235" timestamp="2018-08-27T13:39:12"/>
		<testcase classname="test_LinearDiscriminantAnalysis_Default_Scikit" name="test_Opposite_IONOSPHERE" time="0.068" timestamp="2018-08-27T13:39:12"/>
		<testcase classname="test_LinearDiscriminantAnalysis_Default_Scikit" name="test_Opposite_RANDCAT" time="0.125" timestamp="2018-08-27T13:39:12"/>
		<testcase classname="test_LinearDiscriminantAnalysis_Default_Scikit" name="test_Opposite_RANDNUM" time="0.092" timestamp="2018-08-27T13:39:12"/>
		<testcase classname="test_LinearDiscriminantAnalysis_Default_Scikit" name="test_Opposite_UNBALANCE" time="0.114" timestamp="2018-08-27T13:39:13"/>
		<testcase classname="test_LinearDiscriminantAnalysis_Default_Scikit" name="test_Opposite_UNIFORM" time="0.093" timestamp="2018-08-27T13:39:13"/>
		<testcase classname="test_LinearDiscriminantAnalysis_Default_Scikit" name="test_Opposite_WEATHERNOMINAL" time="0.032" timestamp="2018-08-27T13:39:13"/>
		<testcase classname="test_LinearDiscriminantAnalysis_Default_Scikit" name="test_Opposite_WEATHERNUMERIC" time="0.027" timestamp="2018-08-27T13:39:13"/>
		<testcase classname="test_LinearDiscriminantAnalysis_Default_Scikit" name="test_Outlier" time="0.084" timestamp="2018-08-27T13:39:13"/>
		<testcase classname="test_LinearDiscriminantAnalysis_Default_Scikit" name="test_RandomCategorial" time="0.134" timestamp="2018-08-27T13:39:13"/>
		<testcase classname="test_LinearDiscriminantAnalysis_Default_Scikit" name="test_RandomNumeric" time="0.081" timestamp="2018-08-27T13:39:13"/>
		<testcase classname="test_LinearDiscriminantAnalysis_Default_Scikit" name="test_Rename_CATEGORICAL" time="0.122" timestamp="2018-08-27T13:39:13"/>
		<testcase classname="test_LinearDiscriminantAnalysis_Default_Scikit" name="test_Rename_CREDITG" time="0.155" timestamp="2018-08-27T13:39:13"/>
		<testcase classname="test_LinearDiscriminantAnalysis_Default_Scikit" name="test_Rename_IONOSPHERE" time="0.056" timestamp="2018-08-27T13:39:13"/>
		<testcase classname="test_LinearDiscriminantAnalysis_Default_Scikit" name="test_Rename_RANDCAT" time="0.092" timestamp="2018-08-27T13:39:13"/>
		<testcase classname="test_LinearDiscriminantAnalysis_Default_Scikit" name="test_Rename_RANDNUM" time="0.082" timestamp="2018-08-27T13:39:14"/>
		<testcase classname="test_LinearDiscriminantAnalysis_Default_Scikit" name="test_Rename_UNBALANCE" time="0.098" timestamp="2018-08-27T13:39:14"/>
		<testcase classname="test_LinearDiscriminantAnalysis_Default_Scikit" name="test_Rename_UNIFORM" time="0.075" timestamp="2018-08-27T13:39:14"/>
		<testcase classname="test_LinearDiscriminantAnalysis_Default_Scikit" name="test_Rename_WEATHERNOMINAL" time="0.021" timestamp="2018-08-27T13:39:14"/>
		<testcase classname="test_LinearDiscriminantAnalysis_Default_Scikit" name="test_Rename_WEATHERNUMERIC" time="0.023" timestamp="2018-08-27T13:39:14"/>
		<testcase classname="test_LinearDiscriminantAnalysis_Default_Scikit" name="test_Reorder_CATEGORICAL" time="0.094" timestamp="2018-08-27T13:39:14"/>
		<testcase classname="test_LinearDiscriminantAnalysis_Default_Scikit" name="test_Reorder_CREDITG" time="0.139" timestamp="2018-08-27T13:39:14"/>
		<testcase classname="test_LinearDiscriminantAnalysis_Default_Scikit" name="test_Reorder_IONOSPHERE" time="0.050" timestamp="2018-08-27T13:39:14"/>
		<testcase classname="test_LinearDiscriminantAnalysis_Default_Scikit" name="test_Reorder_RANDCAT" time="0.096" timestamp="2018-08-27T13:39:14"/>
		<testcase classname="test_LinearDiscriminantAnalysis_Default_Scikit" name="test_Reorder_RANDNUM" time="0.071" timestamp="2018-08-27T13:39:14"/>
		<testcase classname="test_LinearDiscriminantAnalysis_Default_Scikit" name="test_Reorder_UNBALANCE" time="0.100" timestamp="2018-08-27T13:39:14"/>
		<testcase classname="test_LinearDiscriminantAnalysis_Default_Scikit" name="test_Reorder_UNIFORM" time="0.072" timestamp="2018-08-27T13:39:14"/>
		<testcase classname="test_LinearDiscriminantAnalysis_Default_Scikit" name="test_Reorder_WEATHERNOMINAL" time="0.027" timestamp="2018-08-27T13:39:14"/>
		<testcase classname="test_LinearDiscriminantAnalysis_Default_Scikit" name="test_Reorder_WEATHERNUMERIC" time="0.023" timestamp="2018-08-27T13:39:14"/>
		<testcase classname="test_LinearDiscriminantAnalysis_Default_Scikit" name="test_RightSkew" time="0.063" timestamp="2018-08-27T13:39:15"/>
		<testcase classname="test_LinearDiscriminantAnalysis_Default_Scikit" name="test_Same_CATEGORICAL" time="0.105" timestamp="2018-08-27T13:39:15"/>
		<testcase classname="test_LinearDiscriminantAnalysis_Default_Scikit" name="test_Same_CREDITG" time="0.164" timestamp="2018-08-27T13:39:15"/>
		<testcase classname="test_LinearDiscriminantAnalysis_Default_Scikit" name="test_Same_IONOSPHERE" time="0.053" timestamp="2018-08-27T13:39:15"/>
		<testcase classname="test_LinearDiscriminantAnalysis_Default_Scikit" name="test_Same_RANDCAT" time="0.103" timestamp="2018-08-27T13:39:15"/>
		<testcase classname="test_LinearDiscriminantAnalysis_Default_Scikit" name="test_Same_RANDNUM" time="0.067" timestamp="2018-08-27T13:39:15"/>
		<testcase classname="test_LinearDiscriminantAnalysis_Default_Scikit" name="test_Same_UNBALANCE" time="0.092" timestamp="2018-08-27T13:39:15"/>
		<testcase classname="test_LinearDiscriminantAnalysis_Default_Scikit" name="test_Same_UNIFORM" time="0.068" timestamp="2018-08-27T13:39:15"/>
		<testcase classname="test_LinearDiscriminantAnalysis_Default_Scikit" name="test_Same_WEATHERNOMINAL" time="0.022" timestamp="2018-08-27T13:39:15"/>
		<testcase classname="test_LinearDiscriminantAnalysis_Default_Scikit" name="test_Same_WEATHERNUMERIC" time="0.023" timestamp="2018-08-27T13:39:15"/>
		<testcase classname="test_LinearDiscriminantAnalysis_Default_Scikit" name="test_Scramble_CATEGORICAL" time="0.097" timestamp="2018-08-27T13:39:15"/>
		<testcase classname="test_LinearDiscriminantAnalysis_Default_Scikit" name="test_Scramble_CREDITG" time="0.154" timestamp="2018-08-27T13:39:15"/>
		<testcase classname="test_LinearDiscriminantAnalysis_Default_Scikit" name="test_Scramble_IONOSPHERE" time="0.061" timestamp="2018-08-27T13:39:16"/>
		<testcase classname="test_LinearDiscriminantAnalysis_Default_Scikit" name="test_Scramble_RANDCAT" time="0.135" timestamp="2018-08-27T13:39:16"/>
		<testcase classname="test_LinearDiscriminantAnalysis_Default_Scikit" name="test_Scramble_RANDNUM" time="0.102" timestamp="2018-08-27T13:39:16"/>
		<testcase classname="test_LinearDiscriminantAnalysis_Default_Scikit" name="test_Scramble_UNBALANCE" time="0.130" timestamp="2018-08-27T13:39:16"/>
		<testcase classname="test_LinearDiscriminantAnalysis_Default_Scikit" name="test_Scramble_UNIFORM" time="0.095" timestamp="2018-08-27T13:39:16"/>
		<testcase classname="test_LinearDiscriminantAnalysis_Default_Scikit" name="test_Scramble_WEATHERNOMINAL" time="0.033" timestamp="2018-08-27T13:39:16"/>
		<testcase classname="test_LinearDiscriminantAnalysis_Default_Scikit" name="test_Scramble_WEATHERNUMERIC" time="0.027" timestamp="2018-08-27T13:39:16"/>
		<testcase classname="test_LinearDiscriminantAnalysis_Default_Scikit" name="test_StarvedMany" time="0.152" timestamp="2018-08-27T13:39:16"/>
		<testcase classname="test_LinearDiscriminantAnalysis_Default_Scikit" name="test_Uniform" time="0.086" timestamp="2018-08-27T13:39:16"/>
		<testcase classname="test_LinearDiscriminantAnalysis_Default_Scikit" name="test_VeryLarge" time="0.109" timestamp="2018-08-27T13:39:17"/>
		<testcase classname="test_LinearDiscriminantAnalysis_Default_Scikit" name="test_ManyCategories" time="924.914" timestamp="2018-08-27T13:39:11">
			<error message="" type="MemoryError">
<![CDATA[Traceback (most recent call last):
  File ".\test_LinearDiscriminantAnalysis_Default_Scikit.py", line 44, in wrap
    raise it.exception
  File ".\test_LinearDiscriminantAnalysis_Default_Scikit.py", line 32, in run
    self.result = func(*self.args, **self.kwargs)
  File ".\test_LinearDiscriminantAnalysis_Default_Scikit.py", line 2170, in test_ManyCategories
    classifier.fit(np.delete(data_df.values, classIndex, axis=1),data_df.values[:,classIndex])
  File "C:\Program Files\Python35\lib\site-packages\sklearn\discriminant_analysis.py", line 455, in fit
    self._solve_svd(X, y)
  File "C:\Program Files\Python35\lib\site-packages\sklearn\discriminant_analysis.py", line 373, in _solve_svd
    Xc = np.concatenate(Xc, axis=0)
MemoryError
]]>			</error>
		</testcase>
		<testcase classname="test_LinearDiscriminantAnalysis_Default_Scikit" name="test_MaxDouble" time="0.518" timestamp="2018-08-27T13:39:11">
			<error message="array must not contain infs or NaNs" type="ValueError">
<![CDATA[Traceback (most recent call last):
  File ".\test_LinearDiscriminantAnalysis_Default_Scikit.py", line 44, in wrap
    raise it.exception
  File ".\test_LinearDiscriminantAnalysis_Default_Scikit.py", line 32, in run
    self.result = func(*self.args, **self.kwargs)
  File ".\test_LinearDiscriminantAnalysis_Default_Scikit.py", line 1882, in test_MaxDouble
    classifier.fit(np.delete(data_df.values, classIndex, axis=1),data_df.values[:,classIndex])
  File "C:\Program Files\Python35\lib\site-packages\sklearn\discriminant_analysis.py", line 455, in fit
    self._solve_svd(X, y)
  File "C:\Program Files\Python35\lib\site-packages\sklearn\discriminant_analysis.py", line 384, in _solve_svd
    U, S, V = linalg.svd(X, full_matrices=False)
  File "C:\Program Files\Python35\lib\site-packages\scipy\linalg\decomp_svd.py", line 109, in svd
    a1 = _asarray_validated(a, check_finite=check_finite)
  File "C:\Program Files\Python35\lib\site-packages\scipy\_lib\_util.py", line 238, in _asarray_validated
    a = toarray(a)
  File "C:\Program Files\Python35\lib\site-packages\numpy\lib\function_base.py", line 461, in asarray_chkfinite
    "array must not contain infs or NaNs")
ValueError: array must not contain infs or NaNs
]]>			</error>
		</testcase>
		<testcase classname="test_LinearDiscriminantAnalysis_Default_Scikit" name="test_MinDouble" time="0.025" timestamp="2018-08-27T13:39:12">
			<error message="Internal work array size computation failed: -10" type="ValueError">
<![CDATA[Traceback (most recent call last):
  File ".\test_LinearDiscriminantAnalysis_Default_Scikit.py", line 44, in wrap
    raise it.exception
  File ".\test_LinearDiscriminantAnalysis_Default_Scikit.py", line 32, in run
    self.result = func(*self.args, **self.kwargs)
  File ".\test_LinearDiscriminantAnalysis_Default_Scikit.py", line 1810, in test_MinDouble
    classifier.fit(np.delete(data_df.values, classIndex, axis=1),data_df.values[:,classIndex])
  File "C:\Program Files\Python35\lib\site-packages\sklearn\discriminant_analysis.py", line 455, in fit
    self._solve_svd(X, y)
  File "C:\Program Files\Python35\lib\site-packages\sklearn\discriminant_analysis.py", line 399, in _solve_svd
    _, S, V = linalg.svd(X, full_matrices=0)
  File "C:\Program Files\Python35\lib\site-packages\scipy\linalg\decomp_svd.py", line 125, in svd
    compute_uv=compute_uv, full_matrices=full_matrices)
  File "C:\Program Files\Python35\lib\site-packages\scipy\linalg\lapack.py", line 593, in _compute_lwork
    "%d" % (info,))
ValueError: Internal work array size computation failed: -10
]]>			</error>
		</testcase>
		<testcase classname="test_LinearDiscriminantAnalysis_Default_Scikit" name="test_Split" time="0.078" timestamp="2018-08-27T13:39:16">
			<error message="Internal work array size computation failed: -10" type="ValueError">
<![CDATA[Traceback (most recent call last):
  File ".\test_LinearDiscriminantAnalysis_Default_Scikit.py", line 44, in wrap
    raise it.exception
  File ".\test_LinearDiscriminantAnalysis_Default_Scikit.py", line 32, in run
    self.result = func(*self.args, **self.kwargs)
  File ".\test_LinearDiscriminantAnalysis_Default_Scikit.py", line 1906, in test_Split
    classifier.fit(np.delete(data_df.values, classIndex, axis=1),data_df.values[:,classIndex])
  File "C:\Program Files\Python35\lib\site-packages\sklearn\discriminant_analysis.py", line 455, in fit
    self._solve_svd(X, y)
  File "C:\Program Files\Python35\lib\site-packages\sklearn\discriminant_analysis.py", line 399, in _solve_svd
    _, S, V = linalg.svd(X, full_matrices=0)
  File "C:\Program Files\Python35\lib\site-packages\scipy\linalg\decomp_svd.py", line 125, in svd
    compute_uv=compute_uv, full_matrices=full_matrices)
  File "C:\Program Files\Python35\lib\site-packages\scipy\linalg\lapack.py", line 593, in _compute_lwork
    "%d" % (info,))
ValueError: Internal work array size computation failed: -10
]]>			</error>
		</testcase>
		<testcase classname="test_LinearDiscriminantAnalysis_Default_Scikit" name="test_StarvedBinary" time="0.036" timestamp="2018-08-27T13:39:16">
			<error message="Internal work array size computation failed: -10" type="ValueError">
<![CDATA[Traceback (most recent call last):
  File ".\test_LinearDiscriminantAnalysis_Default_Scikit.py", line 44, in wrap
    raise it.exception
  File ".\test_LinearDiscriminantAnalysis_Default_Scikit.py", line 32, in run
    self.result = func(*self.args, **self.kwargs)
  File ".\test_LinearDiscriminantAnalysis_Default_Scikit.py", line 2218, in test_StarvedBinary
    classifier.fit(np.delete(data_df.values, classIndex, axis=1),data_df.values[:,classIndex])
  File "C:\Program Files\Python35\lib\site-packages\sklearn\discriminant_analysis.py", line 455, in fit
    self._solve_svd(X, y)
  File "C:\Program Files\Python35\lib\site-packages\sklearn\discriminant_analysis.py", line 399, in _solve_svd
    _, S, V = linalg.svd(X, full_matrices=0)
  File "C:\Program Files\Python35\lib\site-packages\scipy\linalg\decomp_svd.py", line 125, in svd
    compute_uv=compute_uv, full_matrices=full_matrices)
  File "C:\Program Files\Python35\lib\site-packages\scipy\linalg\lapack.py", line 593, in _compute_lwork
    "%d" % (info,))
ValueError: Internal work array size computation failed: -10
]]>			</error>
		</testcase>
		<testcase classname="test_LinearDiscriminantAnalysis_Default_Scikit" name="test_VerySmall" time="0.022" timestamp="2018-08-27T13:39:17">
			<error message="Internal work array size computation failed: -10" type="ValueError">
<![CDATA[Traceback (most recent call last):
  File ".\test_LinearDiscriminantAnalysis_Default_Scikit.py", line 44, in wrap
    raise it.exception
  File ".\test_LinearDiscriminantAnalysis_Default_Scikit.py", line 32, in run
    self.result = func(*self.args, **self.kwargs)
  File ".\test_LinearDiscriminantAnalysis_Default_Scikit.py", line 1786, in test_VerySmall
    classifier.fit(np.delete(data_df.values, classIndex, axis=1),data_df.values[:,classIndex])
  File "C:\Program Files\Python35\lib\site-packages\sklearn\discriminant_analysis.py", line 455, in fit
    self._solve_svd(X, y)
  File "C:\Program Files\Python35\lib\site-packages\sklearn\discriminant_analysis.py", line 399, in _solve_svd
    _, S, V = linalg.svd(X, full_matrices=0)
  File "C:\Program Files\Python35\lib\site-packages\scipy\linalg\decomp_svd.py", line 125, in svd
    compute_uv=compute_uv, full_matrices=full_matrices)
  File "C:\Program Files\Python35\lib\site-packages\scipy\linalg\lapack.py", line 593, in _compute_lwork
    "%d" % (info,))
ValueError: Internal work array size computation failed: -10
]]>			</error>
		</testcase>
		<testcase classname="test_LinearDiscriminantAnalysis_Default_Scikit" name="test_Zeroes" time="0.022" timestamp="2018-08-27T13:39:17">
			<error message="Internal work array size computation failed: -10" type="ValueError">
<![CDATA[Traceback (most recent call last):
  File ".\test_LinearDiscriminantAnalysis_Default_Scikit.py", line 44, in wrap
    raise it.exception
  File ".\test_LinearDiscriminantAnalysis_Default_Scikit.py", line 32, in run
    self.result = func(*self.args, **self.kwargs)
  File ".\test_LinearDiscriminantAnalysis_Default_Scikit.py", line 2050, in test_Zeroes
    classifier.fit(np.delete(data_df.values, classIndex, axis=1),data_df.values[:,classIndex])
  File "C:\Program Files\Python35\lib\site-packages\sklearn\discriminant_analysis.py", line 455, in fit
    self._solve_svd(X, y)
  File "C:\Program Files\Python35\lib\site-packages\sklearn\discriminant_analysis.py", line 399, in _solve_svd
    _, S, V = linalg.svd(X, full_matrices=0)
  File "C:\Program Files\Python35\lib\site-packages\scipy\linalg\decomp_svd.py", line 125, in svd
    compute_uv=compute_uv, full_matrices=full_matrices)
  File "C:\Program Files\Python35\lib\site-packages\scipy\linalg\lapack.py", line 593, in _compute_lwork
    "%d" % (info,))
ValueError: Internal work array size computation failed: -10
]]>			</error>
		</testcase>
		<system-out>
<![CDATA[]]>		</system-out>
		<system-err>
<![CDATA[C:\Program Files\Python35\lib\site-packages\sklearn\discriminant_analysis.py:388: UserWarning: Variables are collinear.
  warnings.warn("Variables are collinear.")
C:\Program Files\Python35\lib\site-packages\sklearn\discriminant_analysis.py:402: RuntimeWarning: invalid value encountered in true_divide
  S**2))[:self._max_components]
C:\Program Files\Python35\lib\site-packages\numpy\core\_methods.py:36: RuntimeWarning: overflow encountered in reduce
  return umr_sum(a, axis, dtype, out, keepdims, initial)
C:\Program Files\Python35\lib\site-packages\numpy\core\_methods.py:75: RuntimeWarning: overflow encountered in reduce
  ret = umr_sum(arr, axis, dtype, out, keepdims)
C:\Program Files\Python35\lib\site-packages\numpy\core\_methods.py:117: RuntimeWarning: invalid value encountered in subtract
  x = asanyarray(arr - arrmean)
]]>		</system-err>
	</testsuite>
</testsuites>
